#
# A fatal error has been detected by the Java Runtime Environment:
#
#  EXCEPTION_ACCESS_VIOLATION (0xc0000005) at pc=0x000001e3ec0bf84d, pid=1772, tid=5372
#
# JRE version: OpenJDK Runtime Environment (11.0.15) (build 11.0.15+0-b2043.56-9505619)
# Java VM: OpenJDK 64-Bit Server VM (11.0.15+0-b2043.56-9505619, mixed mode, tiered, compressed oops, g1 gc, windows-amd64)
# Problematic frame:
# J 8082 c1 jdk.internal.reflect.ClassFileAssembler.opc_aload_1()V java.base@11.0.15 (24 bytes) @ 0x000001e3ec0bf84d [0x000001e3ec0bf7e0+0x000000000000006d]
#
# No core dump will be written. Minidumps are not enabled by default on client versions of Windows
#
# If you would like to submit a bug report, please visit:
#   https://bugreport.java.com/bugreport/crash.jsp
#

---------------  S U M M A R Y ------------

Command Line: --add-opens=java.base/java.util=ALL-UNNAMED --add-opens=java.base/java.lang=ALL-UNNAMED --add-opens=java.base/java.lang.invoke=ALL-UNNAMED --add-opens=java.base/java.util=ALL-UNNAMED --add-opens=java.prefs/java.util.prefs=ALL-UNNAMED --add-opens=java.prefs/java.util.prefs=ALL-UNNAMED --add-opens=java.base/java.nio.charset=ALL-UNNAMED --add-opens=java.base/java.net=ALL-UNNAMED --add-opens=java.base/java.util.concurrent.atomic=ALL-UNNAMED -Xmx2048m -Dfile.encoding=UTF-8 -Duser.country=RU -Duser.language=ru -Duser.variant org.gradle.launcher.daemon.bootstrap.GradleDaemon 7.5

Host: Intel(R) Core(TM) i5-3550 CPU @ 3.30GHz, 4 cores, 15G,  Windows 10 , 64 bit Build 19041 (10.0.19041.2364)
Time: Fri Feb  3 09:40:03 2023 RTZ 2 (s 10 , 64 bit Build 19041 (10.0.19041.2364) elapsed time: 19.010105 seconds (0d 0h 0m 19s)

---------------  T H R E A D  ---------------

Current thread (0x000001e382d40800):  JavaThread "Daemon worker" [_thread_in_Java, id=5372, stack(0x0000007208d00000,0x0000007208e00000)]

Stack: [0x0000007208d00000,0x0000007208e00000],  sp=0x0000007208df6bd0,  free space=986k
Native frames: (J=compiled Java code, j=interpreted, Vv=VM code, C=native code)
C  0x000001e3ec0bf84d


siginfo: EXCEPTION_ACCESS_VIOLATION (0xc0000005), reading address 0xffffffffffffffff


Register to memory mapping:

RIP=0x000001e3ec0bf84d is at entry_point+109 in (nmethod*)0x000001e3ec0bf610
RAX={method} {0x000001e385bc00b0} 'opc_aload_1' '()V' in 'jdk/internal/reflect/ClassFileAssembler'
RBX={method} {0x000001e385bc00b0} 'opc_aload_1' '()V' in 'jdk/internal/reflect/ClassFileAssembler'
RCX=0x000000008c8809b0 is an oop: jdk.internal.reflect.ClassFileAssembler 
{0x000000008c8809b0} - klass: 'jdk/internal/reflect/ClassFileAssembler'
RDX=0x000000008c8809b0 is an oop: jdk.internal.reflect.ClassFileAssembler 
{0x000000008c8809b0} - klass: 'jdk/internal/reflect/ClassFileAssembler'
RSP=0x0000007208df6bd0 is pointing into the stack for thread: 0x000001e382d40800
RBP=0x0000007208df6c98 is pointing into the stack for thread: 0x000001e382d40800
RSI=0x000101e38c8dd918 is an unknown value
RDI=0x0000000000000150 is an unknown value
R8 =0x000000008c8809b0 is an oop: jdk.internal.reflect.ClassFileAssembler 
{0x000000008c8809b0} - klass: 'jdk/internal/reflect/ClassFileAssembler'
R9 =0x0000000000000006 is an unknown value
R10=0x000000010018dda8 is a pointer to class: 
jdk.internal.reflect.ClassFileAssembler {0x000000010018ddb0}
R11=0x000001e3ec0bf800 is at entry_point+32 in (nmethod*)0x000001e3ec0bf610
R12=0x0 is NULL
R13=0x0000007208df6c48 is pointing into the stack for thread: 0x000001e382d40800
R14=0x0 is NULL
R15=0x000001e382d40800 is a thread


Registers:
RAX=0x000001e385bc00a8, RBX=0x000001e385bc00a8, RCX=0x000000008c8809b0, RDX=0x000000008c8809b0
RSP=0x0000007208df6bd0, RBP=0x0000007208df6c98, RSI=0x000101e38c8dd918, RDI=0x0000000000000150
R8 =0x000000008c8809b0, R9 =0x0000000000000006, R10=0x000000010018dda8, R11=0x000001e3ec0bf800
R12=0x0000000000000000, R13=0x0000007208df6c48, R14=0x0000000000000000, R15=0x000001e382d40800
RIP=0x000001e3ec0bf84d, EFLAGS=0x0000000000010206

Top of Stack: (sp=0x0000007208df6bd0)
0x0000007208df6bd0:   000000008c880a70 000000008c880a70
0x0000007208df6be0:   000000008c880a60 0000007208df6be8
0x0000007208df6bf0:   000001e385bc46b9 0000007208df6c40
0x0000007208df6c00:   000001e385bc4968 0000000000000000
0x0000007208df6c10:   00000000818227d8 000001e385bc46d8
0x0000007208df6c20:   0000000000000000 0000007208df6c40
0x0000007208df6c30:   0000007208df6c98 000001e3eaa5a4c3
0x0000007208df6c40:   000001e3eaa5a4c3 000000008c8809b0
0x0000007208df6c50:   0000007208df6c50 000001e385bb5636
0x0000007208df6c60:   0000007208df6d00 000001e385bbac28
0x0000007208df6c70:   0000000000000000 000000008182abc0
0x0000007208df6c80:   000001e385bb5ae0 0000007208df6c48
0x0000007208df6c90:   0000007208df6d00 0000007208df6d50
0x0000007208df6ca0:   000001e3eaa5a4c3 0000000000000000
0x0000007208df6cb0:   0000000000000000 0000000000000000
0x0000007208df6cc0:   0000000000000000 0000000000000000 

Instructions: (pc=0x000001e3ec0bf84d)
0x000001e3ec0bf74d:   06 00 00 50 06 00 00 60 06 00 00 58 00 00 00 92
0x000001e3ec0bf75d:   1f 00 00 03 00 00 00 00 00 00 00 00 00 00 00 02
0x000001e3ec0bf76d:   00 00 00 00 00 00 00 00 00 00 00 e0 01 00 00 ff
0x000001e3ec0bf77d:   ff ff ff ff ff ff ff 00 00 00 00 0b 60 21 c0 2d
0x000001e3ec0bf78d:   c0 0a c0 19 c0 37 c0 29 c0 23 34 10 c0 40 c0 12
0x000001e3ec0bf79d:   c0 30 c0 12 c0 30 c0 48 b0 04 c0 17 64 0a c0 17
0x000001e3ec0bf7ad:   64 0a 64 05 64 05 c0 17 64 0a c0 17 64 3a 64 23
0x000001e3ec0bf7bd:   00 01 f8 01 ff 05 50 00 c0 0a 64 05 64 03 f8 fd
0x000001e3ec0bf7cd:   d1 58 29 f8 7f 05 70 0e 60 01 f8 2e ff 0e 90 0c
0x000001e3ec0bf7dd:   64 00 00 44 8b 52 08 49 c1 e2 03 4c 3b d0 0f 85
0x000001e3ec0bf7ed:   8f bb 9d fe 66 66 66 0f 1f 84 00 00 00 00 00 66
0x000001e3ec0bf7fd:   66 66 90 89 84 24 00 90 ff ff 55 48 83 ec 60 49
0x000001e3ec0bf80d:   b8 18 d9 8d 8c e3 01 00 00 41 8b b0 00 01 00 00
0x000001e3ec0bf81d:   83 c6 08 41 89 b0 00 01 00 00 81 e6 f8 1f 00 00
0x000001e3ec0bf82d:   83 fe 00 0f 84 c9 01 00 00 4c 8b c2 48 be 18 d9
0x000001e3ec0bf83d:   8d 8c e3 01 01 00 49 ba a8 dd 18 00 01 00 00 00
0x000001e3ec0bf84d:   4c 89 96 50 01 00 00 48 83 86 58 01 00 00 01 49
0x000001e3ec0bf85d:   b8 b8 36 bc 85 e3 01 00 00 41 8b b0 00 01 00 00
0x000001e3ec0bf86d:   83 c6 08 41 89 b0 00 01 00 00 81 e6 f8 ff 7f 00
0x000001e3ec0bf87d:   83 fe 00 0f 84 9a 01 00 00 8b 72 1c 48 83 fe 00
0x000001e3ec0bf88d:   0f 84 20 00 00 00 48 b8 28 db 18 00 01 00 00 00
0x000001e3ec0bf89d:   8b 5e 08 48 c1 e3 03 48 3b 43 38 0f 85 93 01 00
0x000001e3ec0bf8ad:   00 e9 00 00 00 00 4c 8b c6 48 3b 06 4c 8b c6 48
0x000001e3ec0bf8bd:   bf b8 36 bc 85 e3 01 00 00 48 83 87 58 01 00 00
0x000001e3ec0bf8cd:   01 41 b8 2b 00 00 00 48 89 54 24 50 48 8b d6 66
0x000001e3ec0bf8dd:   66 90 e8 7c 12 57 06 48 8b 54 24 50 8b 72 14 83
0x000001e3ec0bf8ed:   fe 02 48 be 18 d9 8d 8c e3 01 00 00 48 bf 78 01
0x000001e3ec0bf8fd:   00 00 00 00 00 00 0f 8d 0a 00 00 00 48 bf 88 01
0x000001e3ec0bf90d:   00 00 00 00 00 00 48 8b 1c 3e 48 8d 5b 01 48 89
0x000001e3ec0bf91d:   1c 3e 0f 8d 07 00 00 00 c7 42 14 02 00 00 00 48
0x000001e3ec0bf92d:   8b f2 48 bf 18 d9 8d 8c e3 01 00 00 48 83 87 98
0x000001e3ec0bf93d:   01 00 00 01 48 be 00 b9 90 87 e3 01 00 00 8b be 


Stack slot to memory mapping:
stack at sp + 0 slots: 0x000000008c880a70 is an oop: java.util.ArrayList 
{0x000000008c880a70} - klass: 'java/util/ArrayList'
stack at sp + 1 slots: 0x000000008c880a70 is an oop: java.util.ArrayList 
{0x000000008c880a70} - klass: 'java/util/ArrayList'
stack at sp + 2 slots: 0x000000008c880a60 is an oop: jdk.internal.reflect.Label 
{0x000000008c880a60} - klass: 'jdk/internal/reflect/Label'
stack at sp + 3 slots: 0x0000007208df6be8 is pointing into the stack for thread: 0x000001e382d40800
stack at sp + 4 slots: 0x000001e385bc46b9 is pointing into metadata
stack at sp + 5 slots: 0x0000007208df6c40 is pointing into the stack for thread: 0x000001e382d40800
stack at sp + 6 slots: 0x000001e385bc4968 is pointing into metadata
stack at sp + 7 slots: 0x0 is NULL



---------------  P R O C E S S  ---------------

Threads class SMR info:
_java_thread_list=0x000001e38b0b0640, length=80, elements={
0x000001e3e5707000, 0x000001e3ffaf5800, 0x000001e3ffaf7800, 0x000001e3ffb59000,
0x000001e3ffb5a000, 0x000001e3ffb5b800, 0x000001e3ffb5f000, 0x000001e3ffb64800,
0x000001e3ffb76800, 0x000001e3ffcd1000, 0x000001e383f16000, 0x000001e3837ce800,
0x000001e383c5c800, 0x000001e38373f000, 0x000001e3834f4000, 0x000001e38402a800,
0x000001e382d40800, 0x000001e383c6c000, 0x000001e383cae800, 0x000001e382795800,
0x000001e3843be000, 0x000001e3843bf000, 0x000001e3843c0800, 0x000001e3843bf800,
0x000001e3843bd000, 0x000001e3843c1000, 0x000001e3843bc800, 0x000001e3843c2000,
0x000001e3843c3000, 0x000001e384760000, 0x000001e38475e800, 0x000001e38475f000,
0x000001e384764000, 0x000001e384761800, 0x000001e384763000, 0x000001e384766800,
0x000001e384768000, 0x000001e384762800, 0x000001e38476d000, 0x000001e384769800,
0x000001e384769000, 0x000001e38476a800, 0x000001e38476b800, 0x000001e38476c000,
0x000001e38837c800, 0x000001e388380000, 0x000001e38837e800, 0x000001e38837a000,
0x000001e38837c000, 0x000001e38837f000, 0x000001e38837d800, 0x000001e388380800,
0x000001e38837b000, 0x000001e388385000, 0x000001e388382800, 0x000001e388385800,
0x000001e388387000, 0x000001e388381800, 0x000001e388386800, 0x000001e388388000,
0x000001e388389000, 0x000001e388383000, 0x000001e388384000, 0x000001e385664800,
0x000001e385668000, 0x000001e385665800, 0x000001e385664000, 0x000001e385667000,
0x000001e38566a800, 0x000001e385668800, 0x000001e385669800, 0x000001e38566b000,
0x000001e38566c000, 0x000001e385666000, 0x000001e38566c800, 0x000001e385670000,
0x000001e385671800, 0x000001e38871c800, 0x000001e385671000, 0x000001e385672800
}

Java Threads: ( => current thread )
  0x000001e3e5707000 JavaThread "main" [_thread_blocked, id=9564, stack(0x0000007207300000,0x0000007207400000)]
  0x000001e3ffaf5800 JavaThread "Reference Handler" daemon [_thread_blocked, id=12024, stack(0x0000007207a00000,0x0000007207b00000)]
  0x000001e3ffaf7800 JavaThread "Finalizer" daemon [_thread_blocked, id=772, stack(0x0000007207b00000,0x0000007207c00000)]
  0x000001e3ffb59000 JavaThread "Signal Dispatcher" daemon [_thread_blocked, id=8752, stack(0x0000007207c00000,0x0000007207d00000)]
  0x000001e3ffb5a000 JavaThread "Attach Listener" daemon [_thread_blocked, id=2384, stack(0x0000007207d00000,0x0000007207e00000)]
  0x000001e3ffb5b800 JavaThread "Service Thread" daemon [_thread_blocked, id=11652, stack(0x0000007207e00000,0x0000007207f00000)]
  0x000001e3ffb5f000 JavaThread "C2 CompilerThread0" daemon [_thread_in_native, id=2552, stack(0x0000007207f00000,0x0000007208000000)]
  0x000001e3ffb64800 JavaThread "C1 CompilerThread0" daemon [_thread_blocked, id=11088, stack(0x0000007208000000,0x0000007208100000)]
  0x000001e3ffb76800 JavaThread "Sweeper thread" daemon [_thread_blocked, id=8132, stack(0x0000007208100000,0x0000007208200000)]
  0x000001e3ffcd1000 JavaThread "Common-Cleaner" daemon [_thread_blocked, id=224, stack(0x0000007208200000,0x0000007208300000)]
  0x000001e383f16000 JavaThread "Daemon health stats" [_thread_blocked, id=11272, stack(0x0000007208400000,0x0000007208500000)]
  0x000001e3837ce800 JavaThread "Incoming local TCP Connector on port 65338" [_thread_in_native, id=7328, stack(0x0000007208800000,0x0000007208900000)]
  0x000001e383c5c800 JavaThread "Daemon periodic checks" [_thread_blocked, id=6356, stack(0x0000007208900000,0x0000007208a00000)]
  0x000001e38373f000 JavaThread "Daemon" [_thread_blocked, id=13244, stack(0x0000007208a00000,0x0000007208b00000)]
  0x000001e3834f4000 JavaThread "Handler for socket connection from /127.0.0.1:65338 to /127.0.0.1:65339" [_thread_in_native, id=9556, stack(0x0000007208b00000,0x0000007208c00000)]
  0x000001e38402a800 JavaThread "Cancel handler" [_thread_blocked, id=7912, stack(0x0000007208c00000,0x0000007208d00000)]
=>0x000001e382d40800 JavaThread "Daemon worker" [_thread_in_Java, id=5372, stack(0x0000007208d00000,0x0000007208e00000)]
  0x000001e383c6c000 JavaThread "Asynchronous log dispatcher for DefaultDaemonConnection: socket connection from /127.0.0.1:65338 to /127.0.0.1:65339" [_thread_blocked, id=10552, stack(0x0000007208e00000,0x0000007208f00000)]
  0x000001e383cae800 JavaThread "Stdin handler" [_thread_blocked, id=13092, stack(0x0000007208f00000,0x0000007209000000)]
  0x000001e382795800 JavaThread "Daemon client event forwarder" [_thread_blocked, id=11948, stack(0x0000007209000000,0x0000007209100000)]
  0x000001e3843be000 JavaThread "Cache worker for journal cache (C:\Users\Albatross\.gradle\caches\journal-1)" [_thread_blocked, id=9892, stack(0x0000007209100000,0x0000007209200000)]
  0x000001e3843bf000 JavaThread "File lock request listener" [_thread_in_native, id=7612, stack(0x0000007209200000,0x0000007209300000)]
  0x000001e3843c0800 JavaThread "Cache worker for file hash cache (C:\Users\Albatross\.gradle\caches\7.5\fileHashes)" [_thread_blocked, id=11260, stack(0x0000007209300000,0x0000007209400000)]
  0x000001e3843bf800 JavaThread "File watcher server" daemon [_thread_in_native, id=388, stack(0x0000007209400000,0x0000007209500000)]
  0x000001e3843bd000 JavaThread "File watcher consumer" daemon [_thread_blocked, id=1576, stack(0x0000007209500000,0x0000007209600000)]
  0x000001e3843c1000 JavaThread "Cache worker for checksums cache (C:\Users\Albatross\AndroidStudioProjects\Calc\.gradle\7.5\checksums)" [_thread_blocked, id=8484, stack(0x0000007209600000,0x0000007209700000)]
  0x000001e3843bc800 JavaThread "Cache worker for cache directory md-rule (C:\Users\Albatross\.gradle\caches\7.5\md-rule)" [_thread_blocked, id=3332, stack(0x0000007209700000,0x0000007209800000)]
  0x000001e3843c2000 JavaThread "Cache worker for file content cache (C:\Users\Albatross\.gradle\caches\7.5\fileContent)" [_thread_blocked, id=12116, stack(0x0000007209800000,0x0000007209900000)]
  0x000001e3843c3000 JavaThread "Cache worker for file hash cache (C:\Users\Albatross\AndroidStudioProjects\Calc\.gradle\7.5\fileHashes)" [_thread_blocked, id=7284, stack(0x0000007209900000,0x0000007209a00000)]
  0x000001e384760000 JavaThread "Cache worker for cache directory md-supplier (C:\Users\Albatross\.gradle\caches\7.5\md-supplier)" [_thread_blocked, id=7252, stack(0x0000007209a00000,0x0000007209b00000)]
  0x000001e38475e800 JavaThread "Cache worker for execution history cache (C:\Users\Albatross\.gradle\caches\7.5\executionHistory)" [_thread_blocked, id=13144, stack(0x0000007209b00000,0x0000007209c00000)]
  0x000001e38475f000 JavaThread "jar transforms" [_thread_blocked, id=12720, stack(0x0000007209c00000,0x0000007209d00000)]
  0x000001e384764000 JavaThread "jar transforms Thread 2" [_thread_blocked, id=12516, stack(0x0000007209d00000,0x0000007209e00000)]
  0x000001e384761800 JavaThread "jar transforms Thread 3" [_thread_blocked, id=3728, stack(0x0000007209e00000,0x0000007209f00000)]
  0x000001e384763000 JavaThread "jar transforms Thread 4" [_thread_blocked, id=7076, stack(0x000000720a000000,0x000000720a100000)]
  0x000001e384766800 JavaThread "Cache worker for dependencies-accessors (C:\Users\Albatross\AndroidStudioProjects\Calc\.gradle\7.5\dependencies-accessors)" [_thread_blocked, id=7192, stack(0x000000720a100000,0x000000720a200000)]
  0x000001e384768000 JavaThread "Cache worker for Build Output Cleanup Cache (C:\Users\Albatross\AndroidStudioProjects\Calc\.gradle\buildOutputCleanup)" [_thread_blocked, id=3668, stack(0x000000720a200000,0x000000720a300000)]
  0x000001e384762800 JavaThread "Unconstrained build operations" [_thread_blocked, id=8932, stack(0x000000720a300000,0x000000720a400000)]
  0x000001e38476d000 JavaThread "Unconstrained build operations Thread 2" [_thread_blocked, id=13120, stack(0x000000720a400000,0x000000720a500000)]
  0x000001e384769800 JavaThread "Unconstrained build operations Thread 3" [_thread_blocked, id=12020, stack(0x000000720a500000,0x000000720a600000)]
  0x000001e384769000 JavaThread "Unconstrained build operations Thread 4" [_thread_blocked, id=9136, stack(0x000000720a600000,0x000000720a700000)]
  0x000001e38476a800 JavaThread "Unconstrained build operations Thread 5" [_thread_blocked, id=864, stack(0x000000720a700000,0x000000720a800000)]
  0x000001e38476b800 JavaThread "Unconstrained build operations Thread 6" [_thread_blocked, id=9252, stack(0x000000720a800000,0x000000720a900000)]
  0x000001e38476c000 JavaThread "Unconstrained build operations Thread 7" [_thread_blocked, id=7860, stack(0x000000720a900000,0x000000720aa00000)]
  0x000001e38837c800 JavaThread "Unconstrained build operations Thread 8" [_thread_blocked, id=12460, stack(0x000000720aa00000,0x000000720ab00000)]
  0x000001e388380000 JavaThread "Unconstrained build operations Thread 9" [_thread_blocked, id=3836, stack(0x000000720ab00000,0x000000720ac00000)]
  0x000001e38837e800 JavaThread "Unconstrained build operations Thread 10" [_thread_blocked, id=8144, stack(0x000000720ac00000,0x000000720ad00000)]
  0x000001e38837a000 JavaThread "Unconstrained build operations Thread 11" [_thread_blocked, id=5348, stack(0x000000720ad00000,0x000000720ae00000)]
  0x000001e38837c000 JavaThread "Unconstrained build operations Thread 12" [_thread_blocked, id=3440, stack(0x000000720ae00000,0x000000720af00000)]
  0x000001e38837f000 JavaThread "Unconstrained build operations Thread 13" [_thread_blocked, id=3036, stack(0x000000720af00000,0x000000720b000000)]
  0x000001e38837d800 JavaThread "Unconstrained build operations Thread 14" [_thread_blocked, id=1044, stack(0x000000720b000000,0x000000720b100000)]
  0x000001e388380800 JavaThread "Unconstrained build operations Thread 15" [_thread_blocked, id=12436, stack(0x000000720b100000,0x000000720b200000)]
  0x000001e38837b000 JavaThread "Unconstrained build operations Thread 16" [_thread_blocked, id=8052, stack(0x000000720b200000,0x000000720b300000)]
  0x000001e388385000 JavaThread "Unconstrained build operations Thread 17" [_thread_blocked, id=7348, stack(0x000000720b300000,0x000000720b400000)]
  0x000001e388382800 JavaThread "Unconstrained build operations Thread 18" [_thread_blocked, id=6728, stack(0x000000720b400000,0x000000720b500000)]
  0x000001e388385800 JavaThread "Unconstrained build operations Thread 19" [_thread_blocked, id=7248, stack(0x000000720b500000,0x000000720b600000)]
  0x000001e388387000 JavaThread "Unconstrained build operations Thread 20" [_thread_blocked, id=4408, stack(0x000000720b600000,0x000000720b700000)]
  0x000001e388381800 JavaThread "Unconstrained build operations Thread 21" [_thread_blocked, id=12828, stack(0x000000720b700000,0x000000720b800000)]
  0x000001e388386800 JavaThread "Unconstrained build operations Thread 22" [_thread_blocked, id=7740, stack(0x000000720b800000,0x000000720b900000)]
  0x000001e388388000 JavaThread "Unconstrained build operations Thread 23" [_thread_blocked, id=9404, stack(0x000000720b900000,0x000000720ba00000)]
  0x000001e388389000 JavaThread "Unconstrained build operations Thread 24" [_thread_blocked, id=7236, stack(0x000000720ba00000,0x000000720bb00000)]
  0x000001e388383000 JavaThread "Unconstrained build operations Thread 25" [_thread_blocked, id=8832, stack(0x000000720bb00000,0x000000720bc00000)]
  0x000001e388384000 JavaThread "Unconstrained build operations Thread 26" [_thread_blocked, id=11464, stack(0x000000720bc00000,0x000000720bd00000)]
  0x000001e385664800 JavaThread "Unconstrained build operations Thread 27" [_thread_blocked, id=9400, stack(0x000000720bd00000,0x000000720be00000)]
  0x000001e385668000 JavaThread "Unconstrained build operations Thread 28" [_thread_blocked, id=10680, stack(0x000000720be00000,0x000000720bf00000)]
  0x000001e385665800 JavaThread "Unconstrained build operations Thread 29" [_thread_blocked, id=3132, stack(0x000000720bf00000,0x000000720c000000)]
  0x000001e385664000 JavaThread "Unconstrained build operations Thread 30" [_thread_blocked, id=6340, stack(0x000000720c000000,0x000000720c100000)]
  0x000001e385667000 JavaThread "Unconstrained build operations Thread 31" [_thread_blocked, id=4168, stack(0x000000720c100000,0x000000720c200000)]
  0x000001e38566a800 JavaThread "Unconstrained build operations Thread 32" [_thread_blocked, id=5208, stack(0x000000720c200000,0x000000720c300000)]
  0x000001e385668800 JavaThread "Unconstrained build operations Thread 33" [_thread_blocked, id=9120, stack(0x000000720c300000,0x000000720c400000)]
  0x000001e385669800 JavaThread "Unconstrained build operations Thread 34" [_thread_blocked, id=6552, stack(0x000000720c400000,0x000000720c500000)]
  0x000001e38566b000 JavaThread "Unconstrained build operations Thread 35" [_thread_blocked, id=4228, stack(0x000000720c500000,0x000000720c600000)]
  0x000001e38566c000 JavaThread "Unconstrained build operations Thread 36" [_thread_blocked, id=7016, stack(0x000000720c600000,0x000000720c700000)]
  0x000001e385666000 JavaThread "Unconstrained build operations Thread 37" [_thread_blocked, id=13008, stack(0x000000720c700000,0x000000720c800000)]
  0x000001e38566c800 JavaThread "Unconstrained build operations Thread 38" [_thread_blocked, id=11432, stack(0x000000720c800000,0x000000720c900000)]
  0x000001e385670000 JavaThread "Unconstrained build operations Thread 39" [_thread_blocked, id=11504, stack(0x000000720c900000,0x000000720ca00000)]
  0x000001e385671800 JavaThread "Unconstrained build operations Thread 40" [_thread_blocked, id=1788, stack(0x000000720ca00000,0x000000720cb00000)]
  0x000001e38871c800 JavaThread "C2 CompilerThread1" daemon [_thread_in_native, id=4620, stack(0x0000007209f00000,0x000000720a000000)]
  0x000001e385671000 JavaThread "build event listener" [_thread_blocked, id=10824, stack(0x000000720cb00000,0x000000720cc00000)]
  0x000001e385672800 JavaThread "Memory manager" [_thread_blocked, id=7120, stack(0x000000720cc00000,0x000000720cd00000)]

Other Threads:
  0x000001e3ffaf2000 VMThread "VM Thread" [stack: 0x0000007207900000,0x0000007207a00000] [id=7952]
  0x000001e3ffcd6000 WatcherThread [stack: 0x0000007208300000,0x0000007208400000] [id=8292]
  0x000001e3e571e800 GCTaskThread "GC Thread#0" [stack: 0x0000007207400000,0x0000007207500000] [id=2332]
  0x000001e382431800 GCTaskThread "GC Thread#1" [stack: 0x0000007208500000,0x0000007208600000] [id=13252]
  0x000001e3821f1800 GCTaskThread "GC Thread#2" [stack: 0x0000007208600000,0x0000007208700000] [id=13096]
  0x000001e38218f800 GCTaskThread "GC Thread#3" [stack: 0x0000007208700000,0x0000007208800000] [id=5676]
  0x000001e3e574e000 ConcurrentGCThread "G1 Main Marker" [stack: 0x0000007207500000,0x0000007207600000] [id=9816]
  0x000001e3e5750000 ConcurrentGCThread "G1 Conc#0" [stack: 0x0000007207600000,0x0000007207700000] [id=11172]
  0x000001e3ff13e800 ConcurrentGCThread "G1 Refine#0" [stack: 0x0000007207700000,0x0000007207800000] [id=11048]
  0x000001e3ff13f000 ConcurrentGCThread "G1 Young RemSet Sampling" [stack: 0x0000007207800000,0x0000007207900000] [id=10312]

Threads with active compile tasks:
C2 CompilerThread0    19038 8631       4       org.gradle.internal.instantiation.generator.AbstractClassGenerator$InjectionAnnotationValidator::validateMethod (502 bytes)
C2 CompilerThread1    19038 8375       4       org.gradle.internal.instantiation.generator.AbstractClassGenerator::inspectType (560 bytes)

VM state:not at safepoint (normal execution)

VM Mutex/Monitor currently owned by a thread: None

Heap address: 0x0000000080000000, size: 2048 MB, Compressed Oops mode: 32-bit
Narrow klass base: 0x0000000000000000, Narrow klass shift: 3
Compressed class space size: 1073741824 Address: 0x0000000100000000

Heap:
 garbage-first heap   total 262144K, used 124928K [0x0000000080000000, 0x0000000100000000)
  region size 1024K, 64 young (65536K), 8 survivors (8192K)
 Metaspace       used 85452K, capacity 87477K, committed 87600K, reserved 1124352K
  class space    used 11062K, capacity 11852K, committed 11904K, reserved 1048576K
Heap Regions: E=young(eden), S=young(survivor), O=old, HS=humongous(starts), HC=humongous(continues), CS=collection set, F=free, A=archive, TAMS=top-at-mark-start (previous, next)
|   0|0x0000000080000000, 0x0000000080100000, 0x0000000080100000|100%|HS|  |TAMS 0x0000000080100000, 0x0000000080000000| Complete 
|   1|0x0000000080100000, 0x0000000080200000, 0x0000000080200000|100%|HC|  |TAMS 0x0000000080200000, 0x0000000080100000| Complete 
|   2|0x0000000080200000, 0x0000000080300000, 0x0000000080300000|100%|HC|  |TAMS 0x0000000080300000, 0x0000000080200000| Complete 
|   3|0x0000000080300000, 0x0000000080400000, 0x0000000080400000|100%| O|  |TAMS 0x0000000080400000, 0x0000000080300000| Untracked 
|   4|0x0000000080400000, 0x0000000080500000, 0x0000000080500000|100%| O|  |TAMS 0x0000000080500000, 0x0000000080400000| Untracked 
|   5|0x0000000080500000, 0x0000000080600000, 0x0000000080600000|100%| O|  |TAMS 0x0000000080600000, 0x0000000080500000| Untracked 
|   6|0x0000000080600000, 0x0000000080700000, 0x0000000080700000|100%| O|  |TAMS 0x0000000080700000, 0x0000000080600000| Untracked 
|   7|0x0000000080700000, 0x0000000080800000, 0x0000000080800000|100%| O|  |TAMS 0x0000000080800000, 0x0000000080700000| Untracked 
|   8|0x0000000080800000, 0x0000000080900000, 0x0000000080900000|100%| O|  |TAMS 0x0000000080900000, 0x0000000080800000| Untracked 
|   9|0x0000000080900000, 0x0000000080a00000, 0x0000000080a00000|100%| O|  |TAMS 0x0000000080a00000, 0x0000000080900000| Untracked 
|  10|0x0000000080a00000, 0x0000000080b00000, 0x0000000080b00000|100%| O|  |TAMS 0x0000000080b00000, 0x0000000080a00000| Untracked 
|  11|0x0000000080b00000, 0x0000000080c00000, 0x0000000080c00000|100%| O|  |TAMS 0x0000000080c00000, 0x0000000080b00000| Untracked 
|  12|0x0000000080c00000, 0x0000000080d00000, 0x0000000080d00000|100%| O|  |TAMS 0x0000000080d00000, 0x0000000080c00000| Untracked 
|  13|0x0000000080d00000, 0x0000000080e00000, 0x0000000080e00000|100%| O|  |TAMS 0x0000000080e00000, 0x0000000080d00000| Untracked 
|  14|0x0000000080e00000, 0x0000000080f00000, 0x0000000080f00000|100%|HS|  |TAMS 0x0000000080f00000, 0x0000000080e00000| Complete 
|  15|0x0000000080f00000, 0x0000000081000000, 0x0000000081000000|100%|HS|  |TAMS 0x0000000081000000, 0x0000000080f00000| Complete 
|  16|0x0000000081000000, 0x0000000081100000, 0x0000000081100000|100%|HS|  |TAMS 0x0000000081100000, 0x0000000081000000| Complete 
|  17|0x0000000081100000, 0x0000000081200000, 0x0000000081200000|100%|HS|  |TAMS 0x0000000081200000, 0x0000000081100000| Complete 
|  18|0x0000000081200000, 0x0000000081300000, 0x0000000081300000|100%|HC|  |TAMS 0x0000000081300000, 0x0000000081200000| Complete 
|  19|0x0000000081300000, 0x0000000081400000, 0x0000000081400000|100%|HC|  |TAMS 0x0000000081400000, 0x0000000081300000| Complete 
|  20|0x0000000081400000, 0x0000000081500000, 0x0000000081500000|100%|HC|  |TAMS 0x0000000081500000, 0x0000000081400000| Complete 
|  21|0x0000000081500000, 0x0000000081600000, 0x0000000081600000|100%| O|  |TAMS 0x0000000081500000, 0x0000000081500000| Untracked 
|  22|0x0000000081600000, 0x0000000081700000, 0x0000000081700000|100%| O|  |TAMS 0x0000000081700000, 0x0000000081600000| Untracked 
|  23|0x0000000081700000, 0x0000000081800000, 0x0000000081800000|100%| O|  |TAMS 0x0000000081800000, 0x0000000081700000| Untracked 
|  24|0x0000000081800000, 0x0000000081900000, 0x0000000081900000|100%| O|  |TAMS 0x0000000081900000, 0x0000000081800000| Untracked 
|  25|0x0000000081900000, 0x0000000081a00000, 0x0000000081a00000|100%| O|  |TAMS 0x0000000081a00000, 0x0000000081900000| Untracked 
|  26|0x0000000081a00000, 0x0000000081b00000, 0x0000000081b00000|100%| O|  |TAMS 0x0000000081b00000, 0x0000000081a00000| Untracked 
|  27|0x0000000081b00000, 0x0000000081c00000, 0x0000000081c00000|100%| O|  |TAMS 0x0000000081c00000, 0x0000000081b00000| Untracked 
|  28|0x0000000081c00000, 0x0000000081d00000, 0x0000000081d00000|100%| O|  |TAMS 0x0000000081d00000, 0x0000000081c00000| Untracked 
|  29|0x0000000081d00000, 0x0000000081e00000, 0x0000000081e00000|100%| O|  |TAMS 0x0000000081e00000, 0x0000000081d00000| Untracked 
|  30|0x0000000081e00000, 0x0000000081f00000, 0x0000000081f00000|100%| O|  |TAMS 0x0000000081e00000, 0x0000000081e00000| Untracked 
|  31|0x0000000081f00000, 0x0000000082000000, 0x0000000082000000|100%| O|  |TAMS 0x0000000081f00000, 0x0000000081f00000| Untracked 
|  32|0x0000000082000000, 0x0000000082100000, 0x0000000082100000|100%| O|  |TAMS 0x0000000082000000, 0x0000000082000000| Untracked 
|  33|0x0000000082100000, 0x0000000082200000, 0x0000000082200000|100%| O|  |TAMS 0x0000000082100000, 0x0000000082100000| Untracked 
|  34|0x0000000082200000, 0x0000000082300000, 0x0000000082300000|100%| O|  |TAMS 0x0000000082200000, 0x0000000082200000| Untracked 
|  35|0x0000000082300000, 0x0000000082400000, 0x0000000082400000|100%| O|  |TAMS 0x0000000082300000, 0x0000000082300000| Untracked 
|  36|0x0000000082400000, 0x0000000082500000, 0x0000000082500000|100%| O|  |TAMS 0x0000000082400000, 0x0000000082400000| Untracked 
|  37|0x0000000082500000, 0x0000000082600000, 0x0000000082600000|100%| O|  |TAMS 0x0000000082600000, 0x0000000082500000| Untracked 
|  38|0x0000000082600000, 0x0000000082700000, 0x0000000082700000|100%| O|  |TAMS 0x0000000082700000, 0x0000000082600000| Untracked 
|  39|0x0000000082700000, 0x0000000082800000, 0x0000000082800000|100%| O|  |TAMS 0x0000000082800000, 0x0000000082700000| Untracked 
|  40|0x0000000082800000, 0x0000000082900000, 0x0000000082900000|100%| O|  |TAMS 0x0000000082900000, 0x0000000082800000| Untracked 
|  41|0x0000000082900000, 0x0000000082a00000, 0x0000000082a00000|100%| O|  |TAMS 0x0000000082a00000, 0x0000000082900000| Untracked 
|  42|0x0000000082a00000, 0x0000000082b00000, 0x0000000082b00000|100%| O|  |TAMS 0x0000000082b00000, 0x0000000082a00000| Untracked 
|  43|0x0000000082b00000, 0x0000000082c00000, 0x0000000082c00000|100%| O|  |TAMS 0x0000000082c00000, 0x0000000082b00000| Untracked 
|  44|0x0000000082c00000, 0x0000000082d00000, 0x0000000082d00000|100%| O|  |TAMS 0x0000000082d00000, 0x0000000082c00000| Untracked 
|  45|0x0000000082d00000, 0x0000000082e00000, 0x0000000082e00000|100%| O|  |TAMS 0x0000000082e00000, 0x0000000082d00000| Untracked 
|  46|0x0000000082e00000, 0x0000000082f00000, 0x0000000082f00000|100%| O|  |TAMS 0x0000000082f00000, 0x0000000082e00000| Untracked 
|  47|0x0000000082f00000, 0x0000000083000000, 0x0000000083000000|100%| O|  |TAMS 0x0000000083000000, 0x0000000082f00000| Untracked 
|  48|0x0000000083000000, 0x0000000083100000, 0x0000000083100000|100%| O|  |TAMS 0x0000000083100000, 0x0000000083000000| Untracked 
|  49|0x0000000083100000, 0x0000000083200000, 0x0000000083200000|100%| O|  |TAMS 0x0000000083200000, 0x0000000083100000| Untracked 
|  50|0x0000000083200000, 0x0000000083300000, 0x0000000083300000|100%| O|  |TAMS 0x0000000083300000, 0x0000000083200000| Untracked 
|  51|0x0000000083300000, 0x0000000083400000, 0x0000000083400000|100%| O|  |TAMS 0x0000000083400000, 0x0000000083300000| Untracked 
|  52|0x0000000083400000, 0x0000000083500000, 0x0000000083500000|100%| O|  |TAMS 0x0000000083500000, 0x0000000083400000| Untracked 
|  53|0x0000000083500000, 0x0000000083600000, 0x0000000083600000|100%| O|  |TAMS 0x0000000083600000, 0x0000000083500000| Untracked 
|  54|0x0000000083600000, 0x0000000083700000, 0x0000000083700000|100%| O|  |TAMS 0x0000000083700000, 0x0000000083600000| Untracked 
|  55|0x0000000083700000, 0x0000000083800000, 0x0000000083800000|100%| O|  |TAMS 0x00000000837d4000, 0x0000000083700000| Untracked 
|  56|0x0000000083800000, 0x0000000083900000, 0x0000000083900000|100%| O|  |TAMS 0x0000000083800000, 0x0000000083800000| Untracked 
|  57|0x0000000083900000, 0x0000000083a00000, 0x0000000083a00000|100%| O|  |TAMS 0x0000000083900000, 0x0000000083900000| Untracked 
|  58|0x0000000083a00000, 0x0000000083b00000, 0x0000000083b00000|100%| O|  |TAMS 0x0000000083a00000, 0x0000000083a00000| Untracked 
|  59|0x0000000083b00000, 0x0000000083b00000, 0x0000000083c00000|  0%| F|  |TAMS 0x0000000083b00000, 0x0000000083b00000| Untracked 
|  60|0x0000000083c00000, 0x0000000083c00000, 0x0000000083d00000|  0%| F|  |TAMS 0x0000000083c00000, 0x0000000083c00000| Untracked 
|  61|0x0000000083d00000, 0x0000000083d00000, 0x0000000083e00000|  0%| F|  |TAMS 0x0000000083d00000, 0x0000000083d00000| Untracked 
|  62|0x0000000083e00000, 0x0000000083e00000, 0x0000000083f00000|  0%| F|  |TAMS 0x0000000083e00000, 0x0000000083e00000| Untracked 
|  63|0x0000000083f00000, 0x0000000083f00000, 0x0000000084000000|  0%| F|  |TAMS 0x0000000083f00000, 0x0000000083f00000| Untracked 
|  64|0x0000000084000000, 0x0000000084000000, 0x0000000084100000|  0%| F|  |TAMS 0x0000000084000000, 0x0000000084000000| Untracked 
|  65|0x0000000084100000, 0x0000000084100000, 0x0000000084200000|  0%| F|  |TAMS 0x0000000084100000, 0x0000000084100000| Untracked 
|  66|0x0000000084200000, 0x0000000084200000, 0x0000000084300000|  0%| F|  |TAMS 0x0000000084200000, 0x0000000084200000| Untracked 
|  67|0x0000000084300000, 0x0000000084300000, 0x0000000084400000|  0%| F|  |TAMS 0x0000000084300000, 0x0000000084300000| Untracked 
|  68|0x0000000084400000, 0x0000000084400000, 0x0000000084500000|  0%| F|  |TAMS 0x0000000084400000, 0x0000000084400000| Untracked 
|  69|0x0000000084500000, 0x0000000084500000, 0x0000000084600000|  0%| F|  |TAMS 0x0000000084500000, 0x0000000084500000| Untracked 
|  70|0x0000000084600000, 0x0000000084600000, 0x0000000084700000|  0%| F|  |TAMS 0x0000000084600000, 0x0000000084600000| Untracked 
|  71|0x0000000084700000, 0x0000000084700000, 0x0000000084800000|  0%| F|  |TAMS 0x0000000084700000, 0x0000000084700000| Untracked 
|  72|0x0000000084800000, 0x0000000084800000, 0x0000000084900000|  0%| F|  |TAMS 0x0000000084800000, 0x0000000084800000| Untracked 
|  73|0x0000000084900000, 0x0000000084900000, 0x0000000084a00000|  0%| F|  |TAMS 0x0000000084900000, 0x0000000084900000| Untracked 
|  74|0x0000000084a00000, 0x0000000084a00000, 0x0000000084b00000|  0%| F|  |TAMS 0x0000000084a00000, 0x0000000084a00000| Untracked 
|  75|0x0000000084b00000, 0x0000000084b00000, 0x0000000084c00000|  0%| F|  |TAMS 0x0000000084b00000, 0x0000000084b00000| Untracked 
|  76|0x0000000084c00000, 0x0000000084c00000, 0x0000000084d00000|  0%| F|  |TAMS 0x0000000084c00000, 0x0000000084c00000| Untracked 
|  77|0x0000000084d00000, 0x0000000084d00000, 0x0000000084e00000|  0%| F|  |TAMS 0x0000000084d00000, 0x0000000084d00000| Untracked 
|  78|0x0000000084e00000, 0x0000000084e00000, 0x0000000084f00000|  0%| F|  |TAMS 0x0000000084e00000, 0x0000000084e00000| Untracked 
|  79|0x0000000084f00000, 0x0000000084f00000, 0x0000000085000000|  0%| F|  |TAMS 0x0000000084f00000, 0x0000000084f00000| Untracked 
|  80|0x0000000085000000, 0x0000000085000000, 0x0000000085100000|  0%| F|  |TAMS 0x0000000085000000, 0x0000000085000000| Untracked 
|  81|0x0000000085100000, 0x0000000085100000, 0x0000000085200000|  0%| F|  |TAMS 0x0000000085100000, 0x0000000085100000| Untracked 
|  82|0x0000000085200000, 0x0000000085200000, 0x0000000085300000|  0%| F|  |TAMS 0x0000000085200000, 0x0000000085200000| Untracked 
|  83|0x0000000085300000, 0x0000000085300000, 0x0000000085400000|  0%| F|  |TAMS 0x0000000085300000, 0x0000000085300000| Untracked 
|  84|0x0000000085400000, 0x0000000085400000, 0x0000000085500000|  0%| F|  |TAMS 0x0000000085400000, 0x0000000085400000| Untracked 
|  85|0x0000000085500000, 0x0000000085500000, 0x0000000085600000|  0%| F|  |TAMS 0x0000000085500000, 0x0000000085500000| Untracked 
|  86|0x0000000085600000, 0x0000000085600000, 0x0000000085700000|  0%| F|  |TAMS 0x0000000085600000, 0x0000000085600000| Untracked 
|  87|0x0000000085700000, 0x0000000085700000, 0x0000000085800000|  0%| F|  |TAMS 0x0000000085700000, 0x0000000085700000| Untracked 
|  88|0x0000000085800000, 0x0000000085800000, 0x0000000085900000|  0%| F|  |TAMS 0x0000000085800000, 0x0000000085800000| Untracked 
|  89|0x0000000085900000, 0x0000000085900000, 0x0000000085a00000|  0%| F|  |TAMS 0x0000000085900000, 0x0000000085900000| Untracked 
|  90|0x0000000085a00000, 0x0000000085a00000, 0x0000000085b00000|  0%| F|  |TAMS 0x0000000085a00000, 0x0000000085a00000| Untracked 
|  91|0x0000000085b00000, 0x0000000085b00000, 0x0000000085c00000|  0%| F|  |TAMS 0x0000000085b00000, 0x0000000085b00000| Untracked 
|  92|0x0000000085c00000, 0x0000000085c00000, 0x0000000085d00000|  0%| F|  |TAMS 0x0000000085c00000, 0x0000000085c00000| Untracked 
|  93|0x0000000085d00000, 0x0000000085d00000, 0x0000000085e00000|  0%| F|  |TAMS 0x0000000085d00000, 0x0000000085d00000| Untracked 
|  94|0x0000000085e00000, 0x0000000085e00000, 0x0000000085f00000|  0%| F|  |TAMS 0x0000000085e00000, 0x0000000085e00000| Untracked 
|  95|0x0000000085f00000, 0x0000000085f00000, 0x0000000086000000|  0%| F|  |TAMS 0x0000000085f00000, 0x0000000085f00000| Untracked 
|  96|0x0000000086000000, 0x0000000086000000, 0x0000000086100000|  0%| F|  |TAMS 0x0000000086000000, 0x0000000086000000| Untracked 
|  97|0x0000000086100000, 0x0000000086100000, 0x0000000086200000|  0%| F|  |TAMS 0x0000000086100000, 0x0000000086100000| Untracked 
|  98|0x0000000086200000, 0x0000000086200000, 0x0000000086300000|  0%| F|  |TAMS 0x0000000086200000, 0x0000000086200000| Untracked 
|  99|0x0000000086300000, 0x0000000086300000, 0x0000000086400000|  0%| F|  |TAMS 0x0000000086300000, 0x0000000086300000| Untracked 
| 100|0x0000000086400000, 0x0000000086400000, 0x0000000086500000|  0%| F|  |TAMS 0x0000000086400000, 0x0000000086400000| Untracked 
| 101|0x0000000086500000, 0x0000000086500000, 0x0000000086600000|  0%| F|  |TAMS 0x0000000086500000, 0x0000000086500000| Untracked 
| 102|0x0000000086600000, 0x0000000086600000, 0x0000000086700000|  0%| F|  |TAMS 0x0000000086600000, 0x0000000086600000| Untracked 
| 103|0x0000000086700000, 0x0000000086700000, 0x0000000086800000|  0%| F|  |TAMS 0x0000000086700000, 0x0000000086700000| Untracked 
| 104|0x0000000086800000, 0x0000000086900000, 0x0000000086900000|100%| S|CS|TAMS 0x0000000086800000, 0x0000000086800000| Complete 
| 105|0x0000000086900000, 0x0000000086a00000, 0x0000000086a00000|100%| S|CS|TAMS 0x0000000086900000, 0x0000000086900000| Complete 
| 106|0x0000000086a00000, 0x0000000086a00000, 0x0000000086b00000|  0%| F|  |TAMS 0x0000000086a00000, 0x0000000086a00000| Untracked 
| 107|0x0000000086b00000, 0x0000000086b00000, 0x0000000086c00000|  0%| F|  |TAMS 0x0000000086b00000, 0x0000000086b00000| Untracked 
| 108|0x0000000086c00000, 0x0000000086c00000, 0x0000000086d00000|  0%| F|  |TAMS 0x0000000086c00000, 0x0000000086c00000| Untracked 
| 109|0x0000000086d00000, 0x0000000086d00000, 0x0000000086e00000|  0%| F|  |TAMS 0x0000000086d00000, 0x0000000086d00000| Untracked 
| 110|0x0000000086e00000, 0x0000000086e00000, 0x0000000086f00000|  0%| F|  |TAMS 0x0000000086e00000, 0x0000000086e00000| Untracked 
| 111|0x0000000086f00000, 0x0000000086f00000, 0x0000000087000000|  0%| F|  |TAMS 0x0000000086f00000, 0x0000000086f00000| Untracked 
| 112|0x0000000087000000, 0x0000000087000000, 0x0000000087100000|  0%| F|  |TAMS 0x0000000087000000, 0x0000000087000000| Untracked 
| 113|0x0000000087100000, 0x0000000087100000, 0x0000000087200000|  0%| F|  |TAMS 0x0000000087100000, 0x0000000087100000| Untracked 
| 114|0x0000000087200000, 0x0000000087200000, 0x0000000087300000|  0%| F|  |TAMS 0x0000000087200000, 0x0000000087200000| Untracked 
| 115|0x0000000087300000, 0x0000000087300000, 0x0000000087400000|  0%| F|  |TAMS 0x0000000087300000, 0x0000000087300000| Untracked 
| 116|0x0000000087400000, 0x0000000087500000, 0x0000000087500000|100%| S|CS|TAMS 0x0000000087400000, 0x0000000087400000| Complete 
| 117|0x0000000087500000, 0x0000000087600000, 0x0000000087600000|100%| S|CS|TAMS 0x0000000087500000, 0x0000000087500000| Complete 
| 118|0x0000000087600000, 0x0000000087700000, 0x0000000087700000|100%| S|CS|TAMS 0x0000000087600000, 0x0000000087600000| Complete 
| 119|0x0000000087700000, 0x0000000087800000, 0x0000000087800000|100%| S|CS|TAMS 0x0000000087700000, 0x0000000087700000| Complete 
| 120|0x0000000087800000, 0x0000000087900000, 0x0000000087900000|100%| S|CS|TAMS 0x0000000087800000, 0x0000000087800000| Complete 
| 121|0x0000000087900000, 0x0000000087a00000, 0x0000000087a00000|100%| S|CS|TAMS 0x0000000087900000, 0x0000000087900000| Complete 
| 122|0x0000000087a00000, 0x0000000087a00000, 0x0000000087b00000|  0%| F|  |TAMS 0x0000000087a00000, 0x0000000087a00000| Untracked 
| 123|0x0000000087b00000, 0x0000000087b00000, 0x0000000087c00000|  0%| F|  |TAMS 0x0000000087b00000, 0x0000000087b00000| Untracked 
| 124|0x0000000087c00000, 0x0000000087c00000, 0x0000000087d00000|  0%| F|  |TAMS 0x0000000087c00000, 0x0000000087c00000| Untracked 
| 125|0x0000000087d00000, 0x0000000087d00000, 0x0000000087e00000|  0%| F|  |TAMS 0x0000000087d00000, 0x0000000087d00000| Untracked 
| 126|0x0000000087e00000, 0x0000000087e00000, 0x0000000087f00000|  0%| F|  |TAMS 0x0000000087e00000, 0x0000000087e00000| Untracked 
| 127|0x0000000087f00000, 0x0000000087f00000, 0x0000000088000000|  0%| F|  |TAMS 0x0000000087f00000, 0x0000000087f00000| Untracked 
| 128|0x0000000088000000, 0x0000000088000000, 0x0000000088100000|  0%| F|  |TAMS 0x0000000088000000, 0x0000000088000000| Untracked 
| 129|0x0000000088100000, 0x0000000088100000, 0x0000000088200000|  0%| F|  |TAMS 0x0000000088100000, 0x0000000088100000| Untracked 
| 130|0x0000000088200000, 0x0000000088200000, 0x0000000088300000|  0%| F|  |TAMS 0x0000000088200000, 0x0000000088200000| Untracked 
| 131|0x0000000088300000, 0x0000000088300000, 0x0000000088400000|  0%| F|  |TAMS 0x0000000088300000, 0x0000000088300000| Untracked 
| 132|0x0000000088400000, 0x0000000088400000, 0x0000000088500000|  0%| F|  |TAMS 0x0000000088400000, 0x0000000088400000| Untracked 
| 133|0x0000000088500000, 0x0000000088500000, 0x0000000088600000|  0%| F|  |TAMS 0x0000000088500000, 0x0000000088500000| Untracked 
| 134|0x0000000088600000, 0x0000000088600000, 0x0000000088700000|  0%| F|  |TAMS 0x0000000088600000, 0x0000000088600000| Untracked 
| 135|0x0000000088700000, 0x0000000088700000, 0x0000000088800000|  0%| F|  |TAMS 0x0000000088700000, 0x0000000088700000| Untracked 
| 136|0x0000000088800000, 0x0000000088800000, 0x0000000088900000|  0%| F|  |TAMS 0x0000000088800000, 0x0000000088800000| Untracked 
| 137|0x0000000088900000, 0x0000000088900000, 0x0000000088a00000|  0%| F|  |TAMS 0x0000000088900000, 0x0000000088900000| Untracked 
| 138|0x0000000088a00000, 0x0000000088a00000, 0x0000000088b00000|  0%| F|  |TAMS 0x0000000088a00000, 0x0000000088a00000| Untracked 
| 139|0x0000000088b00000, 0x0000000088b00000, 0x0000000088c00000|  0%| F|  |TAMS 0x0000000088b00000, 0x0000000088b00000| Untracked 
| 140|0x0000000088c00000, 0x0000000088c00000, 0x0000000088d00000|  0%| F|  |TAMS 0x0000000088c00000, 0x0000000088c00000| Untracked 
| 141|0x0000000088d00000, 0x0000000088d00000, 0x0000000088e00000|  0%| F|  |TAMS 0x0000000088d00000, 0x0000000088d00000| Untracked 
| 142|0x0000000088e00000, 0x0000000088e00000, 0x0000000088f00000|  0%| F|  |TAMS 0x0000000088e00000, 0x0000000088e00000| Untracked 
| 143|0x0000000088f00000, 0x0000000088f00000, 0x0000000089000000|  0%| F|  |TAMS 0x0000000088f00000, 0x0000000088f00000| Untracked 
| 144|0x0000000089000000, 0x0000000089000000, 0x0000000089100000|  0%| F|  |TAMS 0x0000000089000000, 0x0000000089000000| Untracked 
| 145|0x0000000089100000, 0x0000000089100000, 0x0000000089200000|  0%| F|  |TAMS 0x0000000089100000, 0x0000000089100000| Untracked 
| 146|0x0000000089200000, 0x0000000089200000, 0x0000000089300000|  0%| F|  |TAMS 0x0000000089200000, 0x0000000089200000| Untracked 
| 147|0x0000000089300000, 0x0000000089300000, 0x0000000089400000|  0%| F|  |TAMS 0x0000000089300000, 0x0000000089300000| Untracked 
| 148|0x0000000089400000, 0x0000000089400000, 0x0000000089500000|  0%| F|  |TAMS 0x0000000089400000, 0x0000000089400000| Untracked 
| 149|0x0000000089500000, 0x0000000089500000, 0x0000000089600000|  0%| F|  |TAMS 0x0000000089500000, 0x0000000089500000| Untracked 
| 150|0x0000000089600000, 0x0000000089600000, 0x0000000089700000|  0%| F|  |TAMS 0x0000000089600000, 0x0000000089600000| Untracked 
| 151|0x0000000089700000, 0x0000000089700000, 0x0000000089800000|  0%| F|  |TAMS 0x0000000089700000, 0x0000000089700000| Untracked 
| 152|0x0000000089800000, 0x0000000089800000, 0x0000000089900000|  0%| F|  |TAMS 0x0000000089800000, 0x0000000089800000| Untracked 
| 153|0x0000000089900000, 0x0000000089900000, 0x0000000089a00000|  0%| F|  |TAMS 0x0000000089900000, 0x0000000089900000| Untracked 
| 154|0x0000000089a00000, 0x0000000089a00000, 0x0000000089b00000|  0%| F|  |TAMS 0x0000000089a00000, 0x0000000089a00000| Untracked 
| 155|0x0000000089b00000, 0x0000000089b00000, 0x0000000089c00000|  0%| F|  |TAMS 0x0000000089b00000, 0x0000000089b00000| Untracked 
| 156|0x0000000089c00000, 0x0000000089c00000, 0x0000000089d00000|  0%| F|  |TAMS 0x0000000089c00000, 0x0000000089c00000| Untracked 
| 157|0x0000000089d00000, 0x0000000089d00000, 0x0000000089e00000|  0%| F|  |TAMS 0x0000000089d00000, 0x0000000089d00000| Untracked 
| 158|0x0000000089e00000, 0x0000000089e00000, 0x0000000089f00000|  0%| F|  |TAMS 0x0000000089e00000, 0x0000000089e00000| Untracked 
| 159|0x0000000089f00000, 0x0000000089f00000, 0x000000008a000000|  0%| F|  |TAMS 0x0000000089f00000, 0x0000000089f00000| Untracked 
| 160|0x000000008a000000, 0x000000008a000000, 0x000000008a100000|  0%| F|  |TAMS 0x000000008a000000, 0x000000008a000000| Untracked 
| 161|0x000000008a100000, 0x000000008a100000, 0x000000008a200000|  0%| F|  |TAMS 0x000000008a100000, 0x000000008a100000| Untracked 
| 162|0x000000008a200000, 0x000000008a200000, 0x000000008a300000|  0%| F|  |TAMS 0x000000008a200000, 0x000000008a200000| Untracked 
| 163|0x000000008a300000, 0x000000008a300000, 0x000000008a400000|  0%| F|  |TAMS 0x000000008a300000, 0x000000008a300000| Untracked 
| 164|0x000000008a400000, 0x000000008a400000, 0x000000008a500000|  0%| F|  |TAMS 0x000000008a400000, 0x000000008a400000| Untracked 
| 165|0x000000008a500000, 0x000000008a500000, 0x000000008a600000|  0%| F|  |TAMS 0x000000008a500000, 0x000000008a500000| Untracked 
| 166|0x000000008a600000, 0x000000008a600000, 0x000000008a700000|  0%| F|  |TAMS 0x000000008a600000, 0x000000008a600000| Untracked 
| 167|0x000000008a700000, 0x000000008a700000, 0x000000008a800000|  0%| F|  |TAMS 0x000000008a700000, 0x000000008a700000| Untracked 
| 168|0x000000008a800000, 0x000000008a800000, 0x000000008a900000|  0%| F|  |TAMS 0x000000008a800000, 0x000000008a800000| Untracked 
| 169|0x000000008a900000, 0x000000008a900000, 0x000000008aa00000|  0%| F|  |TAMS 0x000000008a900000, 0x000000008a900000| Untracked 
| 170|0x000000008aa00000, 0x000000008aa00000, 0x000000008ab00000|  0%| F|  |TAMS 0x000000008aa00000, 0x000000008aa00000| Untracked 
| 171|0x000000008ab00000, 0x000000008ab00000, 0x000000008ac00000|  0%| F|  |TAMS 0x000000008ab00000, 0x000000008ab00000| Untracked 
| 172|0x000000008ac00000, 0x000000008ac00000, 0x000000008ad00000|  0%| F|  |TAMS 0x000000008ac00000, 0x000000008ac00000| Untracked 
| 173|0x000000008ad00000, 0x000000008ad00000, 0x000000008ae00000|  0%| F|  |TAMS 0x000000008ad00000, 0x000000008ad00000| Untracked 
| 174|0x000000008ae00000, 0x000000008ae00000, 0x000000008af00000|  0%| F|  |TAMS 0x000000008ae00000, 0x000000008ae00000| Untracked 
| 175|0x000000008af00000, 0x000000008af00000, 0x000000008b000000|  0%| F|  |TAMS 0x000000008af00000, 0x000000008af00000| Untracked 
| 176|0x000000008b000000, 0x000000008b000000, 0x000000008b100000|  0%| F|  |TAMS 0x000000008b000000, 0x000000008b000000| Untracked 
| 177|0x000000008b100000, 0x000000008b100000, 0x000000008b200000|  0%| F|  |TAMS 0x000000008b100000, 0x000000008b100000| Untracked 
| 178|0x000000008b200000, 0x000000008b200000, 0x000000008b300000|  0%| F|  |TAMS 0x000000008b200000, 0x000000008b200000| Untracked 
| 179|0x000000008b300000, 0x000000008b300000, 0x000000008b400000|  0%| F|  |TAMS 0x000000008b300000, 0x000000008b300000| Untracked 
| 180|0x000000008b400000, 0x000000008b400000, 0x000000008b500000|  0%| F|  |TAMS 0x000000008b400000, 0x000000008b400000| Untracked 
| 181|0x000000008b500000, 0x000000008b500000, 0x000000008b600000|  0%| F|  |TAMS 0x000000008b500000, 0x000000008b500000| Untracked 
| 182|0x000000008b600000, 0x000000008b600000, 0x000000008b700000|  0%| F|  |TAMS 0x000000008b600000, 0x000000008b600000| Untracked 
| 183|0x000000008b700000, 0x000000008b700000, 0x000000008b800000|  0%| F|  |TAMS 0x000000008b700000, 0x000000008b700000| Untracked 
| 184|0x000000008b800000, 0x000000008b800000, 0x000000008b900000|  0%| F|  |TAMS 0x000000008b800000, 0x000000008b800000| Untracked 
| 185|0x000000008b900000, 0x000000008b900000, 0x000000008ba00000|  0%| F|  |TAMS 0x000000008b900000, 0x000000008b900000| Untracked 
| 186|0x000000008ba00000, 0x000000008ba00000, 0x000000008bb00000|  0%| F|  |TAMS 0x000000008ba00000, 0x000000008ba00000| Untracked 
| 187|0x000000008bb00000, 0x000000008bb00000, 0x000000008bc00000|  0%| F|  |TAMS 0x000000008bb00000, 0x000000008bb00000| Untracked 
| 188|0x000000008bc00000, 0x000000008bc00000, 0x000000008bd00000|  0%| F|  |TAMS 0x000000008bc00000, 0x000000008bc00000| Untracked 
| 189|0x000000008bd00000, 0x000000008bd00000, 0x000000008be00000|  0%| F|  |TAMS 0x000000008bd00000, 0x000000008bd00000| Untracked 
| 190|0x000000008be00000, 0x000000008be00000, 0x000000008bf00000|  0%| F|  |TAMS 0x000000008be00000, 0x000000008be00000| Untracked 
| 191|0x000000008bf00000, 0x000000008bf00000, 0x000000008c000000|  0%| F|  |TAMS 0x000000008bf00000, 0x000000008bf00000| Untracked 
| 192|0x000000008c000000, 0x000000008c000000, 0x000000008c100000|  0%| F|  |TAMS 0x000000008c000000, 0x000000008c000000| Untracked 
| 193|0x000000008c100000, 0x000000008c100000, 0x000000008c200000|  0%| F|  |TAMS 0x000000008c100000, 0x000000008c100000| Untracked 
| 194|0x000000008c200000, 0x000000008c200000, 0x000000008c300000|  0%| F|  |TAMS 0x000000008c200000, 0x000000008c200000| Untracked 
| 195|0x000000008c300000, 0x000000008c300000, 0x000000008c400000|  0%| F|  |TAMS 0x000000008c300000, 0x000000008c300000| Untracked 
| 196|0x000000008c400000, 0x000000008c400000, 0x000000008c500000|  0%| F|  |TAMS 0x000000008c400000, 0x000000008c400000| Untracked 
| 197|0x000000008c500000, 0x000000008c500000, 0x000000008c600000|  0%| F|  |TAMS 0x000000008c500000, 0x000000008c500000| Untracked 
| 198|0x000000008c600000, 0x000000008c600000, 0x000000008c700000|  0%| F|  |TAMS 0x000000008c600000, 0x000000008c600000| Untracked 
| 199|0x000000008c700000, 0x000000008c700000, 0x000000008c800000|  0%| F|  |TAMS 0x000000008c700000, 0x000000008c700000| Untracked 
| 200|0x000000008c800000, 0x000000008c900000, 0x000000008c900000|100%| E|  |TAMS 0x000000008c800000, 0x000000008c800000| Complete 
| 201|0x000000008c900000, 0x000000008ca00000, 0x000000008ca00000|100%| E|CS|TAMS 0x000000008c900000, 0x000000008c900000| Complete 
| 202|0x000000008ca00000, 0x000000008cb00000, 0x000000008cb00000|100%| E|CS|TAMS 0x000000008ca00000, 0x000000008ca00000| Complete 
| 203|0x000000008cb00000, 0x000000008cc00000, 0x000000008cc00000|100%| E|CS|TAMS 0x000000008cb00000, 0x000000008cb00000| Complete 
| 204|0x000000008cc00000, 0x000000008cd00000, 0x000000008cd00000|100%| E|CS|TAMS 0x000000008cc00000, 0x000000008cc00000| Complete 
| 205|0x000000008cd00000, 0x000000008ce00000, 0x000000008ce00000|100%| E|CS|TAMS 0x000000008cd00000, 0x000000008cd00000| Complete 
| 206|0x000000008ce00000, 0x000000008cf00000, 0x000000008cf00000|100%| E|CS|TAMS 0x000000008ce00000, 0x000000008ce00000| Complete 
| 207|0x000000008cf00000, 0x000000008d000000, 0x000000008d000000|100%| E|CS|TAMS 0x000000008cf00000, 0x000000008cf00000| Complete 
| 208|0x000000008d000000, 0x000000008d100000, 0x000000008d100000|100%| E|CS|TAMS 0x000000008d000000, 0x000000008d000000| Complete 
| 209|0x000000008d100000, 0x000000008d200000, 0x000000008d200000|100%| E|CS|TAMS 0x000000008d100000, 0x000000008d100000| Complete 
| 210|0x000000008d200000, 0x000000008d300000, 0x000000008d300000|100%| E|CS|TAMS 0x000000008d200000, 0x000000008d200000| Complete 
| 211|0x000000008d300000, 0x000000008d400000, 0x000000008d400000|100%| E|CS|TAMS 0x000000008d300000, 0x000000008d300000| Complete 
| 212|0x000000008d400000, 0x000000008d500000, 0x000000008d500000|100%| E|CS|TAMS 0x000000008d400000, 0x000000008d400000| Complete 
| 213|0x000000008d500000, 0x000000008d600000, 0x000000008d600000|100%| E|CS|TAMS 0x000000008d500000, 0x000000008d500000| Complete 
| 214|0x000000008d600000, 0x000000008d700000, 0x000000008d700000|100%| E|CS|TAMS 0x000000008d600000, 0x000000008d600000| Complete 
| 215|0x000000008d700000, 0x000000008d800000, 0x000000008d800000|100%| E|CS|TAMS 0x000000008d700000, 0x000000008d700000| Complete 
| 216|0x000000008d800000, 0x000000008d900000, 0x000000008d900000|100%| E|CS|TAMS 0x000000008d800000, 0x000000008d800000| Complete 
| 217|0x000000008d900000, 0x000000008da00000, 0x000000008da00000|100%| E|CS|TAMS 0x000000008d900000, 0x000000008d900000| Complete 
| 218|0x000000008da00000, 0x000000008db00000, 0x000000008db00000|100%| E|CS|TAMS 0x000000008da00000, 0x000000008da00000| Complete 
| 219|0x000000008db00000, 0x000000008dc00000, 0x000000008dc00000|100%| E|CS|TAMS 0x000000008db00000, 0x000000008db00000| Complete 
| 220|0x000000008dc00000, 0x000000008dd00000, 0x000000008dd00000|100%| E|CS|TAMS 0x000000008dc00000, 0x000000008dc00000| Complete 
| 221|0x000000008dd00000, 0x000000008de00000, 0x000000008de00000|100%| E|CS|TAMS 0x000000008dd00000, 0x000000008dd00000| Complete 
| 222|0x000000008de00000, 0x000000008df00000, 0x000000008df00000|100%| E|CS|TAMS 0x000000008de00000, 0x000000008de00000| Complete 
| 223|0x000000008df00000, 0x000000008e000000, 0x000000008e000000|100%| E|CS|TAMS 0x000000008df00000, 0x000000008df00000| Complete 
| 224|0x000000008e000000, 0x000000008e100000, 0x000000008e100000|100%| E|CS|TAMS 0x000000008e000000, 0x000000008e000000| Complete 
| 225|0x000000008e100000, 0x000000008e200000, 0x000000008e200000|100%| E|CS|TAMS 0x000000008e100000, 0x000000008e100000| Complete 
| 226|0x000000008e200000, 0x000000008e300000, 0x000000008e300000|100%| E|CS|TAMS 0x000000008e200000, 0x000000008e200000| Complete 
| 227|0x000000008e300000, 0x000000008e400000, 0x000000008e400000|100%| E|CS|TAMS 0x000000008e300000, 0x000000008e300000| Complete 
| 228|0x000000008e400000, 0x000000008e500000, 0x000000008e500000|100%| E|CS|TAMS 0x000000008e400000, 0x000000008e400000| Complete 
| 229|0x000000008e500000, 0x000000008e600000, 0x000000008e600000|100%| E|CS|TAMS 0x000000008e500000, 0x000000008e500000| Complete 
| 230|0x000000008e600000, 0x000000008e700000, 0x000000008e700000|100%| E|CS|TAMS 0x000000008e600000, 0x000000008e600000| Complete 
| 231|0x000000008e700000, 0x000000008e800000, 0x000000008e800000|100%| E|CS|TAMS 0x000000008e700000, 0x000000008e700000| Complete 
| 232|0x000000008e800000, 0x000000008e900000, 0x000000008e900000|100%| E|CS|TAMS 0x000000008e800000, 0x000000008e800000| Complete 
| 233|0x000000008e900000, 0x000000008ea00000, 0x000000008ea00000|100%| E|CS|TAMS 0x000000008e900000, 0x000000008e900000| Complete 
| 234|0x000000008ea00000, 0x000000008eb00000, 0x000000008eb00000|100%| E|CS|TAMS 0x000000008ea00000, 0x000000008ea00000| Complete 
| 235|0x000000008eb00000, 0x000000008ec00000, 0x000000008ec00000|100%| E|CS|TAMS 0x000000008eb00000, 0x000000008eb00000| Complete 
| 236|0x000000008ec00000, 0x000000008ed00000, 0x000000008ed00000|100%| E|CS|TAMS 0x000000008ec00000, 0x000000008ec00000| Complete 
| 237|0x000000008ed00000, 0x000000008ee00000, 0x000000008ee00000|100%| E|CS|TAMS 0x000000008ed00000, 0x000000008ed00000| Complete 
| 238|0x000000008ee00000, 0x000000008ef00000, 0x000000008ef00000|100%| E|CS|TAMS 0x000000008ee00000, 0x000000008ee00000| Complete 
| 239|0x000000008ef00000, 0x000000008f000000, 0x000000008f000000|100%| E|CS|TAMS 0x000000008ef00000, 0x000000008ef00000| Complete 
| 240|0x000000008f000000, 0x000000008f100000, 0x000000008f100000|100%| E|CS|TAMS 0x000000008f000000, 0x000000008f000000| Complete 
| 241|0x000000008f100000, 0x000000008f200000, 0x000000008f200000|100%| E|CS|TAMS 0x000000008f100000, 0x000000008f100000| Complete 
| 242|0x000000008f200000, 0x000000008f300000, 0x000000008f300000|100%| E|CS|TAMS 0x000000008f200000, 0x000000008f200000| Complete 
| 243|0x000000008f300000, 0x000000008f400000, 0x000000008f400000|100%| E|CS|TAMS 0x000000008f300000, 0x000000008f300000| Complete 
| 244|0x000000008f400000, 0x000000008f500000, 0x000000008f500000|100%| E|CS|TAMS 0x000000008f400000, 0x000000008f400000| Complete 
| 245|0x000000008f500000, 0x000000008f600000, 0x000000008f600000|100%| E|CS|TAMS 0x000000008f500000, 0x000000008f500000| Complete 
| 246|0x000000008f600000, 0x000000008f700000, 0x000000008f700000|100%| E|CS|TAMS 0x000000008f600000, 0x000000008f600000| Complete 
| 247|0x000000008f700000, 0x000000008f800000, 0x000000008f800000|100%| E|CS|TAMS 0x000000008f700000, 0x000000008f700000| Complete 
| 248|0x000000008f800000, 0x000000008f900000, 0x000000008f900000|100%| E|CS|TAMS 0x000000008f800000, 0x000000008f800000| Complete 
| 249|0x000000008f900000, 0x000000008fa00000, 0x000000008fa00000|100%| E|CS|TAMS 0x000000008f900000, 0x000000008f900000| Complete 
| 250|0x000000008fa00000, 0x000000008fb00000, 0x000000008fb00000|100%| E|CS|TAMS 0x000000008fa00000, 0x000000008fa00000| Complete 
| 251|0x000000008fb00000, 0x000000008fc00000, 0x000000008fc00000|100%| E|CS|TAMS 0x000000008fb00000, 0x000000008fb00000| Complete 
| 252|0x000000008fc00000, 0x000000008fd00000, 0x000000008fd00000|100%| E|CS|TAMS 0x000000008fc00000, 0x000000008fc00000| Complete 
| 253|0x000000008fd00000, 0x000000008fe00000, 0x000000008fe00000|100%| E|CS|TAMS 0x000000008fd00000, 0x000000008fd00000| Complete 
| 254|0x000000008fe00000, 0x000000008ff00000, 0x000000008ff00000|100%| E|CS|TAMS 0x000000008fe00000, 0x000000008fe00000| Complete 
| 255|0x000000008ff00000, 0x0000000090000000, 0x0000000090000000|100%| E|CS|TAMS 0x000000008ff00000, 0x000000008ff00000| Complete 

Card table byte_map: [0x000001e3fa470000,0x000001e3fa870000] _byte_map_base: 0x000001e3fa070000

Marking Bits (Prev, Next): (CMBitMap*) 0x000001e3e5745298, (CMBitMap*) 0x000001e3e57452d0
 Prev Bits: [0x000001e3fac70000, 0x000001e3fcc70000)
 Next Bits: [0x000001e3fcc70000, 0x000001e3fec70000)

Polling page: 0x000001e3e5580000

Metaspace:

Usage:
  Non-class:     73.85 MB capacity,    72.65 MB ( 98%) used,  1001.88 KB (  1%) free+waste,   232.94 KB ( <1%) overhead. 
      Class:     11.57 MB capacity,    10.80 MB ( 93%) used,   682.75 KB (  6%) free+waste,   107.25 KB ( <1%) overhead. 
       Both:     85.43 MB capacity,    83.45 MB ( 98%) used,     1.65 MB (  2%) free+waste,   340.19 KB ( <1%) overhead. 

Virtual space:
  Non-class space:       74.00 MB reserved,      73.92 MB (>99%) committed 
      Class space:        1.00 GB reserved,      11.62 MB (  1%) committed 
             Both:        1.07 GB reserved,      85.55 MB (  8%) committed 

Chunk freelists:
   Non-Class:  7.00 KB
       Class:  20.00 KB
        Both:  27.00 KB

MaxMetaspaceSize: 17179869184.00 GB
CompressedClassSpaceSize: 1.00 GB
Initial GC threshold: 20.80 MB
Current GC threshold: 115.08 MB
CDS: off

CodeHeap 'non-profiled nmethods': size=120064Kb used=5055Kb max_used=5055Kb free=115008Kb
 bounds [0x000001e3f2510000, 0x000001e3f2a00000, 0x000001e3f9a50000]
CodeHeap 'profiled nmethods': size=120000Kb used=18675Kb max_used=18675Kb free=101324Kb
 bounds [0x000001e3eafe0000, 0x000001e3ec220000, 0x000001e3f2510000]
CodeHeap 'non-nmethods': size=5696Kb used=2371Kb max_used=2409Kb free=3324Kb
 bounds [0x000001e3eaa50000, 0x000001e3eacc0000, 0x000001e3eafe0000]
 total_blobs=9519 nmethods=8623 adapters=808
 compilation: enabled
              stopped_count=0, restarted_count=0
 full_count=0

Compilation events (20 events):
Event: 19.003 Thread 0x000001e3ffb64800 8648       1       org.gradle.execution.plan.Node::getDependenciesProcessed (5 bytes)
Event: 19.003 Thread 0x000001e3ffb64800 nmethod 8648 0x000001e3f29f9690 code [0x000001e3f29f9840, 0x000001e3f29f98f8]
Event: 19.003 Thread 0x000001e3ffb64800 8649       2       com.google.common.collect.RegularImmutableSet::spliterator (11 bytes)
Event: 19.004 Thread 0x000001e3ffb64800 nmethod 8649 0x000001e3ec21a310 code [0x000001e3ec21a4e0, 0x000001e3ec21a738]
Event: 19.004 Thread 0x000001e3ffb64800 8650   !   2       com.sun.proxy.$Proxy73::annotationType (29 bytes)
Event: 19.004 Thread 0x000001e3ffb64800 nmethod 8650 0x000001e3ec21a890 code [0x000001e3ec21aa60, 0x000001e3ec21acb8]
Event: 19.005 Thread 0x000001e3ffb64800 8651       2       org.gradle.api.internal.tasks.properties.annotations.InputPropertyAnnotationHandler::visitPropertyValue (18 bytes)
Event: 19.005 Thread 0x000001e3ffb64800 nmethod 8651 0x000001e3ec21ae10 code [0x000001e3ec21afe0, 0x000001e3ec21b1d8]
Event: 19.005 Thread 0x000001e3ffb64800 8652       2       org.gradle.api.internal.tasks.properties.bean.AbstractNestedRuntimeBeanNode$BeanPropertyValue::getTaskDependencies (38 bytes)
Event: 19.006 Thread 0x000001e3ffb64800 nmethod 8652 0x000001e3ec21b390 code [0x000001e3ec21b580, 0x000001e3ec21b7d8]
Event: 19.006 Thread 0x000001e3ffb64800 8653       1       org.gradle.api.internal.tasks.properties.AbstractPropertyNode::getPropertyName (5 bytes)
Event: 19.006 Thread 0x000001e3ffb64800 nmethod 8653 0x000001e3f29f9990 code [0x000001e3f29f9b40, 0x000001e3f29f9bf8]
Event: 19.006 Thread 0x000001e3ffb64800 8654       2       org.gradle.api.internal.project.DefaultProject::compareTo (9 bytes)
Event: 19.006 Thread 0x000001e3ffb64800 nmethod 8654 0x000001e3ec21b990 code [0x000001e3ec21bb60, 0x000001e3ec21be18]
Event: 19.006 Thread 0x000001e3ffb64800 8655       2       org.gradle.api.internal.project.DefaultProject::compareTo (29 bytes)
Event: 19.006 Thread 0x000001e3ffb64800 nmethod 8655 0x000001e3ec21c010 code [0x000001e3ec21c1e0, 0x000001e3ec21c438]
Event: 19.007 Thread 0x000001e3ffb64800 8656       2       org.gradle.api.internal.project.DefaultProject::depthCompare (14 bytes)
Event: 19.007 Thread 0x000001e3ffb64800 nmethod 8656 0x000001e3ec21c610 code [0x000001e3ec21c7c0, 0x000001e3ec21c938]
Event: 19.007 Thread 0x000001e3ffb64800 8657       2       com.google.common.primitives.Ints::compare (20 bytes)
Event: 19.007 Thread 0x000001e3ffb64800 nmethod 8657 0x000001e3ec21ca10 code [0x000001e3ec21cbc0, 0x000001e3ec21ccd8]

GC Heap History (20 events):
Event: 0.444 GC heap before
{Heap before GC invocations=0 (full 0):
 garbage-first heap   total 262144K, used 16384K [0x0000000080000000, 0x0000000100000000)
  region size 1024K, 14 young (14336K), 0 survivors (0K)
 Metaspace       used 6748K, capacity 6937K, committed 7168K, reserved 1056768K
  class space    used 573K, capacity 650K, committed 768K, reserved 1048576K
}
Event: 0.456 GC heap after
{Heap after GC invocations=1 (full 0):
 garbage-first heap   total 262144K, used 3804K [0x0000000080000000, 0x0000000100000000)
  region size 1024K, 2 young (2048K), 2 survivors (2048K)
 Metaspace       used 6748K, capacity 6937K, committed 7168K, reserved 1056768K
  class space    used 573K, capacity 650K, committed 768K, reserved 1048576K
}
Event: 1.315 GC heap before
{Heap before GC invocations=1 (full 0):
 garbage-first heap   total 262144K, used 49884K [0x0000000080000000, 0x0000000100000000)
  region size 1024K, 44 young (45056K), 2 survivors (2048K)
 Metaspace       used 11339K, capacity 11584K, committed 11776K, reserved 1060864K
  class space    used 1156K, capacity 1244K, committed 1280K, reserved 1048576K
}
Event: 1.320 GC heap after
{Heap after GC invocations=2 (full 0):
 garbage-first heap   total 262144K, used 13652K [0x0000000080000000, 0x0000000100000000)
  region size 1024K, 6 young (6144K), 6 survivors (6144K)
 Metaspace       used 11339K, capacity 11584K, committed 11776K, reserved 1060864K
  class space    used 1156K, capacity 1244K, committed 1280K, reserved 1048576K
}
Event: 2.981 GC heap before
{Heap before GC invocations=2 (full 0):
 garbage-first heap   total 262144K, used 55636K [0x0000000080000000, 0x0000000100000000)
  region size 1024K, 47 young (48128K), 6 survivors (6144K)
 Metaspace       used 18436K, capacity 18873K, committed 19072K, reserved 1067008K
  class space    used 2163K, capacity 2317K, committed 2432K, reserved 1048576K
}
Event: 2.987 GC heap after
{Heap after GC invocations=3 (full 0):
 garbage-first heap   total 262144K, used 16850K [0x0000000080000000, 0x0000000100000000)
  region size 1024K, 3 young (3072K), 3 survivors (3072K)
 Metaspace       used 18436K, capacity 18873K, committed 19072K, reserved 1067008K
  class space    used 2163K, capacity 2317K, committed 2432K, reserved 1048576K
}
Event: 3.320 GC heap before
{Heap before GC invocations=3 (full 0):
 garbage-first heap   total 262144K, used 38354K [0x0000000080000000, 0x0000000100000000)
  region size 1024K, 25 young (25600K), 3 survivors (3072K)
 Metaspace       used 20781K, capacity 21163K, committed 21296K, reserved 1069056K
  class space    used 2516K, capacity 2653K, committed 2688K, reserved 1048576K
}
Event: 3.323 GC heap after
{Heap after GC invocations=4 (full 0):
 garbage-first heap   total 262144K, used 17463K [0x0000000080000000, 0x0000000100000000)
  region size 1024K, 4 young (4096K), 4 survivors (4096K)
 Metaspace       used 20781K, capacity 21163K, committed 21296K, reserved 1069056K
  class space    used 2516K, capacity 2653K, committed 2688K, reserved 1048576K
}
Event: 6.444 GC heap before
{Heap before GC invocations=5 (full 0):
 garbage-first heap   total 262144K, used 69687K [0x0000000080000000, 0x0000000100000000)
  region size 1024K, 55 young (56320K), 4 survivors (4096K)
 Metaspace       used 26292K, capacity 27020K, committed 27184K, reserved 1073152K
  class space    used 3412K, capacity 3658K, committed 3712K, reserved 1048576K
}
Event: 6.449 GC heap after
{Heap after GC invocations=6 (full 0):
 garbage-first heap   total 262144K, used 19517K [0x0000000080000000, 0x0000000100000000)
  region size 1024K, 6 young (6144K), 6 survivors (6144K)
 Metaspace       used 26292K, capacity 27020K, committed 27184K, reserved 1073152K
  class space    used 3412K, capacity 3658K, committed 3712K, reserved 1048576K
}
Event: 9.735 GC heap before
{Heap before GC invocations=6 (full 0):
 garbage-first heap   total 262144K, used 88125K [0x0000000080000000, 0x0000000100000000)
  region size 1024K, 74 young (75776K), 6 survivors (6144K)
 Metaspace       used 34905K, capacity 35730K, committed 35888K, reserved 1081344K
  class space    used 4551K, capacity 4887K, committed 4992K, reserved 1048576K
}
Event: 9.744 GC heap after
{Heap after GC invocations=7 (full 0):
 garbage-first heap   total 262144K, used 22889K [0x0000000080000000, 0x0000000100000000)
  region size 1024K, 9 young (9216K), 9 survivors (9216K)
 Metaspace       used 34905K, capacity 35730K, committed 35888K, reserved 1081344K
  class space    used 4551K, capacity 4887K, committed 4992K, reserved 1048576K
}
Event: 12.823 GC heap before
{Heap before GC invocations=8 (full 0):
 garbage-first heap   total 262144K, used 160105K [0x0000000080000000, 0x0000000100000000)
  region size 1024K, 140 young (143360K), 9 survivors (9216K)
 Metaspace       used 46956K, capacity 48002K, committed 48048K, reserved 1091584K
  class space    used 5979K, capacity 6381K, committed 6400K, reserved 1048576K
}
Event: 12.837 GC heap after
{Heap after GC invocations=9 (full 0):
 garbage-first heap   total 262144K, used 31010K [0x0000000080000000, 0x0000000100000000)
  region size 1024K, 17 young (17408K), 17 survivors (17408K)
 Metaspace       used 46956K, capacity 48002K, committed 48048K, reserved 1091584K
  class space    used 5979K, capacity 6381K, committed 6400K, reserved 1048576K
}
Event: 15.139 GC heap before
{Heap before GC invocations=9 (full 0):
 garbage-first heap   total 262144K, used 174370K [0x0000000080000000, 0x0000000100000000)
  region size 1024K, 151 young (154624K), 17 survivors (17408K)
 Metaspace       used 58549K, capacity 60081K, committed 60208K, reserved 1101824K
  class space    used 7373K, capacity 7985K, committed 8064K, reserved 1048576K
}
Event: 15.161 GC heap after
{Heap after GC invocations=10 (full 0):
 garbage-first heap   total 262144K, used 49737K [0x0000000080000000, 0x0000000100000000)
  region size 1024K, 20 young (20480K), 20 survivors (20480K)
 Metaspace       used 58549K, capacity 60081K, committed 60208K, reserved 1101824K
  class space    used 7373K, capacity 7985K, committed 8064K, reserved 1048576K
}
Event: 16.711 GC heap before
{Heap before GC invocations=11 (full 0):
 garbage-first heap   total 262144K, used 193097K [0x0000000080000000, 0x0000000100000000)
  region size 1024K, 153 young (156672K), 20 survivors (20480K)
 Metaspace       used 68836K, capacity 70506K, committed 70704K, reserved 1110016K
  class space    used 8675K, capacity 9320K, committed 9344K, reserved 1048576K
}
Event: 16.735 GC heap after
{Heap after GC invocations=12 (full 0):
 garbage-first heap   total 262144K, used 60240K [0x0000000080000000, 0x0000000100000000)
  region size 1024K, 11 young (11264K), 11 survivors (11264K)
 Metaspace       used 68836K, capacity 70506K, committed 70704K, reserved 1110016K
  class space    used 8675K, capacity 9320K, committed 9344K, reserved 1048576K
}
Event: 18.325 GC heap before
{Heap before GC invocations=13 (full 0):
 garbage-first heap   total 262144K, used 196432K [0x0000000080000000, 0x0000000100000000)
  region size 1024K, 144 young (147456K), 11 survivors (11264K)
 Metaspace       used 80635K, capacity 82515K, committed 82608K, reserved 1120256K
  class space    used 10474K, capacity 11205K, committed 11264K, reserved 1048576K
}
Event: 18.340 GC heap after
{Heap after GC invocations=14 (full 0):
 garbage-first heap   total 262144K, used 68608K [0x0000000080000000, 0x0000000100000000)
  region size 1024K, 8 young (8192K), 8 survivors (8192K)
 Metaspace       used 80635K, capacity 82515K, committed 82608K, reserved 1120256K
  class space    used 10474K, capacity 11205K, committed 11264K, reserved 1048576K
}

Deoptimization events (20 events):
Event: 18.703 Thread 0x000001e382d40800 DEOPT PACKING pc=0x000001e3f27b058c sp=0x0000007208df74a0
Event: 18.703 Thread 0x000001e382d40800 DEOPT UNPACKING pc=0x000001e3eaa9a1af sp=0x0000007208df7458 mode 2
Event: 18.734 Thread 0x000001e382d40800 DEOPT PACKING pc=0x000001e3ebc2fbec sp=0x0000007208df7830
Event: 18.734 Thread 0x000001e382d40800 DEOPT UNPACKING pc=0x000001e3eaa9a95e sp=0x0000007208df6dd0 mode 0
Event: 18.777 Thread 0x000001e382d40800 DEOPT PACKING pc=0x000001e3ebed40c9 sp=0x0000007208df77e0
Event: 18.777 Thread 0x000001e382d40800 DEOPT UNPACKING pc=0x000001e3eaa9a95e sp=0x0000007208df6d50 mode 0
Event: 18.784 Thread 0x000001e382d40800 DEOPT PACKING pc=0x000001e3ebc2fbec sp=0x0000007208df7830
Event: 18.784 Thread 0x000001e382d40800 DEOPT UNPACKING pc=0x000001e3eaa9a95e sp=0x0000007208df6dd0 mode 0
Event: 18.857 Thread 0x000001e382d40800 DEOPT PACKING pc=0x000001e3ebc2f456 sp=0x0000007208df8d90
Event: 18.857 Thread 0x000001e382d40800 DEOPT UNPACKING pc=0x000001e3eaa9a95e sp=0x0000007208df8330 mode 0
Event: 18.918 Thread 0x000001e382d40800 DEOPT PACKING pc=0x000001e3ebc2f54d sp=0x0000007208df8d20
Event: 18.918 Thread 0x000001e382d40800 DEOPT UNPACKING pc=0x000001e3eaa9a95e sp=0x0000007208df82c0 mode 0
Event: 18.941 Thread 0x000001e382d40800 DEOPT PACKING pc=0x000001e3ebed40c9 sp=0x0000007208df9080
Event: 18.941 Thread 0x000001e382d40800 DEOPT UNPACKING pc=0x000001e3eaa9a95e sp=0x0000007208df85d8 mode 0
Event: 18.942 Thread 0x000001e382d40800 DEOPT PACKING pc=0x000001e3ebc2fbec sp=0x0000007208df8d20
Event: 18.942 Thread 0x000001e382d40800 DEOPT UNPACKING pc=0x000001e3eaa9a95e sp=0x0000007208df82c0 mode 0
Event: 18.995 Thread 0x000001e382d40800 DEOPT PACKING pc=0x000001e3ebc2f47c sp=0x0000007208df8d60
Event: 18.995 Thread 0x000001e382d40800 DEOPT UNPACKING pc=0x000001e3eaa9a95e sp=0x0000007208df8300 mode 0
Event: 19.003 Thread 0x000001e382d40800 DEOPT PACKING pc=0x000001e3ebed40c9 sp=0x0000007208df9020
Event: 19.003 Thread 0x000001e382d40800 DEOPT UNPACKING pc=0x000001e3eaa9a95e sp=0x0000007208df8578 mode 0

Classes redefined (0 events):
No events

Internal exceptions (20 events):
Event: 17.661 Thread 0x000001e382d40800 Exception <a 'java/lang/ClassNotFoundException'{0x000000008af4dd78}: com/android/build/gradle/internal/api/ReadOnlyBuildTypeBeanInfo> (0x000000008af4dd78) thrown at [src/hotspot/share/classfile/systemDictionary.cpp, line 230]
Event: 17.662 Thread 0x000001e382d40800 Exception <a 'java/lang/ClassNotFoundException'{0x000000008af6c470}: com/android/build/gradle/internal/api/ReadOnlyBaseConfigBeanInfo> (0x000000008af6c470) thrown at [src/hotspot/share/classfile/systemDictionary.cpp, line 230]
Event: 17.662 Thread 0x000001e382d40800 Exception <a 'java/lang/ClassNotFoundException'{0x000000008af8b6b0}: com/android/build/gradle/internal/api/ReadOnlyBaseConfigCustomizer> (0x000000008af8b6b0) thrown at [src/hotspot/share/classfile/systemDictionary.cpp, line 230]
Event: 17.663 Thread 0x000001e382d40800 Exception <a 'java/lang/ClassNotFoundException'{0x000000008afba458}: com/android/build/gradle/internal/api/ReadOnlyBuildTypeCustomizer> (0x000000008afba458) thrown at [src/hotspot/share/classfile/systemDictionary.cpp, line 230]
Event: 17.799 Thread 0x000001e382d40800 Implicit null exception at 0x000001e3f295f0a4 to 0x000001e3f295f9c4
Event: 17.799 Thread 0x000001e382d40800 Implicit null exception at 0x000001e3f29588db to 0x000001e3f295896c
Event: 17.799 Thread 0x000001e382d40800 Implicit null exception at 0x000001e3f295f0a4 to 0x000001e3f295f9c4
Event: 17.801 Thread 0x000001e382d40800 Implicit null exception at 0x000001e3f295f0a4 to 0x000001e3f295f9c4
Event: 17.801 Thread 0x000001e382d40800 Implicit null exception at 0x000001e3f295f0a4 to 0x000001e3f295f9c4
Event: 18.064 Thread 0x000001e382d40800 Exception <a 'java/lang/NoSuchMethodError'{0x00000000894fe1f0}: 'java.lang.Object java.lang.invoke.DirectMethodHandle$Holder.invokeStatic(java.lang.Object, java.lang.Object, java.lang.Object, java.lang.Object, java.lang.Object, java.lang.Object, int)'> (0x00000000894fe1f0) thrown at [src/hotspot/share/interpreter/linkResolver.cpp, line 773]
Event: 18.065 Thread 0x000001e382d40800 Exception <a 'java/lang/NoSuchMethodError'{0x0000000089315fe0}: 'java.lang.Object java.lang.invoke.DirectMethodHandle$Holder.invokeStatic(java.lang.Object, java.lang.Object, java.lang.Object, java.lang.Object, java.lang.Object, java.lang.Object, int, int)'> (0x0000000089315fe0) thrown at [src/hotspot/share/interpreter/linkResolver.cpp, line 773]
Event: 18.066 Thread 0x000001e382d40800 Exception <a 'java/lang/NoSuchMethodError'{0x000000008932e598}: 'java.lang.Object java.lang.invoke.DirectMethodHandle$Holder.invokeStatic(java.lang.Object, java.lang.Object, java.lang.Object, java.lang.Object, java.lang.Object, java.lang.Object, int, int, java.lang.Object)'> (0x000000008932e598) thrown at [src/hotspot/share/interpreter/linkResolver.cpp, line 773]
Event: 18.164 Thread 0x000001e382d40800 Exception <a 'sun/nio/fs/WindowsException'{0x0000000088bcf908}> (0x0000000088bcf908) thrown at [src/hotspot/share/prims/jni.cpp, line 617]
Event: 18.272 Thread 0x000001e382d40800 Exception <a 'java/lang/NullPointerException'{0x000000008806c220}> (0x000000008806c220) thrown at [src/hotspot/share/interpreter/linkResolver.cpp, line 1440]
Event: 18.378 Thread 0x000001e382d40800 Implicit null exception at 0x000001e3f290c82c to 0x000001e3f290e184
Event: 18.532 Thread 0x000001e382d40800 Exception <a 'sun/nio/fs/WindowsException'{0x000000008f3da640}> (0x000000008f3da640) thrown at [src/hotspot/share/prims/jni.cpp, line 617]
Event: 18.532 Thread 0x000001e382d40800 Exception <a 'sun/nio/fs/WindowsException'{0x000000008f3db9e0}> (0x000000008f3db9e0) thrown at [src/hotspot/share/prims/jni.cpp, line 617]
Event: 18.532 Thread 0x000001e382d40800 Exception <a 'sun/nio/fs/WindowsException'{0x000000008f3dcdb8}> (0x000000008f3dcdb8) thrown at [src/hotspot/share/prims/jni.cpp, line 617]
Event: 18.532 Thread 0x000001e382d40800 Exception <a 'sun/nio/fs/WindowsException'{0x000000008f3de190}> (0x000000008f3de190) thrown at [src/hotspot/share/prims/jni.cpp, line 617]
Event: 18.719 Thread 0x000001e382d40800 Exception <a 'java/lang/NoSuchMethodError'{0x000000008e3057b0}: 'java.lang.Object java.lang.invoke.Invokers$Holder.linkToTargetMethod(java.lang.Object, int, java.lang.Object)'> (0x000000008e3057b0) thrown at [src/hotspot/share/interpreter/linkResolver.cpp, line 773]

Events (20 events):
Event: 18.975 loading class com/android/build/api/variant/impl/FlatSourceDirectoriesImpl$getAsFileTrees$1$1$1
Event: 18.975 loading class com/android/build/api/variant/impl/FlatSourceDirectoriesImpl$getAsFileTrees$1$1$1 done
Event: 18.976 loading class org/gradle/api/specs/OrSpec
Event: 18.976 loading class org/gradle/api/specs/OrSpec done
Event: 18.976 loading class com/android/build/api/variant/impl/FileBasedDirectoryEntryImpl$asFileTree$1$1
Event: 18.976 loading class com/android/build/api/variant/impl/FileBasedDirectoryEntryImpl$asFileTree$1$1 done
Event: 18.985 loading class com/android/build/gradle/internal/dependency/VariantDependencies$Companion$getComponentFilter$4
Event: 18.985 loading class com/android/build/gradle/internal/dependency/VariantDependencies$Companion$getComponentFilter$4 done
Event: 18.993 loading class com/android/build/gradle/internal/tasks/DexArchiveBuilderTask$DexingOutputs
Event: 18.993 loading class com/android/build/gradle/internal/tasks/DexArchiveBuilderTask$DexingOutputs done
Event: 18.993 loading class com/android/build/gradle/internal/tasks/DexParameterInputs
Event: 18.993 loading class com/android/build/gradle/internal/tasks/DexParameterInputs done
Event: 18.994 loading class com/android/build/gradle/internal/tasks/DexArchiveBuilderTask$Companion
Event: 18.994 loading class com/android/build/gradle/internal/tasks/DexArchiveBuilderTask$Companion done
Event: 18.998 loading class com/android/build/gradle/internal/dexing/DexParameters
Event: 18.998 loading class com/android/build/gradle/internal/dexing/DexParameters done
Event: 19.000 loading class com/android/build/gradle/internal/tasks/DexArchiveBuilderTask$CreationAction$configure$1
Event: 19.000 loading class com/android/build/gradle/internal/tasks/DexArchiveBuilderTask$CreationAction$configure$1 done
Event: 19.007 loading class com/android/build/gradle/internal/tasks/MergeNativeLibsTask$Companion
Event: 19.007 loading class com/android/build/gradle/internal/tasks/MergeNativeLibsTask$Companion done


Dynamic libraries:
0x00007ff6523b0000 - 0x00007ff6523ba000 	C:\Program Files\Android\Android Studio\jbr\bin\java.exe
0x00007ff926e10000 - 0x00007ff927008000 	C:\Windows\SYSTEM32\ntdll.dll
0x00007ff925830000 - 0x00007ff9258ef000 	C:\Windows\System32\KERNEL32.DLL
0x00007ff924740000 - 0x00007ff924a12000 	C:\Windows\System32\KERNELBASE.dll
0x00007ff921e00000 - 0x00007ff921e91000 	C:\Windows\SYSTEM32\apphelp.dll
0x00007ff924d20000 - 0x00007ff924e20000 	C:\Windows\System32\ucrtbase.dll
0x00007ff90dbe0000 - 0x00007ff90dbf7000 	C:\Program Files\Android\Android Studio\jbr\bin\jli.dll
0x00007ff90b3a0000 - 0x00007ff90b3bb000 	C:\Program Files\Android\Android Studio\jbr\bin\VCRUNTIME140.dll
0x00007ff925ee0000 - 0x00007ff926081000 	C:\Windows\System32\USER32.dll
0x00007ff915750000 - 0x00007ff9159ea000 	C:\Windows\WinSxS\amd64_microsoft.windows.common-controls_6595b64144ccf1df_6.0.19041.1110_none_60b5254171f9507e\COMCTL32.dll
0x00007ff924600000 - 0x00007ff924622000 	C:\Windows\System32\win32u.dll
0x00007ff926b30000 - 0x00007ff926bce000 	C:\Windows\System32\msvcrt.dll
0x00007ff926c80000 - 0x00007ff926cab000 	C:\Windows\System32\GDI32.dll
0x00007ff924630000 - 0x00007ff92473f000 	C:\Windows\System32\gdi32full.dll
0x00007ff924bd0000 - 0x00007ff924c6d000 	C:\Windows\System32\msvcp_win.dll
0x00007ff9268e0000 - 0x00007ff926912000 	C:\Windows\System32\IMM32.DLL
0x00007ff90aa60000 - 0x00007ff90aa6c000 	C:\Program Files\Android\Android Studio\jbr\bin\vcruntime140_1.dll
0x00007ff901b40000 - 0x00007ff901bcd000 	C:\Program Files\Android\Android Studio\jbr\bin\msvcp140.dll
0x00007ff8d1720000 - 0x00007ff8d22dc000 	C:\Program Files\Android\Android Studio\jbr\bin\server\jvm.dll
0x00007ff926780000 - 0x00007ff92682e000 	C:\Windows\System32\ADVAPI32.dll
0x00007ff926840000 - 0x00007ff9268dc000 	C:\Windows\System32\sechost.dll
0x00007ff925d30000 - 0x00007ff925e55000 	C:\Windows\System32\RPCRT4.dll
0x00007ff9255a0000 - 0x00007ff9255a8000 	C:\Windows\System32\PSAPI.DLL
0x00007ff918620000 - 0x00007ff918647000 	C:\Windows\SYSTEM32\WINMM.dll
0x00007ff91e1f0000 - 0x00007ff91e1fa000 	C:\Windows\SYSTEM32\VERSION.dll
0x00007ff91fc70000 - 0x00007ff91fc79000 	C:\Windows\SYSTEM32\WSOCK32.dll
0x00007ff926710000 - 0x00007ff92677b000 	C:\Windows\System32\WS2_32.dll
0x00007ff9223e0000 - 0x00007ff9223f2000 	C:\Windows\SYSTEM32\kernel.appcore.dll
0x00007ff91e270000 - 0x00007ff91e280000 	C:\Program Files\Android\Android Studio\jbr\bin\verify.dll
0x00007ff914b90000 - 0x00007ff914d74000 	C:\Windows\SYSTEM32\DBGHELP.DLL
0x00007ff914aa0000 - 0x00007ff914ad5000 	C:\Windows\SYSTEM32\dbgcore.DLL
0x00007ff924570000 - 0x00007ff9245f2000 	C:\Windows\System32\bcryptPrimitives.dll
0x00007ff9159f0000 - 0x00007ff915a18000 	C:\Program Files\Android\Android Studio\jbr\bin\java.dll
0x00007ff91e260000 - 0x00007ff91e26a000 	C:\Program Files\Android\Android Studio\jbr\bin\jimage.dll
0x00007ff913640000 - 0x00007ff913658000 	C:\Program Files\Android\Android Studio\jbr\bin\zip.dll
0x00007ff924e50000 - 0x00007ff925594000 	C:\Windows\System32\SHELL32.dll
0x00007ff9225e0000 - 0x00007ff922d72000 	C:\Windows\SYSTEM32\windows.storage.dll
0x00007ff9258f0000 - 0x00007ff925c45000 	C:\Windows\System32\combase.dll
0x00007ff923f60000 - 0x00007ff923f90000 	C:\Windows\SYSTEM32\Wldp.dll
0x00007ff926bd0000 - 0x00007ff926c7d000 	C:\Windows\System32\SHCORE.dll
0x00007ff9255b0000 - 0x00007ff925605000 	C:\Windows\System32\shlwapi.dll
0x00007ff924440000 - 0x00007ff92445f000 	C:\Windows\SYSTEM32\profapi.dll
0x00007ff9111c0000 - 0x00007ff9111d9000 	C:\Program Files\Android\Android Studio\jbr\bin\net.dll
0x00007ff91cf30000 - 0x00007ff91d03c000 	C:\Windows\SYSTEM32\WINHTTP.dll
0x00007ff923cc0000 - 0x00007ff923d2a000 	C:\Windows\system32\mswsock.dll
0x00007ff90bcb0000 - 0x00007ff90bcc3000 	C:\Program Files\Android\Android Studio\jbr\bin\nio.dll
0x00007ff90a940000 - 0x00007ff90a967000 	C:\Users\Albatross\.gradle\native\e1d6ef7f7dcc3fd88c89a11ec53ec762bb8ba0a96d01ffa2cd45eb1d1d8dd5c5\windows-amd64\native-platform.dll
0x00007ff900940000 - 0x00007ff900a84000 	C:\Users\Albatross\.gradle\native\0d407fdbe67a94daf76414ababcb853783967236a71b16ec16e742cd7a986fd3\windows-amd64\native-platform-file-events.dll
0x00007ff911280000 - 0x00007ff91128a000 	C:\Program Files\Android\Android Studio\jbr\bin\management.dll
0x00007ff9106c0000 - 0x00007ff9106cb000 	C:\Program Files\Android\Android Studio\jbr\bin\management_ext.dll
0x00007ff923ec0000 - 0x00007ff923ed8000 	C:\Windows\SYSTEM32\CRYPTSP.dll
0x00007ff923500000 - 0x00007ff923534000 	C:\Windows\system32\rsaenh.dll
0x00007ff924e20000 - 0x00007ff924e47000 	C:\Windows\System32\bcrypt.dll
0x00007ff924400000 - 0x00007ff92442e000 	C:\Windows\SYSTEM32\USERENV.dll
0x00007ff923eb0000 - 0x00007ff923ebc000 	C:\Windows\SYSTEM32\CRYPTBASE.dll
0x00007ff923960000 - 0x00007ff92399b000 	C:\Windows\SYSTEM32\IPHLPAPI.DLL
0x00007ff926830000 - 0x00007ff926838000 	C:\Windows\System32\NSI.dll
0x00007ff91e240000 - 0x00007ff91e257000 	C:\Windows\SYSTEM32\dhcpcsvc6.DLL
0x00007ff91e220000 - 0x00007ff91e23d000 	C:\Windows\SYSTEM32\dhcpcsvc.DLL
0x00007ff9239b0000 - 0x00007ff923a7a000 	C:\Windows\SYSTEM32\DNSAPI.dll

dbghelp: loaded successfully - version: 4.0.5 - missing functions: none
symbol engine: initialized successfully - sym options: 0x614 - pdb path: .;C:\Program Files\Android\Android Studio\jbr\bin;C:\Windows\SYSTEM32;C:\Windows\WinSxS\amd64_microsoft.windows.common-controls_6595b64144ccf1df_6.0.19041.1110_none_60b5254171f9507e;C:\Program Files\Android\Android Studio\jbr\bin\server;C:\Users\Albatross\.gradle\native\e1d6ef7f7dcc3fd88c89a11ec53ec762bb8ba0a96d01ffa2cd45eb1d1d8dd5c5\windows-amd64;C:\Users\Albatross\.gradle\native\0d407fdbe67a94daf76414ababcb853783967236a71b16ec16e742cd7a986fd3\windows-amd64

VM Arguments:
jvm_args: --add-opens=java.base/java.util=ALL-UNNAMED --add-opens=java.base/java.lang=ALL-UNNAMED --add-opens=java.base/java.lang.invoke=ALL-UNNAMED --add-opens=java.base/java.util=ALL-UNNAMED --add-opens=java.prefs/java.util.prefs=ALL-UNNAMED --add-opens=java.prefs/java.util.prefs=ALL-UNNAMED --add-opens=java.base/java.nio.charset=ALL-UNNAMED --add-opens=java.base/java.net=ALL-UNNAMED --add-opens=java.base/java.util.concurrent.atomic=ALL-UNNAMED -Xmx2048m -Dfile.encoding=UTF-8 -Duser.country=RU -Duser.language=ru -Duser.variant 
java_command: org.gradle.launcher.daemon.bootstrap.GradleDaemon 7.5
java_class_path (initial): C:\Users\Albatross\.gradle\wrapper\dists\gradle-7.5-bin\f1w0cc9nuo0eivz97x2xlu9sv\gradle-7.5\lib\gradle-launcher-7.5.jar
Launcher Type: SUN_STANDARD

[Global flags]
     intx CICompilerCount                          = 3                                         {product} {ergonomic}
     uint ConcGCThreads                            = 1                                         {product} {ergonomic}
     uint G1ConcRefinementThreads                  = 4                                         {product} {ergonomic}
   size_t G1HeapRegionSize                         = 1048576                                   {product} {ergonomic}
    uintx GCDrainStackTargetSize                   = 64                                        {product} {ergonomic}
   size_t InitialHeapSize                          = 268435456                                 {product} {ergonomic}
   size_t MarkStackSize                            = 4194304                                   {product} {ergonomic}
   size_t MaxHeapSize                              = 2147483648                                {product} {command line}
   size_t MaxNewSize                               = 1287651328                                {product} {ergonomic}
   size_t MinHeapDeltaBytes                        = 1048576                                   {product} {ergonomic}
    uintx NonNMethodCodeHeapSize                   = 5830732                                {pd product} {ergonomic}
    uintx NonProfiledCodeHeapSize                  = 122913754                              {pd product} {ergonomic}
    uintx ProfiledCodeHeapSize                     = 122913754                              {pd product} {ergonomic}
    uintx ReservedCodeCacheSize                    = 251658240                              {pd product} {ergonomic}
     bool SegmentedCodeCache                       = true                                      {product} {ergonomic}
     bool UseCompressedClassPointers               = true                                 {lp64_product} {ergonomic}
     bool UseCompressedOops                        = true                                 {lp64_product} {ergonomic}
     bool UseG1GC                                  = true                                      {product} {ergonomic}
     bool UseLargePagesIndividualAllocation        = false                                  {pd product} {ergonomic}

Logging:
Log output configuration:
 #0: stdout all=warning uptime,level,tags
 #1: stderr all=off uptime,level,tags

Environment Variables:
PATH=C:\Program Files\Common Files\Oracle\Java\javapath;C:\Program Files (x86)\Intel\iCLS Client\;C:\Program Files\Intel\iCLS Client\;C:\Windows\system32;C:\Windows;C:\Windows\System32\Wbem;C:\Windows\System32\WindowsPowerShell\v1.0\;C:\Windows\System32\OpenSSH\;C:\Program Files\Intel\Intel(R) Management Engine Components\DAL;C:\Program Files\Intel\Intel(R) Management Engine Components\IPT;C:\Program Files (x86)\Intel\Intel(R) Management Engine Components\DAL;C:\Program Files (x86)\Intel\Intel(R) Management Engine Components\IPT;C:\Program Files (x86)\NVIDIA Corporation\PhysX\Common;C:\Program Files (x86)\dotnet\;C:\Program Files\Git\cmd;C:\Users\Albatross\AppData\Local\Microsoft\WindowsApps;
USERNAME=Albatross
OS=Windows_NT
PROCESSOR_IDENTIFIER=Intel64 Family 6 Model 58 Stepping 9, GenuineIntel



---------------  S Y S T E M  ---------------

OS: Windows 10 , 64 bit Build 19041 (10.0.19041.2364)
OS uptime: 4 days 14:26 hours

CPU:total 4 (initial active 4) (4 cores per cpu, 1 threads per core) family 6 model 58 stepping 9 microcode 0x21, cmov, cx8, fxsr, mmx, sse, sse2, sse3, ssse3, sse4.1, sse4.2, popcnt, avx, aes, clmul, erms, tsc, tscinvbit, tscinv

Memory: 4k page, system-wide physical 16345M (6450M free)
TotalPageFile size 18777M (AvailPageFile size 8695M)
current process WorkingSet (physical memory assigned to process): 482M, peak: 483M
current process commit charge ("private bytes"): 537M, peak: 538M

vm_info: OpenJDK 64-Bit Server VM (11.0.15+0-b2043.56-9505619) for windows-amd64 JRE (11.0.15+0-b2043.56-9505619), built on Jan 19 2023 02:48:00 by "builduser" with unknown MS VC++:1929

END.
