#
# A fatal error has been detected by the Java Runtime Environment:
#
#  EXCEPTION_ACCESS_VIOLATION (0xc0000005) at pc=0x00007ff8d1a20465, pid=1236, tid=10216
#
# JRE version: OpenJDK Runtime Environment (11.0.15) (build 11.0.15+0-b2043.56-9505619)
# Java VM: OpenJDK 64-Bit Server VM (11.0.15+0-b2043.56-9505619, mixed mode, tiered, compressed oops, g1 gc, windows-amd64)
# Problematic frame:
# V  [jvm.dll+0x300465]
#
# No core dump will be written. Minidumps are not enabled by default on client versions of Windows
#
# If you would like to submit a bug report, please visit:
#   https://bugreport.java.com/bugreport/crash.jsp
#

---------------  S U M M A R Y ------------

Command Line: --add-opens=java.base/java.util=ALL-UNNAMED --add-opens=java.base/java.lang=ALL-UNNAMED --add-opens=java.base/java.lang.invoke=ALL-UNNAMED --add-opens=java.base/java.util=ALL-UNNAMED --add-opens=java.prefs/java.util.prefs=ALL-UNNAMED --add-opens=java.prefs/java.util.prefs=ALL-UNNAMED --add-opens=java.base/java.nio.charset=ALL-UNNAMED --add-opens=java.base/java.net=ALL-UNNAMED --add-opens=java.base/java.util.concurrent.atomic=ALL-UNNAMED -Xmx2048m -Dfile.encoding=UTF-8 -Duser.country=RU -Duser.language=ru -Duser.variant org.gradle.launcher.daemon.bootstrap.GradleDaemon 7.5

Host: Intel(R) Core(TM) i5-3550 CPU @ 3.30GHz, 4 cores, 15G,  Windows 10 , 64 bit Build 19041 (10.0.19041.2364)
Time: Fri Feb  3 09:44:57 2023 RTZ 2 (s 10 , 64 bit Build 19041 (10.0.19041.2364) elapsed time: 288.006146 seconds (0d 0h 4m 48s)

---------------  T H R E A D  ---------------

Current thread (0x0000018182e3c800):  ConcurrentGCThread "G1 Conc#0" [stack: 0x0000007291600000,0x0000007291700000] [id=10216]

Stack: [0x0000007291600000,0x0000007291700000],  sp=0x00000072916ff930,  free space=1022k
Native frames: (J=compiled Java code, j=interpreted, Vv=VM code, C=native code)
V  [jvm.dll+0x300465]
V  [jvm.dll+0x304f3a]
V  [jvm.dll+0x30d374]
V  [jvm.dll+0x802c20]
V  [jvm.dll+0x78dc24]
V  [jvm.dll+0x6400f6]
C  [ucrtbase.dll+0x21bb2]
C  [KERNEL32.DLL+0x17614]
C  [ntdll.dll+0x526a1]


siginfo: EXCEPTION_ACCESS_VIOLATION (0xc0000005), reading address 0x0000000000000160


Register to memory mapping:

RIP=0x00007ff8d1a20465 jvm.dll
RAX=0x0000018182e19f80 points into unknown readable memory: 0x0000000000000000 | 00 00 00 00 00 00 00 00
RBX=0x000000008c2e38d0 is pointing into object: java.util.LinkedHashMap 
{0x000000008c2e38c0} - klass: 'java/util/LinkedHashMap'
RCX=0x0000000000000014 is an unknown value
RDX=0x0 is NULL
RSP=0x00000072916ff930 points into unknown readable memory: 0x0000018182e31a28 | 28 1a e3 82 81 01 00 00
RBP=0x0 is NULL
RSI=0x00000001000301b0 is pointing into metadata
RDI=0x0000000000000100 is an unknown value
R8 =0x0000000000000100 is an unknown value
R9 =0x0 is NULL
R10=0x0 is NULL
R11=0x0000000000000246 is an unknown value
R12=0x0 is NULL
R13=0x00007ff8d219e2e0 jvm.dll
R14=0x00000001000301c8 is a pointer to class: 
java.io.ExpiringCache$1 {0x00000001000301d0}
R15=0x0000018182e31980 points into unknown readable memory: 0x0000018182e3a800 | 00 a8 e3 82 81 01 00 00


Registers:
RAX=0x0000018182e19f80, RBX=0x000000008c2e38d0, RCX=0x0000000000000014, RDX=0x0000000000000000
RSP=0x00000072916ff930, RBP=0x0000000000000000, RSI=0x00000001000301b0, RDI=0x0000000000000100
R8 =0x0000000000000100, R9 =0x0000000000000000, R10=0x0000000000000000, R11=0x0000000000000246
R12=0x0000000000000000, R13=0x00007ff8d219e2e0, R14=0x00000001000301c8, R15=0x0000018182e31980
RIP=0x00007ff8d1a20465, EFLAGS=0x0000000000010246

Top of Stack: (sp=0x00000072916ff930)
0x00000072916ff930:   0000018182e31a28 00007ff8d1911583
0x00000072916ff940:   0000000100023a08 000000008c300000
0x00000072916ff950:   000000008c2e38c0 0000000000000000
0x00000072916ff960:   000000008c2e38d4 00007ff8d1a24f3a
0x00000072916ff970:   000000010002fd80 000000008c2e38c0
0x00000072916ff980:   00000001000358d0 00000072916ff9d0
0x00000072916ff990:   00000072915ff200 0000018182e31a28
0x00000072916ff9a0:   000000008c2e38c0 00007ff8d1a2d374
0x00000072916ff9b0:   0000000000000007 000000010002fd80
0x00000072916ff9c0:   000000008c300000 0000000000000000
0x00000072916ff9d0:   00007ff8d1ffbc18 0000000000000000
0x00000072916ff9e0:   0000018182e00d60 0000018182e31980
0x00000072916ff9f0:   0000000000000000 00007ff8d1f2314b
0x00000072916ffa00:   0000000000000000 00000000000075a3
0x00000072916ffa10:   0000000000000000 0000018182e3c800
0x00000072916ffa20:   0000000000000000 00007ff8d1f22c20 

Instructions: (pc=0x00007ff8d1a20465)
0x00007ff8d1a20365:   c0 74 12 48 3b f8 72 16 48 3b bb a0 00 00 00 0f
0x00007ff8d1a20375:   82 9b 00 00 00 48 3b f9 0f 83 92 00 00 00 80 3d
0x00007ff8d1a20385:   17 6c 7e 00 00 74 15 8b 47 08 8b 0d c3 b3 79 00
0x00007ff8d1a20395:   48 d3 e0 48 03 05 b1 b3 79 00 eb 04 48 8b 47 08
0x00007ff8d1a203a5:   81 78 08 00 00 00 c0 72 35 48 8b 83 b0 00 00 00
0x00007ff8d1a203b5:   48 39 83 a8 00 00 00 73 10 48 8b 83 c8 00 00 00
0x00007ff8d1a203c5:   48 39 83 c0 00 00 00 72 47 48 8b cb e8 7a a6 00
0x00007ff8d1a203d5:   00 b0 01 48 8b 5c 24 38 48 83 c4 20 5f c3 48 8b
0x00007ff8d1a203e5:   4b 30 48 8d 54 24 30 48 89 7c 24 30 e8 fa 1b 00
0x00007ff8d1a203f5:   00 84 c0 75 1b 48 8b cb e8 0e 99 00 00 48 8b 4b
0x00007ff8d1a20405:   30 48 8d 54 24 30 48 89 7c 24 30 e8 db 1b 00 00
0x00007ff8d1a20415:   48 8b 5c 24 38 b0 01 48 83 c4 20 5f c3 cc cc cc
0x00007ff8d1a20425:   cc cc cc cc cc cc cc cc cc cc cc 48 89 6c 24 20
0x00007ff8d1a20435:   57 41 54 41 57 48 83 ec 20 48 8b 41 08 4c 8b f9
0x00007ff8d1a20445:   4d 8b d0 44 8b e2 49 8b e9 49 8b f8 8b 88 c0 02
0x00007ff8d1a20455:   00 00 48 8b 80 b0 02 00 00 49 d3 ea 4e 8b 14 d0
0x00007ff8d1a20465:   4d 3b 82 60 01 00 00 72 11 32 c0 48 8b 6c 24 58
0x00007ff8d1a20475:   48 83 c4 20 41 5f 41 5c 5f c3 49 8b 87 90 00 00
0x00007ff8d1a20485:   00 48 8b d7 48 89 5c 24 40 48 89 74 24 48 be 01
0x00007ff8d1a20495:   00 00 00 4c 89 74 24 50 48 2b 10 8b 48 10 48 8b
0x00007ff8d1a204a5:   40 18 48 c1 ea 03 48 d3 ea 48 8b ca 48 c1 e9 06
0x00007ff8d1a204b5:   48 8b 1c c8 4c 8d 34 c8 0f b6 ca 48 8b c3 80 e1
0x00007ff8d1a204c5:   3f 48 d3 e6 48 0b c6 48 3b c3 74 35 0f 1f 40 00
0x00007ff8d1a204d5:   66 66 66 0f 1f 84 00 00 00 00 00 4c 8b 0d e1 85
0x00007ff8d1a204e5:   79 00 4c 8b c3 49 8b d6 48 8b c8 41 ff d1 48 8b
0x00007ff8d1a204f5:   c8 48 3b c3 74 30 48 8b d8 48 0b c6 48 3b c3 75
0x00007ff8d1a20505:   da 40 32 f6 4c 8b 74 24 50 40 0f b6 c6 48 8b 74
0x00007ff8d1a20515:   24 48 48 8b 5c 24 40 48 8b 6c 24 58 48 83 c4 20
0x00007ff8d1a20525:   41 5f 41 5c 5f c3 40 b6 01 48 85 ed 75 2d 40 38
0x00007ff8d1a20535:   2d 67 6a 7e 00 74 15 8b 57 08 8b 0d 13 b2 79 00
0x00007ff8d1a20545:   48 d3 e2 48 03 15 01 b2 79 00 eb 04 48 8b 57 08
0x00007ff8d1a20555:   48 8b cf e8 43 83 ea ff 48 63 e8 49 8b 87 f0 02 


Stack slot to memory mapping:
stack at sp + 0 slots: 0x0000018182e31a28 points into unknown readable memory: 0x0000018182e01228 | 28 12 e0 82 81 01 00 00
stack at sp + 1 slots: 0x00007ff8d1911583 jvm.dll
stack at sp + 2 slots: 0x0000000100023a08 is a pointer to class: 
stack at sp + 3 slots: 0x000000008c300000 is an unallocated location in the heap
stack at sp + 4 slots: 0x000000008c2e38c0 is an oop: java.util.LinkedHashMap 
{0x000000008c2e38c0} - klass: 'java/util/LinkedHashMap'
stack at sp + 5 slots: 0x0 is NULL
stack at sp + 6 slots: 0x000000008c2e38d4 is pointing into object: java.util.LinkedHashMap 
{0x000000008c2e38c0} - klass: 'java/util/LinkedHashMap'
stack at sp + 7 slots: 0x00007ff8d1a24f3a jvm.dll


---------------  P R O C E S S  ---------------

Threads class SMR info:
_java_thread_list=0x00000181a0611470, length=101, elements={
0x0000018182df2000, 0x000001819d278800, 0x000001819d279800, 0x000001819d2d9000,
0x000001819d2da000, 0x000001819d2db800, 0x000001819d2de800, 0x000001819d2e5000,
0x000001819d2ee800, 0x000001819d450800, 0x000001819f7fb800, 0x00000181a0561800,
0x000001819fafc800, 0x000001819fd2e800, 0x000001819fd31000, 0x000001819fd2c000,
0x000001819fd2f800, 0x000001819fd30800, 0x000001819fd2d000, 0x00000181a09ed000,
0x00000181a09e7000, 0x00000181a09ee800, 0x00000181a09e9800, 0x00000181a09f0000,
0x00000181a2555800, 0x00000181a2556000, 0x000001819e682800, 0x000001819e67d800,
0x000001819e684000, 0x000001819e685000, 0x00000181a70c3800, 0x00000181a70c4000,
0x00000181a09f6000, 0x00000181a09f3800, 0x00000181a3381000, 0x00000181a3384000,
0x000001819e678800, 0x000001819e676000, 0x00000181a09f1000, 0x00000181a09ec000,
0x00000181a09e8000, 0x00000181a09ef800, 0x00000181a09ea800, 0x00000181a09eb800,
0x00000181a09f2000, 0x00000181a09f2800, 0x00000181a09f4800, 0x00000181a09f5000,
0x00000181a3380000, 0x00000181a3385000, 0x00000181a337f800, 0x00000181a3386800,
0x00000181a3383800, 0x00000181a3386000, 0x00000181a3387800, 0x00000181a3381800,
0x00000181a3388800, 0x00000181a3382800, 0x00000181a338a800, 0x00000181a338b800,
0x00000181a3389000, 0x00000181a338c800, 0x00000181a338d000, 0x00000181a338a000,
0x00000181a338e000, 0x00000181a70c5000, 0x00000181a70c0000, 0x00000181a70c1000,
0x00000181a70bf800, 0x00000181a70c6000, 0x00000181a70c6800, 0x00000181a70c7800,
0x00000181a70c1800, 0x00000181a70c2800, 0x00000181a70c9000, 0x00000181a70ca800,
0x00000181a70cb800, 0x00000181a70ca000, 0x00000181a70cc800, 0x00000181a70cd000,
0x00000181a70ce000, 0x00000181a70c8800, 0x00000181a254b800, 0x00000181a2548800,
0x00000181a254c800, 0x00000181a254d000, 0x00000181a254a000, 0x00000181a254e000,
0x00000181a254a800, 0x00000181a254f000, 0x00000181a2549000, 0x00000181a2552000,
0x00000181ac272800, 0x00000181a2553800, 0x00000181a254f800, 0x00000181a2550800,
0x00000181a2557000, 0x00000181a2551800, 0x00000181a2553000, 0x000001819e67a000,
0x000001819e679800
}

Java Threads: ( => current thread )
  0x0000018182df2000 JavaThread "main" [_thread_blocked, id=10548, stack(0x0000007291300000,0x0000007291400000)]
  0x000001819d278800 JavaThread "Reference Handler" daemon [_thread_blocked, id=4352, stack(0x0000007291a00000,0x0000007291b00000)]
  0x000001819d279800 JavaThread "Finalizer" daemon [_thread_blocked, id=8908, stack(0x0000007291b00000,0x0000007291c00000)]
  0x000001819d2d9000 JavaThread "Signal Dispatcher" daemon [_thread_blocked, id=3964, stack(0x0000007291c00000,0x0000007291d00000)]
  0x000001819d2da000 JavaThread "Attach Listener" daemon [_thread_blocked, id=760, stack(0x0000007291d00000,0x0000007291e00000)]
  0x000001819d2db800 JavaThread "Service Thread" daemon [_thread_blocked, id=5496, stack(0x0000007291e00000,0x0000007291f00000)]
  0x000001819d2de800 JavaThread "C2 CompilerThread0" daemon [_thread_in_native, id=4452, stack(0x0000007291f00000,0x0000007292000000)]
  0x000001819d2e5000 JavaThread "C1 CompilerThread0" daemon [_thread_blocked, id=1964, stack(0x0000007292000000,0x0000007292100000)]
  0x000001819d2ee800 JavaThread "Sweeper thread" daemon [_thread_blocked, id=7288, stack(0x0000007292100000,0x0000007292200000)]
  0x000001819d450800 JavaThread "Common-Cleaner" daemon [_thread_blocked, id=3432, stack(0x0000007292200000,0x0000007292300000)]
  0x000001819f7fb800 JavaThread "Daemon health stats" [_thread_blocked, id=6828, stack(0x0000007292800000,0x0000007292900000)]
  0x00000181a0561800 JavaThread "Incoming local TCP Connector on port 65416" [_thread_in_native, id=9328, stack(0x0000007292900000,0x0000007292a00000)]
  0x000001819fafc800 JavaThread "Daemon periodic checks" [_thread_blocked, id=9912, stack(0x0000007292a00000,0x0000007292b00000)]
  0x000001819fd2e800 JavaThread "Cache worker for journal cache (C:\Users\Albatross\.gradle\caches\journal-1)" [_thread_blocked, id=7044, stack(0x0000007293200000,0x0000007293300000)]
  0x000001819fd31000 JavaThread "File lock request listener" [_thread_in_native, id=11808, stack(0x0000007293300000,0x0000007293400000)]
  0x000001819fd2c000 JavaThread "Cache worker for file hash cache (C:\Users\Albatross\.gradle\caches\7.5\fileHashes)" [_thread_blocked, id=3200, stack(0x0000007293400000,0x0000007293500000)]
  0x000001819fd2f800 JavaThread "File watcher server" daemon [_thread_in_native, id=1540, stack(0x0000007293500000,0x0000007293600000)]
  0x000001819fd30800 JavaThread "File watcher consumer" daemon [_thread_blocked, id=6196, stack(0x0000007293600000,0x0000007293700000)]
  0x000001819fd2d000 JavaThread "Cache worker for file content cache (C:\Users\Albatross\.gradle\caches\7.5\fileContent)" [_thread_blocked, id=10864, stack(0x0000007293900000,0x0000007293a00000)]
  0x00000181a09ed000 JavaThread "Cache worker for execution history cache (C:\Users\Albatross\.gradle\caches\7.5\executionHistory)" [_thread_blocked, id=12300, stack(0x0000007293c00000,0x0000007293d00000)]
  0x00000181a09e7000 JavaThread "jar transforms" [_thread_blocked, id=9364, stack(0x0000007293d00000,0x0000007293e00000)]
  0x00000181a09ee800 JavaThread "jar transforms Thread 2" [_thread_blocked, id=8640, stack(0x0000007293e00000,0x0000007293f00000)]
  0x00000181a09e9800 JavaThread "jar transforms Thread 3" [_thread_blocked, id=608, stack(0x0000007293f00000,0x0000007294000000)]
  0x00000181a09f0000 JavaThread "jar transforms Thread 4" [_thread_blocked, id=5428, stack(0x0000007294000000,0x0000007294100000)]
  0x00000181a2555800 JavaThread "Memory manager" [_thread_blocked, id=7796, stack(0x0000007296c00000,0x0000007296d00000)]
  0x00000181a2556000 JavaThread "pool-3-thread-1" [_thread_blocked, id=1796, stack(0x0000007296d00000,0x0000007296e00000)]
  0x000001819e682800 JavaThread "RMI Scheduler(0)" daemon [_thread_blocked, id=10572, stack(0x0000007297d00000,0x0000007297e00000)]
  0x000001819e67d800 JavaThread "RMI GC Daemon" daemon [_thread_blocked, id=7536, stack(0x0000007297f00000,0x0000007298000000)]
  0x000001819e684000 JavaThread "RMI TCP Accept-0" daemon [_thread_in_native, id=2380, stack(0x0000007298000000,0x0000007298100000)]
  0x000001819e685000 JavaThread "RMI Reaper" [_thread_blocked, id=1800, stack(0x0000007298100000,0x0000007298200000)]
  0x00000181a70c3800 JavaThread "Cache worker for Java compile cache (C:\Users\Albatross\.gradle\caches\7.5\javaCompile)" [_thread_blocked, id=5020, stack(0x0000007298300000,0x0000007298400000)]
  0x00000181a70c4000 JavaThread "ForkJoinPool.commonPool-worker-5" daemon [_thread_blocked, id=8388, stack(0x0000007297e00000,0x0000007297f00000)]
  0x00000181a09f6000 JavaThread "pool-8-thread-1" [_thread_blocked, id=6660, stack(0x0000007296a00000,0x0000007296b00000)]
  0x00000181a09f3800 JavaThread "pool-13-thread-1" [_thread_blocked, id=11860, stack(0x0000007296e00000,0x0000007296f00000)]
  0x00000181a3381000 JavaThread "Daemon Thread 2" [_thread_blocked, id=3360, stack(0x0000007291000000,0x0000007291100000)]
  0x00000181a3384000 JavaThread "Daemon worker Thread 2" [_thread_blocked, id=3416, stack(0x0000007292400000,0x0000007292500000)]
  0x000001819e678800 JavaThread "pool-18-thread-1" [_thread_blocked, id=11988, stack(0x0000007296900000,0x0000007296a00000)]
  0x000001819e676000 JavaThread "included builds" [_thread_blocked, id=8072, stack(0x0000007296f00000,0x0000007297000000)]
  0x00000181a09f1000 JavaThread "ForkJoinPool.commonPool-worker-1" daemon [_thread_blocked, id=13128, stack(0x0000007298200000,0x0000007298300000)]
  0x00000181a09ec000 JavaThread "ForkJoinPool.commonPool-worker-3" daemon [_thread_blocked, id=5572, stack(0x0000007298400000,0x0000007298500000)]
  0x00000181a09e8000 JavaThread "Handler for socket connection from /127.0.0.1:65416 to /127.0.0.1:49327" [_thread_in_native, id=4380, stack(0x0000007291100000,0x0000007291200000)]
  0x00000181a09ef800 JavaThread "Cancel handler" [_thread_blocked, id=13036, stack(0x0000007291200000,0x0000007291300000)]
  0x00000181a09ea800 JavaThread "Asynchronous log dispatcher for DefaultDaemonConnection: socket connection from /127.0.0.1:65416 to /127.0.0.1:49327" [_thread_blocked, id=1188, stack(0x0000007292b00000,0x0000007292c00000)]
  0x00000181a09eb800 JavaThread "Stdin handler" [_thread_blocked, id=4560, stack(0x0000007292c00000,0x0000007292d00000)]
  0x00000181a09f2000 JavaThread "Daemon client event forwarder" [_thread_blocked, id=1948, stack(0x0000007292d00000,0x0000007292e00000)]
  0x00000181a09f2800 JavaThread "Cache worker for checksums cache (C:\Users\Albatross\AndroidStudioProjects\Calc\.gradle\7.5\checksums)" [_thread_blocked, id=12172, stack(0x0000007292e00000,0x0000007292f00000)]
  0x00000181a09f4800 JavaThread "Cache worker for cache directory md-rule (C:\Users\Albatross\.gradle\caches\7.5\md-rule)" [_thread_blocked, id=4392, stack(0x0000007292f00000,0x0000007293000000)]
  0x00000181a09f5000 JavaThread "Cache worker for file hash cache (C:\Users\Albatross\AndroidStudioProjects\Calc\.gradle\7.5\fileHashes)" [_thread_blocked, id=4928, stack(0x0000007293000000,0x0000007293100000)]
  0x00000181a3380000 JavaThread "Cache worker for cache directory md-supplier (C:\Users\Albatross\.gradle\caches\7.5\md-supplier)" [_thread_blocked, id=10604, stack(0x0000007293100000,0x0000007293200000)]
  0x00000181a3385000 JavaThread "Cache worker for dependencies-accessors (C:\Users\Albatross\AndroidStudioProjects\Calc\.gradle\7.5\dependencies-accessors)" [_thread_blocked, id=13080, stack(0x0000007293700000,0x0000007293800000)]
  0x00000181a337f800 JavaThread "Cache worker for Build Output Cleanup Cache (C:\Users\Albatross\AndroidStudioProjects\Calc\.gradle\buildOutputCleanup)" [_thread_blocked, id=10292, stack(0x0000007293800000,0x0000007293900000)]
  0x00000181a3386800 JavaThread "Unconstrained build operations" [_thread_blocked, id=8452, stack(0x0000007293a00000,0x0000007293b00000)]
  0x00000181a3383800 JavaThread "Unconstrained build operations Thread 2" [_thread_blocked, id=9452, stack(0x0000007293b00000,0x0000007293c00000)]
  0x00000181a3386000 JavaThread "Unconstrained build operations Thread 3" [_thread_blocked, id=13068, stack(0x0000007294100000,0x0000007294200000)]
  0x00000181a3387800 JavaThread "Unconstrained build operations Thread 4" [_thread_blocked, id=4920, stack(0x0000007294200000,0x0000007294300000)]
  0x00000181a3381800 JavaThread "Unconstrained build operations Thread 5" [_thread_blocked, id=5584, stack(0x0000007294300000,0x0000007294400000)]
  0x00000181a3388800 JavaThread "Unconstrained build operations Thread 6" [_thread_blocked, id=7012, stack(0x0000007294400000,0x0000007294500000)]
  0x00000181a3382800 JavaThread "Unconstrained build operations Thread 7" [_thread_blocked, id=7264, stack(0x0000007294500000,0x0000007294600000)]
  0x00000181a338a800 JavaThread "Unconstrained build operations Thread 8" [_thread_blocked, id=12620, stack(0x0000007294600000,0x0000007294700000)]
  0x00000181a338b800 JavaThread "Unconstrained build operations Thread 9" [_thread_blocked, id=9956, stack(0x0000007294700000,0x0000007294800000)]
  0x00000181a3389000 JavaThread "Unconstrained build operations Thread 10" [_thread_blocked, id=12344, stack(0x0000007294800000,0x0000007294900000)]
  0x00000181a338c800 JavaThread "Unconstrained build operations Thread 11" [_thread_blocked, id=8524, stack(0x0000007294900000,0x0000007294a00000)]
  0x00000181a338d000 JavaThread "Unconstrained build operations Thread 12" [_thread_blocked, id=10360, stack(0x0000007294a00000,0x0000007294b00000)]
  0x00000181a338a000 JavaThread "Unconstrained build operations Thread 13" [_thread_blocked, id=9164, stack(0x0000007294b00000,0x0000007294c00000)]
  0x00000181a338e000 JavaThread "Unconstrained build operations Thread 14" [_thread_blocked, id=5236, stack(0x0000007294c00000,0x0000007294d00000)]
  0x00000181a70c5000 JavaThread "Unconstrained build operations Thread 15" [_thread_blocked, id=2040, stack(0x0000007294d00000,0x0000007294e00000)]
  0x00000181a70c0000 JavaThread "Unconstrained build operations Thread 16" [_thread_blocked, id=6892, stack(0x0000007294e00000,0x0000007294f00000)]
  0x00000181a70c1000 JavaThread "Unconstrained build operations Thread 17" [_thread_blocked, id=1180, stack(0x0000007294f00000,0x0000007295000000)]
  0x00000181a70bf800 JavaThread "Unconstrained build operations Thread 18" [_thread_blocked, id=12848, stack(0x0000007295000000,0x0000007295100000)]
  0x00000181a70c6000 JavaThread "Unconstrained build operations Thread 19" [_thread_blocked, id=10920, stack(0x0000007295100000,0x0000007295200000)]
  0x00000181a70c6800 JavaThread "Unconstrained build operations Thread 20" [_thread_blocked, id=3748, stack(0x0000007295200000,0x0000007295300000)]
  0x00000181a70c7800 JavaThread "Unconstrained build operations Thread 21" [_thread_blocked, id=11952, stack(0x0000007295300000,0x0000007295400000)]
  0x00000181a70c1800 JavaThread "Unconstrained build operations Thread 22" [_thread_blocked, id=12388, stack(0x0000007295400000,0x0000007295500000)]
  0x00000181a70c2800 JavaThread "Unconstrained build operations Thread 23" [_thread_blocked, id=820, stack(0x0000007295500000,0x0000007295600000)]
  0x00000181a70c9000 JavaThread "Unconstrained build operations Thread 24" [_thread_blocked, id=10716, stack(0x0000007295600000,0x0000007295700000)]
  0x00000181a70ca800 JavaThread "Unconstrained build operations Thread 25" [_thread_blocked, id=3560, stack(0x0000007295700000,0x0000007295800000)]
  0x00000181a70cb800 JavaThread "Unconstrained build operations Thread 26" [_thread_blocked, id=5148, stack(0x0000007295800000,0x0000007295900000)]
  0x00000181a70ca000 JavaThread "Unconstrained build operations Thread 27" [_thread_blocked, id=8880, stack(0x0000007295900000,0x0000007295a00000)]
  0x00000181a70cc800 JavaThread "Unconstrained build operations Thread 28" [_thread_blocked, id=10088, stack(0x0000007295a00000,0x0000007295b00000)]
  0x00000181a70cd000 JavaThread "Unconstrained build operations Thread 29" [_thread_blocked, id=2544, stack(0x0000007295b00000,0x0000007295c00000)]
  0x00000181a70ce000 JavaThread "Unconstrained build operations Thread 30" [_thread_blocked, id=8356, stack(0x0000007295c00000,0x0000007295d00000)]
  0x00000181a70c8800 JavaThread "Unconstrained build operations Thread 31" [_thread_blocked, id=7436, stack(0x0000007295d00000,0x0000007295e00000)]
  0x00000181a254b800 JavaThread "Unconstrained build operations Thread 32" [_thread_blocked, id=10480, stack(0x0000007295e00000,0x0000007295f00000)]
  0x00000181a2548800 JavaThread "Unconstrained build operations Thread 33" [_thread_blocked, id=704, stack(0x0000007295f00000,0x0000007296000000)]
  0x00000181a254c800 JavaThread "Unconstrained build operations Thread 34" [_thread_blocked, id=2744, stack(0x0000007296000000,0x0000007296100000)]
  0x00000181a254d000 JavaThread "Unconstrained build operations Thread 35" [_thread_blocked, id=4460, stack(0x0000007296100000,0x0000007296200000)]
  0x00000181a254a000 JavaThread "Unconstrained build operations Thread 36" [_thread_blocked, id=9888, stack(0x0000007296200000,0x0000007296300000)]
  0x00000181a254e000 JavaThread "Unconstrained build operations Thread 37" [_thread_blocked, id=10372, stack(0x0000007296300000,0x0000007296400000)]
  0x00000181a254a800 JavaThread "Unconstrained build operations Thread 38" [_thread_blocked, id=9604, stack(0x0000007296400000,0x0000007296500000)]
  0x00000181a254f000 JavaThread "Unconstrained build operations Thread 39" [_thread_blocked, id=5360, stack(0x0000007296500000,0x0000007296600000)]
  0x00000181a2549000 JavaThread "Unconstrained build operations Thread 40" [_thread_blocked, id=11436, stack(0x0000007296600000,0x0000007296700000)]
  0x00000181a2552000 JavaThread "build event listener" [_thread_blocked, id=860, stack(0x0000007296700000,0x0000007296800000)]
  0x00000181ac272800 JavaThread "C2 CompilerThread1" daemon [_thread_in_native, id=8824, stack(0x0000007296800000,0x0000007296900000)]
  0x00000181a2553800 JavaThread "pool-23-thread-1" [_thread_blocked, id=7560, stack(0x0000007296b00000,0x0000007296c00000)]
  0x00000181a254f800 JavaThread "build event listener" [_thread_blocked, id=2324, stack(0x0000007297000000,0x0000007297100000)]
  0x00000181a2550800 JavaThread "included builds" [_thread_blocked, id=9444, stack(0x0000007297100000,0x0000007297200000)]
  0x00000181a2557000 JavaThread "Execution worker" [_thread_in_Java, id=1176, stack(0x0000007297200000,0x0000007297300000)]
  0x00000181a2551800 JavaThread "Execution worker Thread 2" [_thread_in_native, id=9492, stack(0x0000007297300000,0x0000007297400000)]
  0x00000181a2553000 JavaThread "Execution worker Thread 3" [_thread_blocked, id=8380, stack(0x0000007297600000,0x0000007297700000)]
  0x000001819e67a000 JavaThread "Cache worker for execution history cache (C:\Users\Albatross\AndroidStudioProjects\Calc\.gradle\7.5\executionHistory)" [_thread_blocked, id=2220, stack(0x0000007297700000,0x0000007297800000)]
  0x000001819e679800 JavaThread "WorkerExecutor Queue" [_thread_in_vm_trans, id=1780, stack(0x0000007297800000,0x0000007297900000)]

Other Threads:
  0x000001819d275800 VMThread "VM Thread" [stack: 0x0000007291900000,0x0000007291a00000] [id=432]
  0x000001819d48c000 WatcherThread [stack: 0x0000007292300000,0x0000007292400000] [id=7404]
  0x0000018182e0b000 GCTaskThread "GC Thread#0" [stack: 0x0000007291400000,0x0000007291500000] [id=9456]
  0x000001819d848800 GCTaskThread "GC Thread#1" [stack: 0x0000007292500000,0x0000007292600000] [id=9448]
  0x000001819db72000 GCTaskThread "GC Thread#2" [stack: 0x0000007292600000,0x0000007292700000] [id=10872]
  0x000001819dae2800 GCTaskThread "GC Thread#3" [stack: 0x0000007292700000,0x0000007292800000] [id=12168]
  0x0000018182e3a800 ConcurrentGCThread "G1 Main Marker" [stack: 0x0000007291500000,0x0000007291600000] [id=2756]
=>0x0000018182e3c800 ConcurrentGCThread "G1 Conc#0" [stack: 0x0000007291600000,0x0000007291700000] [id=10216]
  0x0000018182ebd800 ConcurrentGCThread "G1 Refine#0" [stack: 0x0000007291700000,0x0000007291800000] [id=8180]
  0x00000181a2d4e000 ConcurrentGCThread "G1 Refine#1" [stack: 0x0000007297400000,0x0000007297500000] [id=4172]
  0x00000181a6eaf800 ConcurrentGCThread "G1 Refine#2" [stack: 0x0000007297500000,0x0000007297600000] [id=13108]
  0x000001819c8ba800 ConcurrentGCThread "G1 Young RemSet Sampling" [stack: 0x0000007291800000,0x0000007291900000] [id=12264]

Threads with active compile tasks:
C2 CompilerThread0   288053 21365       4       com.android.ide.common.resources.ValueResourceNameValidator::getErrorText (144 bytes)
C2 CompilerThread1   288053 21369   !   4       com.android.ide.common.resources.ResourceSet::createFileAndItemsFromXml (583 bytes)

VM state:not at safepoint (normal execution)

VM Mutex/Monitor currently owned by a thread: None

Heap address: 0x0000000080000000, size: 2048 MB, Compressed Oops mode: 32-bit
Narrow klass base: 0x0000000000000000, Narrow klass shift: 3
Compressed class space size: 1073741824 Address: 0x0000000100000000

Heap:
 garbage-first heap   total 315392K, used 153592K [0x0000000080000000, 0x0000000100000000)
  region size 1024K, 19 young (19456K), 17 survivors (17408K)
 Metaspace       used 132162K, capacity 136345K, committed 136452K, reserved 1167360K
  class space    used 16651K, capacity 18305K, committed 18328K, reserved 1048576K
Heap Regions: E=young(eden), S=young(survivor), O=old, HS=humongous(starts), HC=humongous(continues), CS=collection set, F=free, A=archive, TAMS=top-at-mark-start (previous, next)
|   0|0x0000000080000000, 0x0000000080100000, 0x0000000080100000|100%|HS|  |TAMS 0x0000000080100000, 0x0000000080100000| Complete 
|   1|0x0000000080100000, 0x0000000080200000, 0x0000000080200000|100%|HC|  |TAMS 0x0000000080200000, 0x0000000080200000| Complete 
|   2|0x0000000080200000, 0x0000000080300000, 0x0000000080300000|100%|HC|  |TAMS 0x0000000080300000, 0x0000000080300000| Complete 
|   3|0x0000000080300000, 0x0000000080400000, 0x0000000080400000|100%| O|  |TAMS 0x0000000080400000, 0x0000000080400000| Untracked 
|   4|0x0000000080400000, 0x0000000080500000, 0x0000000080500000|100%| O|  |TAMS 0x0000000080500000, 0x0000000080500000| Untracked 
|   5|0x0000000080500000, 0x0000000080600000, 0x0000000080600000|100%| O|  |TAMS 0x0000000080600000, 0x0000000080600000| Untracked 
|   6|0x0000000080600000, 0x0000000080700000, 0x0000000080700000|100%| O|  |TAMS 0x0000000080700000, 0x0000000080700000| Untracked 
|   7|0x0000000080700000, 0x0000000080800000, 0x0000000080800000|100%| O|  |TAMS 0x0000000080800000, 0x0000000080800000| Untracked 
|   8|0x0000000080800000, 0x0000000080900000, 0x0000000080900000|100%| O|  |TAMS 0x0000000080900000, 0x0000000080900000| Untracked 
|   9|0x0000000080900000, 0x0000000080a00000, 0x0000000080a00000|100%| O|  |TAMS 0x0000000080a00000, 0x0000000080a00000| Untracked 
|  10|0x0000000080a00000, 0x0000000080b00000, 0x0000000080b00000|100%| O|  |TAMS 0x0000000080b00000, 0x0000000080b00000| Untracked 
|  11|0x0000000080b00000, 0x0000000080c00000, 0x0000000080c00000|100%| O|  |TAMS 0x0000000080c00000, 0x0000000080c00000| Untracked 
|  12|0x0000000080c00000, 0x0000000080d00000, 0x0000000080d00000|100%| O|  |TAMS 0x0000000080d00000, 0x0000000080d00000| Untracked 
|  13|0x0000000080d00000, 0x0000000080e00000, 0x0000000080e00000|100%| O|  |TAMS 0x0000000080e00000, 0x0000000080e00000| Untracked 
|  14|0x0000000080e00000, 0x0000000080f00000, 0x0000000080f00000|100%| O|  |TAMS 0x0000000080f00000, 0x0000000080f00000| Untracked 
|  15|0x0000000080f00000, 0x0000000081000000, 0x0000000081000000|100%|HS|  |TAMS 0x0000000081000000, 0x0000000081000000| Complete 
|  16|0x0000000081000000, 0x0000000081100000, 0x0000000081100000|100%|HS|  |TAMS 0x0000000081100000, 0x0000000081100000| Complete 
|  17|0x0000000081100000, 0x0000000081200000, 0x0000000081200000|100%|HS|  |TAMS 0x0000000081200000, 0x0000000081200000| Complete 
|  18|0x0000000081200000, 0x0000000081300000, 0x0000000081300000|100%|HS|  |TAMS 0x0000000081300000, 0x0000000081300000| Complete 
|  19|0x0000000081300000, 0x0000000081400000, 0x0000000081400000|100%|HC|  |TAMS 0x0000000081400000, 0x0000000081400000| Complete 
|  20|0x0000000081400000, 0x0000000081500000, 0x0000000081500000|100%|HC|  |TAMS 0x0000000081500000, 0x0000000081500000| Complete 
|  21|0x0000000081500000, 0x0000000081600000, 0x0000000081600000|100%|HC|  |TAMS 0x0000000081600000, 0x0000000081600000| Complete 
|  22|0x0000000081600000, 0x0000000081700000, 0x0000000081700000|100%| O|  |TAMS 0x0000000081700000, 0x0000000081700000| Untracked 
|  23|0x0000000081700000, 0x0000000081800000, 0x0000000081800000|100%| O|  |TAMS 0x0000000081800000, 0x0000000081800000| Untracked 
|  24|0x0000000081800000, 0x0000000081900000, 0x0000000081900000|100%| O|  |TAMS 0x0000000081900000, 0x0000000081900000| Untracked 
|  25|0x0000000081900000, 0x0000000081a00000, 0x0000000081a00000|100%| O|  |TAMS 0x0000000081a00000, 0x0000000081a00000| Untracked 
|  26|0x0000000081a00000, 0x0000000081b00000, 0x0000000081b00000|100%| O|  |TAMS 0x0000000081b00000, 0x0000000081b00000| Untracked 
|  27|0x0000000081b00000, 0x0000000081c00000, 0x0000000081c00000|100%| O|  |TAMS 0x0000000081c00000, 0x0000000081c00000| Untracked 
|  28|0x0000000081c00000, 0x0000000081d00000, 0x0000000081d00000|100%| O|  |TAMS 0x0000000081d00000, 0x0000000081d00000| Untracked 
|  29|0x0000000081d00000, 0x0000000081e00000, 0x0000000081e00000|100%| O|  |TAMS 0x0000000081e00000, 0x0000000081e00000| Untracked 
|  30|0x0000000081e00000, 0x0000000081f00000, 0x0000000081f00000|100%| O|  |TAMS 0x0000000081f00000, 0x0000000081f00000| Untracked 
|  31|0x0000000081f00000, 0x0000000082000000, 0x0000000082000000|100%| O|  |TAMS 0x0000000082000000, 0x0000000082000000| Untracked 
|  32|0x0000000082000000, 0x0000000082100000, 0x0000000082100000|100%| O|  |TAMS 0x0000000082100000, 0x0000000082100000| Untracked 
|  33|0x0000000082100000, 0x0000000082200000, 0x0000000082200000|100%| O|  |TAMS 0x0000000082200000, 0x0000000082200000| Untracked 
|  34|0x0000000082200000, 0x0000000082300000, 0x0000000082300000|100%| O|  |TAMS 0x0000000082300000, 0x0000000082300000| Untracked 
|  35|0x0000000082300000, 0x0000000082400000, 0x0000000082400000|100%| O|  |TAMS 0x0000000082400000, 0x0000000082400000| Untracked 
|  36|0x0000000082400000, 0x0000000082500000, 0x0000000082500000|100%| O|  |TAMS 0x0000000082500000, 0x0000000082500000| Untracked 
|  37|0x0000000082500000, 0x0000000082600000, 0x0000000082600000|100%| O|  |TAMS 0x0000000082600000, 0x0000000082600000| Untracked 
|  38|0x0000000082600000, 0x0000000082700000, 0x0000000082700000|100%| O|  |TAMS 0x0000000082700000, 0x0000000082700000| Untracked 
|  39|0x0000000082700000, 0x0000000082800000, 0x0000000082800000|100%| O|  |TAMS 0x0000000082800000, 0x0000000082800000| Untracked 
|  40|0x0000000082800000, 0x0000000082900000, 0x0000000082900000|100%| O|  |TAMS 0x0000000082900000, 0x0000000082900000| Untracked 
|  41|0x0000000082900000, 0x0000000082a00000, 0x0000000082a00000|100%| O|  |TAMS 0x0000000082a00000, 0x0000000082a00000| Untracked 
|  42|0x0000000082a00000, 0x0000000082b00000, 0x0000000082b00000|100%| O|  |TAMS 0x0000000082b00000, 0x0000000082b00000| Untracked 
|  43|0x0000000082b00000, 0x0000000082c00000, 0x0000000082c00000|100%| O|  |TAMS 0x0000000082c00000, 0x0000000082c00000| Untracked 
|  44|0x0000000082c00000, 0x0000000082d00000, 0x0000000082d00000|100%| O|  |TAMS 0x0000000082d00000, 0x0000000082d00000| Untracked 
|  45|0x0000000082d00000, 0x0000000082e00000, 0x0000000082e00000|100%| O|  |TAMS 0x0000000082e00000, 0x0000000082e00000| Untracked 
|  46|0x0000000082e00000, 0x0000000082f00000, 0x0000000082f00000|100%| O|  |TAMS 0x0000000082f00000, 0x0000000082f00000| Untracked 
|  47|0x0000000082f00000, 0x0000000083000000, 0x0000000083000000|100%| O|  |TAMS 0x0000000083000000, 0x0000000083000000| Untracked 
|  48|0x0000000083000000, 0x0000000083100000, 0x0000000083100000|100%| O|  |TAMS 0x0000000083100000, 0x0000000083100000| Untracked 
|  49|0x0000000083100000, 0x0000000083200000, 0x0000000083200000|100%| O|  |TAMS 0x0000000083200000, 0x0000000083200000| Untracked 
|  50|0x0000000083200000, 0x0000000083300000, 0x0000000083300000|100%| O|  |TAMS 0x0000000083300000, 0x0000000083300000| Untracked 
|  51|0x0000000083300000, 0x0000000083400000, 0x0000000083400000|100%| O|  |TAMS 0x0000000083400000, 0x0000000083400000| Untracked 
|  52|0x0000000083400000, 0x0000000083500000, 0x0000000083500000|100%| O|  |TAMS 0x0000000083500000, 0x0000000083500000| Untracked 
|  53|0x0000000083500000, 0x0000000083600000, 0x0000000083600000|100%| O|  |TAMS 0x0000000083600000, 0x0000000083600000| Untracked 
|  54|0x0000000083600000, 0x0000000083700000, 0x0000000083700000|100%| O|  |TAMS 0x0000000083700000, 0x0000000083700000| Untracked 
|  55|0x0000000083700000, 0x0000000083800000, 0x0000000083800000|100%| O|  |TAMS 0x0000000083800000, 0x0000000083800000| Untracked 
|  56|0x0000000083800000, 0x0000000083900000, 0x0000000083900000|100%| O|  |TAMS 0x0000000083900000, 0x0000000083900000| Untracked 
|  57|0x0000000083900000, 0x0000000083a00000, 0x0000000083a00000|100%| O|  |TAMS 0x0000000083a00000, 0x0000000083a00000| Untracked 
|  58|0x0000000083a00000, 0x0000000083a00000, 0x0000000083b00000|  0%| F|  |TAMS 0x0000000083a00000, 0x0000000083a00000| Untracked 
|  59|0x0000000083b00000, 0x0000000083b00000, 0x0000000083c00000|  0%| F|  |TAMS 0x0000000083b00000, 0x0000000083b00000| Untracked 
|  60|0x0000000083c00000, 0x0000000083d00000, 0x0000000083d00000|100%| O|  |TAMS 0x0000000083d00000, 0x0000000083d00000| Untracked 
|  61|0x0000000083d00000, 0x0000000083e00000, 0x0000000083e00000|100%| O|  |TAMS 0x0000000083e00000, 0x0000000083e00000| Untracked 
|  62|0x0000000083e00000, 0x0000000083f00000, 0x0000000083f00000|100%| O|  |TAMS 0x0000000083f00000, 0x0000000083f00000| Untracked 
|  63|0x0000000083f00000, 0x0000000084000000, 0x0000000084000000|100%| O|  |TAMS 0x0000000084000000, 0x0000000084000000| Untracked 
|  64|0x0000000084000000, 0x0000000084100000, 0x0000000084100000|100%| O|  |TAMS 0x0000000084100000, 0x0000000084100000| Untracked 
|  65|0x0000000084100000, 0x0000000084200000, 0x0000000084200000|100%| O|  |TAMS 0x0000000084200000, 0x0000000084200000| Untracked 
|  66|0x0000000084200000, 0x0000000084300000, 0x0000000084300000|100%| O|  |TAMS 0x0000000084300000, 0x0000000084300000| Untracked 
|  67|0x0000000084300000, 0x0000000084400000, 0x0000000084400000|100%| O|  |TAMS 0x0000000084400000, 0x0000000084400000| Untracked 
|  68|0x0000000084400000, 0x0000000084500000, 0x0000000084500000|100%| O|  |TAMS 0x0000000084500000, 0x0000000084500000| Untracked 
|  69|0x0000000084500000, 0x0000000084600000, 0x0000000084600000|100%| O|  |TAMS 0x0000000084600000, 0x0000000084600000| Untracked 
|  70|0x0000000084600000, 0x0000000084700000, 0x0000000084700000|100%| O|  |TAMS 0x0000000084700000, 0x0000000084700000| Untracked 
|  71|0x0000000084700000, 0x0000000084800000, 0x0000000084800000|100%| O|  |TAMS 0x0000000084800000, 0x0000000084800000| Untracked 
|  72|0x0000000084800000, 0x0000000084900000, 0x0000000084900000|100%| O|  |TAMS 0x0000000084900000, 0x0000000084900000| Untracked 
|  73|0x0000000084900000, 0x0000000084a00000, 0x0000000084a00000|100%| O|  |TAMS 0x0000000084a00000, 0x0000000084a00000| Untracked 
|  74|0x0000000084a00000, 0x0000000084b00000, 0x0000000084b00000|100%| O|  |TAMS 0x0000000084b00000, 0x0000000084b00000| Untracked 
|  75|0x0000000084b00000, 0x0000000084c00000, 0x0000000084c00000|100%| O|  |TAMS 0x0000000084c00000, 0x0000000084c00000| Untracked 
|  76|0x0000000084c00000, 0x0000000084d00000, 0x0000000084d00000|100%| O|  |TAMS 0x0000000084d00000, 0x0000000084d00000| Untracked 
|  77|0x0000000084d00000, 0x0000000084e00000, 0x0000000084e00000|100%| O|  |TAMS 0x0000000084e00000, 0x0000000084e00000| Untracked 
|  78|0x0000000084e00000, 0x0000000084f00000, 0x0000000084f00000|100%| O|  |TAMS 0x0000000084f00000, 0x0000000084f00000| Untracked 
|  79|0x0000000084f00000, 0x0000000085000000, 0x0000000085000000|100%| O|  |TAMS 0x0000000085000000, 0x0000000085000000| Untracked 
|  80|0x0000000085000000, 0x0000000085100000, 0x0000000085100000|100%| O|  |TAMS 0x0000000085100000, 0x0000000085100000| Untracked 
|  81|0x0000000085100000, 0x0000000085200000, 0x0000000085200000|100%| O|  |TAMS 0x0000000085200000, 0x0000000085200000| Untracked 
|  82|0x0000000085200000, 0x0000000085300000, 0x0000000085300000|100%|HS|  |TAMS 0x0000000085200000, 0x0000000085200000| Complete 
|  83|0x0000000085300000, 0x0000000085400000, 0x0000000085400000|100%|HC|  |TAMS 0x0000000085300000, 0x0000000085300000| Complete 
|  84|0x0000000085400000, 0x0000000085500000, 0x0000000085500000|100%|HC|  |TAMS 0x0000000085400000, 0x0000000085400000| Complete 
|  85|0x0000000085500000, 0x0000000085600000, 0x0000000085600000|100%|HC|  |TAMS 0x0000000085500000, 0x0000000085500000| Complete 
|  86|0x0000000085600000, 0x0000000085600000, 0x0000000085700000|  0%| F|  |TAMS 0x0000000085600000, 0x0000000085600000| Untracked 
|  87|0x0000000085700000, 0x0000000085700000, 0x0000000085800000|  0%| F|  |TAMS 0x0000000085700000, 0x0000000085700000| Untracked 
|  88|0x0000000085800000, 0x0000000085800000, 0x0000000085900000|  0%| F|  |TAMS 0x0000000085800000, 0x0000000085800000| Untracked 
|  89|0x0000000085900000, 0x0000000085900000, 0x0000000085a00000|  0%| F|  |TAMS 0x0000000085900000, 0x0000000085900000| Untracked 
|  90|0x0000000085a00000, 0x0000000085b00000, 0x0000000085b00000|100%| O|  |TAMS 0x0000000085a00000, 0x0000000085b00000| Untracked 
|  91|0x0000000085b00000, 0x0000000085c00000, 0x0000000085c00000|100%| O|  |TAMS 0x0000000085b00000, 0x0000000085c00000| Untracked 
|  92|0x0000000085c00000, 0x0000000085d00000, 0x0000000085d00000|100%| O|  |TAMS 0x0000000085d00000, 0x0000000085d00000| Untracked 
|  93|0x0000000085d00000, 0x0000000085e00000, 0x0000000085e00000|100%| O|  |TAMS 0x0000000085e00000, 0x0000000085e00000| Untracked 
|  94|0x0000000085e00000, 0x0000000085f00000, 0x0000000085f00000|100%| O|  |TAMS 0x0000000085f00000, 0x0000000085f00000| Untracked 
|  95|0x0000000085f00000, 0x0000000086000000, 0x0000000086000000|100%| O|  |TAMS 0x0000000086000000, 0x0000000086000000| Untracked 
|  96|0x0000000086000000, 0x0000000086100000, 0x0000000086100000|100%| O|  |TAMS 0x0000000086100000, 0x0000000086100000| Untracked 
|  97|0x0000000086100000, 0x0000000086200000, 0x0000000086200000|100%| O|  |TAMS 0x0000000086200000, 0x0000000086200000| Untracked 
|  98|0x0000000086200000, 0x0000000086300000, 0x0000000086300000|100%| O|  |TAMS 0x0000000086300000, 0x0000000086300000| Untracked 
|  99|0x0000000086300000, 0x0000000086400000, 0x0000000086400000|100%| O|  |TAMS 0x0000000086400000, 0x0000000086400000| Untracked 
| 100|0x0000000086400000, 0x0000000086500000, 0x0000000086500000|100%| O|  |TAMS 0x0000000086500000, 0x0000000086500000| Untracked 
| 101|0x0000000086500000, 0x0000000086600000, 0x0000000086600000|100%| O|  |TAMS 0x0000000086600000, 0x0000000086600000| Untracked 
| 102|0x0000000086600000, 0x0000000086700000, 0x0000000086700000|100%| O|  |TAMS 0x0000000086700000, 0x0000000086700000| Untracked 
| 103|0x0000000086700000, 0x0000000086800000, 0x0000000086800000|100%| O|  |TAMS 0x0000000086800000, 0x0000000086800000| Untracked 
| 104|0x0000000086800000, 0x0000000086900000, 0x0000000086900000|100%| O|  |TAMS 0x0000000086900000, 0x0000000086900000| Untracked 
| 105|0x0000000086900000, 0x0000000086a00000, 0x0000000086a00000|100%| O|  |TAMS 0x0000000086a00000, 0x0000000086a00000| Untracked 
| 106|0x0000000086a00000, 0x0000000086b00000, 0x0000000086b00000|100%| O|  |TAMS 0x0000000086b00000, 0x0000000086b00000| Untracked 
| 107|0x0000000086b00000, 0x0000000086c00000, 0x0000000086c00000|100%| O|  |TAMS 0x0000000086c00000, 0x0000000086c00000| Untracked 
| 108|0x0000000086c00000, 0x0000000086d00000, 0x0000000086d00000|100%| O|  |TAMS 0x0000000086c00000, 0x0000000086d00000| Untracked 
| 109|0x0000000086d00000, 0x0000000086d00000, 0x0000000086e00000|  0%| F|  |TAMS 0x0000000086d00000, 0x0000000086d00000| Untracked 
| 110|0x0000000086e00000, 0x0000000086e00000, 0x0000000086f00000|  0%| F|  |TAMS 0x0000000086e00000, 0x0000000086e00000| Untracked 
| 111|0x0000000086f00000, 0x0000000086f00000, 0x0000000087000000|  0%| F|  |TAMS 0x0000000086f00000, 0x0000000086f00000| Untracked 
| 112|0x0000000087000000, 0x0000000087000000, 0x0000000087100000|  0%| F|  |TAMS 0x0000000087000000, 0x0000000087000000| Untracked 
| 113|0x0000000087100000, 0x0000000087100000, 0x0000000087200000|  0%| F|  |TAMS 0x0000000087100000, 0x0000000087100000| Untracked 
| 114|0x0000000087200000, 0x0000000087200000, 0x0000000087300000|  0%| F|  |TAMS 0x0000000087200000, 0x0000000087200000| Untracked 
| 115|0x0000000087300000, 0x0000000087300000, 0x0000000087400000|  0%| F|  |TAMS 0x0000000087300000, 0x0000000087300000| Untracked 
| 116|0x0000000087400000, 0x0000000087400000, 0x0000000087500000|  0%| F|  |TAMS 0x0000000087400000, 0x0000000087400000| Untracked 
| 117|0x0000000087500000, 0x0000000087500000, 0x0000000087600000|  0%| F|  |TAMS 0x0000000087500000, 0x0000000087500000| Untracked 
| 118|0x0000000087600000, 0x0000000087600000, 0x0000000087700000|  0%| F|  |TAMS 0x0000000087600000, 0x0000000087600000| Untracked 
| 119|0x0000000087700000, 0x0000000087800000, 0x0000000087800000|100%|HS|  |TAMS 0x0000000087700000, 0x0000000087800000| Complete 
| 120|0x0000000087800000, 0x0000000087900000, 0x0000000087900000|100%|HC|  |TAMS 0x0000000087800000, 0x0000000087900000| Complete 
| 121|0x0000000087900000, 0x0000000087a00000, 0x0000000087a00000|100%|HC|  |TAMS 0x0000000087900000, 0x0000000087a00000| Complete 
| 122|0x0000000087a00000, 0x0000000087b00000, 0x0000000087b00000|100%|HC|  |TAMS 0x0000000087a00000, 0x0000000087b00000| Complete 
| 123|0x0000000087b00000, 0x0000000087c00000, 0x0000000087c00000|100%| O|  |TAMS 0x0000000087b00000, 0x0000000087c00000| Untracked 
| 124|0x0000000087c00000, 0x0000000087d00000, 0x0000000087d00000|100%| O|  |TAMS 0x0000000087c00000, 0x0000000087d00000| Untracked 
| 125|0x0000000087d00000, 0x0000000087e00000, 0x0000000087e00000|100%| O|  |TAMS 0x0000000087e00000, 0x0000000087e00000| Untracked 
| 126|0x0000000087e00000, 0x0000000087f00000, 0x0000000087f00000|100%| O|  |TAMS 0x0000000087f00000, 0x0000000087f00000| Untracked 
| 127|0x0000000087f00000, 0x0000000088000000, 0x0000000088000000|100%| O|  |TAMS 0x0000000088000000, 0x0000000088000000| Untracked 
| 128|0x0000000088000000, 0x0000000088100000, 0x0000000088100000|100%| O|  |TAMS 0x0000000088100000, 0x0000000088100000| Untracked 
| 129|0x0000000088100000, 0x0000000088200000, 0x0000000088200000|100%| O|  |TAMS 0x0000000088200000, 0x0000000088200000| Untracked 
| 130|0x0000000088200000, 0x0000000088300000, 0x0000000088300000|100%| O|  |TAMS 0x0000000088300000, 0x0000000088300000| Untracked 
| 131|0x0000000088300000, 0x0000000088400000, 0x0000000088400000|100%| O|  |TAMS 0x0000000088400000, 0x0000000088400000| Untracked 
| 132|0x0000000088400000, 0x0000000088500000, 0x0000000088500000|100%| O|  |TAMS 0x0000000088500000, 0x0000000088500000| Untracked 
| 133|0x0000000088500000, 0x0000000088600000, 0x0000000088600000|100%| O|  |TAMS 0x0000000088600000, 0x0000000088600000| Untracked 
| 134|0x0000000088600000, 0x0000000088700000, 0x0000000088700000|100%| O|  |TAMS 0x0000000088700000, 0x0000000088700000| Untracked 
| 135|0x0000000088700000, 0x0000000088800000, 0x0000000088800000|100%| O|  |TAMS 0x0000000088800000, 0x0000000088800000| Untracked 
| 136|0x0000000088800000, 0x0000000088900000, 0x0000000088900000|100%| O|  |TAMS 0x0000000088900000, 0x0000000088900000| Untracked 
| 137|0x0000000088900000, 0x0000000088a00000, 0x0000000088a00000|100%| O|  |TAMS 0x0000000088900000, 0x0000000088a00000| Untracked 
| 138|0x0000000088a00000, 0x0000000088b00000, 0x0000000088b00000|100%| O|  |TAMS 0x0000000088a00000, 0x0000000088b00000| Untracked 
| 139|0x0000000088b00000, 0x0000000088c00000, 0x0000000088c00000|100%| O|  |TAMS 0x0000000088b00000, 0x0000000088c00000| Untracked 
| 140|0x0000000088c00000, 0x0000000088d00000, 0x0000000088d00000|100%| O|  |TAMS 0x0000000088c00000, 0x0000000088d00000| Untracked 
| 141|0x0000000088d00000, 0x0000000088e00000, 0x0000000088e00000|100%| O|  |TAMS 0x0000000088d00000, 0x0000000088e00000| Untracked 
| 142|0x0000000088e00000, 0x0000000088f00000, 0x0000000088f00000|100%| O|  |TAMS 0x0000000088e00000, 0x0000000088f00000| Untracked 
| 143|0x0000000088f00000, 0x0000000089000000, 0x0000000089000000|100%| O|  |TAMS 0x0000000088f00000, 0x0000000089000000| Untracked 
| 144|0x0000000089000000, 0x0000000089100000, 0x0000000089100000|100%| O|  |TAMS 0x0000000089000000, 0x0000000089100000| Untracked 
| 145|0x0000000089100000, 0x00000000891fe000, 0x0000000089200000| 99%| O|  |TAMS 0x0000000089100000, 0x00000000891fe000| Untracked 
| 146|0x0000000089200000, 0x0000000089200000, 0x0000000089300000|  0%| F|  |TAMS 0x0000000089200000, 0x0000000089200000| Untracked 
| 147|0x0000000089300000, 0x0000000089400000, 0x0000000089400000|100%| O|  |TAMS 0x0000000089400000, 0x0000000089400000| Untracked 
| 148|0x0000000089400000, 0x0000000089500000, 0x0000000089500000|100%| O|  |TAMS 0x00000000894e8c00, 0x0000000089500000| Untracked 
| 149|0x0000000089500000, 0x0000000089500000, 0x0000000089600000|  0%| F|  |TAMS 0x0000000089500000, 0x0000000089500000| Untracked 
| 150|0x0000000089600000, 0x0000000089600000, 0x0000000089700000|  0%| F|  |TAMS 0x0000000089600000, 0x0000000089600000| Untracked 
| 151|0x0000000089700000, 0x0000000089700000, 0x0000000089800000|  0%| F|  |TAMS 0x0000000089700000, 0x0000000089700000| Untracked 
| 152|0x0000000089800000, 0x0000000089800000, 0x0000000089900000|  0%| F|  |TAMS 0x0000000089800000, 0x0000000089800000| Untracked 
| 153|0x0000000089900000, 0x0000000089900000, 0x0000000089a00000|  0%| F|  |TAMS 0x0000000089900000, 0x0000000089900000| Untracked 
| 154|0x0000000089a00000, 0x0000000089a00000, 0x0000000089b00000|  0%| F|  |TAMS 0x0000000089a00000, 0x0000000089a00000| Untracked 
| 155|0x0000000089b00000, 0x0000000089b00000, 0x0000000089c00000|  0%| F|  |TAMS 0x0000000089b00000, 0x0000000089b00000| Untracked 
| 156|0x0000000089c00000, 0x0000000089c00000, 0x0000000089d00000|  0%| F|  |TAMS 0x0000000089c00000, 0x0000000089c00000| Untracked 
| 157|0x0000000089d00000, 0x0000000089d00000, 0x0000000089e00000|  0%| F|  |TAMS 0x0000000089d00000, 0x0000000089d00000| Untracked 
| 158|0x0000000089e00000, 0x0000000089e00000, 0x0000000089f00000|  0%| F|  |TAMS 0x0000000089e00000, 0x0000000089e00000| Untracked 
| 159|0x0000000089f00000, 0x0000000089f00000, 0x000000008a000000|  0%| F|  |TAMS 0x0000000089f00000, 0x0000000089f00000| Untracked 
| 160|0x000000008a000000, 0x000000008a000000, 0x000000008a100000|  0%| F|  |TAMS 0x000000008a000000, 0x000000008a000000| Untracked 
| 161|0x000000008a100000, 0x000000008a100000, 0x000000008a200000|  0%| F|  |TAMS 0x000000008a100000, 0x000000008a100000| Untracked 
| 162|0x000000008a200000, 0x000000008a200000, 0x000000008a300000|  0%| F|  |TAMS 0x000000008a200000, 0x000000008a200000| Untracked 
| 163|0x000000008a300000, 0x000000008a300000, 0x000000008a400000|  0%| F|  |TAMS 0x000000008a300000, 0x000000008a300000| Untracked 
| 164|0x000000008a400000, 0x000000008a400000, 0x000000008a500000|  0%| F|  |TAMS 0x000000008a400000, 0x000000008a400000| Untracked 
| 165|0x000000008a500000, 0x000000008a500000, 0x000000008a600000|  0%| F|  |TAMS 0x000000008a500000, 0x000000008a500000| Untracked 
| 166|0x000000008a600000, 0x000000008a600000, 0x000000008a700000|  0%| F|  |TAMS 0x000000008a600000, 0x000000008a600000| Untracked 
| 167|0x000000008a700000, 0x000000008a700000, 0x000000008a800000|  0%| F|  |TAMS 0x000000008a700000, 0x000000008a700000| Untracked 
| 168|0x000000008a800000, 0x000000008a800000, 0x000000008a900000|  0%| F|  |TAMS 0x000000008a800000, 0x000000008a800000| Untracked 
| 169|0x000000008a900000, 0x000000008a900000, 0x000000008aa00000|  0%| F|  |TAMS 0x000000008a900000, 0x000000008a900000| Untracked 
| 170|0x000000008aa00000, 0x000000008aa00000, 0x000000008ab00000|  0%| F|  |TAMS 0x000000008aa00000, 0x000000008aa00000| Untracked 
| 171|0x000000008ab00000, 0x000000008ab00000, 0x000000008ac00000|  0%| F|  |TAMS 0x000000008ab00000, 0x000000008ab00000| Untracked 
| 172|0x000000008ac00000, 0x000000008ac00000, 0x000000008ad00000|  0%| F|  |TAMS 0x000000008ac00000, 0x000000008ac00000| Untracked 
| 173|0x000000008ad00000, 0x000000008ad00000, 0x000000008ae00000|  0%| F|  |TAMS 0x000000008ad00000, 0x000000008ad00000| Untracked 
| 174|0x000000008ae00000, 0x000000008ae00000, 0x000000008af00000|  0%| F|  |TAMS 0x000000008ae00000, 0x000000008ae00000| Untracked 
| 175|0x000000008af00000, 0x000000008af00000, 0x000000008b000000|  0%| F|  |TAMS 0x000000008af00000, 0x000000008af00000| Untracked 
| 176|0x000000008b000000, 0x000000008b000000, 0x000000008b100000|  0%| F|  |TAMS 0x000000008b000000, 0x000000008b000000| Untracked 
| 177|0x000000008b100000, 0x000000008b100000, 0x000000008b200000|  0%| F|  |TAMS 0x000000008b100000, 0x000000008b100000| Untracked 
| 178|0x000000008b200000, 0x000000008b300000, 0x000000008b300000|100%| S|CS|TAMS 0x000000008b200000, 0x000000008b200000| Complete 
| 179|0x000000008b300000, 0x000000008b400000, 0x000000008b400000|100%| S|CS|TAMS 0x000000008b300000, 0x000000008b300000| Complete 
| 180|0x000000008b400000, 0x000000008b500000, 0x000000008b500000|100%| S|CS|TAMS 0x000000008b400000, 0x000000008b400000| Complete 
| 181|0x000000008b500000, 0x000000008b600000, 0x000000008b600000|100%| S|CS|TAMS 0x000000008b500000, 0x000000008b500000| Complete 
| 182|0x000000008b600000, 0x000000008b700000, 0x000000008b700000|100%| S|CS|TAMS 0x000000008b600000, 0x000000008b600000| Complete 
| 183|0x000000008b700000, 0x000000008b800000, 0x000000008b800000|100%| S|CS|TAMS 0x000000008b700000, 0x000000008b700000| Complete 
| 184|0x000000008b800000, 0x000000008b900000, 0x000000008b900000|100%| S|CS|TAMS 0x000000008b800000, 0x000000008b800000| Complete 
| 185|0x000000008b900000, 0x000000008ba00000, 0x000000008ba00000|100%| S|CS|TAMS 0x000000008b900000, 0x000000008b900000| Complete 
| 186|0x000000008ba00000, 0x000000008bb00000, 0x000000008bb00000|100%| S|CS|TAMS 0x000000008ba00000, 0x000000008ba00000| Complete 
| 187|0x000000008bb00000, 0x000000008bc00000, 0x000000008bc00000|100%| S|CS|TAMS 0x000000008bb00000, 0x000000008bb00000| Complete 
| 188|0x000000008bc00000, 0x000000008bd00000, 0x000000008bd00000|100%| S|CS|TAMS 0x000000008bc00000, 0x000000008bc00000| Complete 
| 189|0x000000008bd00000, 0x000000008be00000, 0x000000008be00000|100%| S|CS|TAMS 0x000000008bd00000, 0x000000008bd00000| Complete 
| 190|0x000000008be00000, 0x000000008bf00000, 0x000000008bf00000|100%| S|CS|TAMS 0x000000008be00000, 0x000000008be00000| Complete 
| 191|0x000000008bf00000, 0x000000008c000000, 0x000000008c000000|100%| S|CS|TAMS 0x000000008bf00000, 0x000000008bf00000| Complete 
| 192|0x000000008c000000, 0x000000008c100000, 0x000000008c100000|100%| S|CS|TAMS 0x000000008c000000, 0x000000008c000000| Complete 
| 193|0x000000008c100000, 0x000000008c200000, 0x000000008c200000|100%| S|CS|TAMS 0x000000008c100000, 0x000000008c100000| Complete 
| 194|0x000000008c200000, 0x000000008c300000, 0x000000008c300000|100%| S|CS|TAMS 0x000000008c200000, 0x000000008c200000| Complete 
| 195|0x000000008c300000, 0x000000008c300000, 0x000000008c400000|  0%| F|  |TAMS 0x000000008c300000, 0x000000008c300000| Untracked 
| 196|0x000000008c400000, 0x000000008c400000, 0x000000008c500000|  0%| F|  |TAMS 0x000000008c400000, 0x000000008c400000| Untracked 
| 197|0x000000008c500000, 0x000000008c500000, 0x000000008c600000|  0%| F|  |TAMS 0x000000008c500000, 0x000000008c500000| Untracked 
| 198|0x000000008c600000, 0x000000008c600000, 0x000000008c700000|  0%| F|  |TAMS 0x000000008c600000, 0x000000008c600000| Untracked 
| 199|0x000000008c700000, 0x000000008c700000, 0x000000008c800000|  0%| F|  |TAMS 0x000000008c700000, 0x000000008c700000| Untracked 
| 200|0x000000008c800000, 0x000000008c800000, 0x000000008c900000|  0%| F|  |TAMS 0x000000008c800000, 0x000000008c800000| Untracked 
| 201|0x000000008c900000, 0x000000008c900000, 0x000000008ca00000|  0%| F|  |TAMS 0x000000008c900000, 0x000000008c900000| Untracked 
| 202|0x000000008ca00000, 0x000000008ca00000, 0x000000008cb00000|  0%| F|  |TAMS 0x000000008ca00000, 0x000000008ca00000| Untracked 
| 203|0x000000008cb00000, 0x000000008cb00000, 0x000000008cc00000|  0%| F|  |TAMS 0x000000008cb00000, 0x000000008cb00000| Untracked 
| 204|0x000000008cc00000, 0x000000008cc00000, 0x000000008cd00000|  0%| F|  |TAMS 0x000000008cc00000, 0x000000008cc00000| Untracked 
| 205|0x000000008cd00000, 0x000000008cd00000, 0x000000008ce00000|  0%| F|  |TAMS 0x000000008cd00000, 0x000000008cd00000| Untracked 
| 206|0x000000008ce00000, 0x000000008ce00000, 0x000000008cf00000|  0%| F|  |TAMS 0x000000008ce00000, 0x000000008ce00000| Untracked 
| 207|0x000000008cf00000, 0x000000008cf00000, 0x000000008d000000|  0%| F|  |TAMS 0x000000008cf00000, 0x000000008cf00000| Untracked 
| 208|0x000000008d000000, 0x000000008d000000, 0x000000008d100000|  0%| F|  |TAMS 0x000000008d000000, 0x000000008d000000| Untracked 
| 209|0x000000008d100000, 0x000000008d100000, 0x000000008d200000|  0%| F|  |TAMS 0x000000008d100000, 0x000000008d100000| Untracked 
| 210|0x000000008d200000, 0x000000008d200000, 0x000000008d300000|  0%| F|  |TAMS 0x000000008d200000, 0x000000008d200000| Untracked 
| 211|0x000000008d300000, 0x000000008d300000, 0x000000008d400000|  0%| F|  |TAMS 0x000000008d300000, 0x000000008d300000| Untracked 
| 212|0x000000008d400000, 0x000000008d400000, 0x000000008d500000|  0%| F|  |TAMS 0x000000008d400000, 0x000000008d400000| Untracked 
| 213|0x000000008d500000, 0x000000008d500000, 0x000000008d600000|  0%| F|  |TAMS 0x000000008d500000, 0x000000008d500000| Untracked 
| 214|0x000000008d600000, 0x000000008d600000, 0x000000008d700000|  0%| F|  |TAMS 0x000000008d600000, 0x000000008d600000| Untracked 
| 215|0x000000008d700000, 0x000000008d700000, 0x000000008d800000|  0%| F|  |TAMS 0x000000008d700000, 0x000000008d700000| Untracked 
| 216|0x000000008d800000, 0x000000008d800000, 0x000000008d900000|  0%| F|  |TAMS 0x000000008d800000, 0x000000008d800000| Untracked 
| 217|0x000000008d900000, 0x000000008d900000, 0x000000008da00000|  0%| F|  |TAMS 0x000000008d900000, 0x000000008d900000| Untracked 
| 218|0x000000008da00000, 0x000000008da00000, 0x000000008db00000|  0%| F|  |TAMS 0x000000008da00000, 0x000000008da00000| Untracked 
| 219|0x000000008db00000, 0x000000008db00000, 0x000000008dc00000|  0%| F|  |TAMS 0x000000008db00000, 0x000000008db00000| Untracked 
| 220|0x000000008dc00000, 0x000000008dc00000, 0x000000008dd00000|  0%| F|  |TAMS 0x000000008dc00000, 0x000000008dc00000| Untracked 
| 221|0x000000008dd00000, 0x000000008dd00000, 0x000000008de00000|  0%| F|  |TAMS 0x000000008dd00000, 0x000000008dd00000| Untracked 
| 222|0x000000008de00000, 0x000000008de00000, 0x000000008df00000|  0%| F|  |TAMS 0x000000008de00000, 0x000000008de00000| Untracked 
| 223|0x000000008df00000, 0x000000008df00000, 0x000000008e000000|  0%| F|  |TAMS 0x000000008df00000, 0x000000008df00000| Untracked 
| 224|0x000000008e000000, 0x000000008e000000, 0x000000008e100000|  0%| F|  |TAMS 0x000000008e000000, 0x000000008e000000| Untracked 
| 225|0x000000008e100000, 0x000000008e100000, 0x000000008e200000|  0%| F|  |TAMS 0x000000008e100000, 0x000000008e100000| Untracked 
| 226|0x000000008e200000, 0x000000008e200000, 0x000000008e300000|  0%| F|  |TAMS 0x000000008e200000, 0x000000008e200000| Untracked 
| 227|0x000000008e300000, 0x000000008e300000, 0x000000008e400000|  0%| F|  |TAMS 0x000000008e300000, 0x000000008e300000| Untracked 
| 228|0x000000008e400000, 0x000000008e400000, 0x000000008e500000|  0%| F|  |TAMS 0x000000008e400000, 0x000000008e400000| Untracked 
| 229|0x000000008e500000, 0x000000008e500000, 0x000000008e600000|  0%| F|  |TAMS 0x000000008e500000, 0x000000008e500000| Untracked 
| 230|0x000000008e600000, 0x000000008e600000, 0x000000008e700000|  0%| F|  |TAMS 0x000000008e600000, 0x000000008e600000| Untracked 
| 231|0x000000008e700000, 0x000000008e700000, 0x000000008e800000|  0%| F|  |TAMS 0x000000008e700000, 0x000000008e700000| Untracked 
| 232|0x000000008e800000, 0x000000008e800000, 0x000000008e900000|  0%| F|  |TAMS 0x000000008e800000, 0x000000008e800000| Untracked 
| 233|0x000000008e900000, 0x000000008e900000, 0x000000008ea00000|  0%| F|  |TAMS 0x000000008e900000, 0x000000008e900000| Untracked 
| 234|0x000000008ea00000, 0x000000008ea00000, 0x000000008eb00000|  0%| F|  |TAMS 0x000000008ea00000, 0x000000008ea00000| Untracked 
| 235|0x000000008eb00000, 0x000000008eb00000, 0x000000008ec00000|  0%| F|  |TAMS 0x000000008eb00000, 0x000000008eb00000| Untracked 
| 236|0x000000008ec00000, 0x000000008ec00000, 0x000000008ed00000|  0%| F|  |TAMS 0x000000008ec00000, 0x000000008ec00000| Untracked 
| 237|0x000000008ed00000, 0x000000008ed00000, 0x000000008ee00000|  0%| F|  |TAMS 0x000000008ed00000, 0x000000008ed00000| Untracked 
| 238|0x000000008ee00000, 0x000000008ee00000, 0x000000008ef00000|  0%| F|  |TAMS 0x000000008ee00000, 0x000000008ee00000| Untracked 
| 239|0x000000008ef00000, 0x000000008ef00000, 0x000000008f000000|  0%| F|  |TAMS 0x000000008ef00000, 0x000000008ef00000| Untracked 
| 240|0x000000008f000000, 0x000000008f000000, 0x000000008f100000|  0%| F|  |TAMS 0x000000008f000000, 0x000000008f000000| Untracked 
| 241|0x000000008f100000, 0x000000008f100000, 0x000000008f200000|  0%| F|  |TAMS 0x000000008f100000, 0x000000008f100000| Untracked 
| 242|0x000000008f200000, 0x000000008f200000, 0x000000008f300000|  0%| F|  |TAMS 0x000000008f200000, 0x000000008f200000| Untracked 
| 243|0x000000008f300000, 0x000000008f300000, 0x000000008f400000|  0%| F|  |TAMS 0x000000008f300000, 0x000000008f300000| Untracked 
| 244|0x000000008f400000, 0x000000008f400000, 0x000000008f500000|  0%| F|  |TAMS 0x000000008f400000, 0x000000008f400000| Untracked 
| 245|0x000000008f500000, 0x000000008f500000, 0x000000008f600000|  0%| F|  |TAMS 0x000000008f500000, 0x000000008f500000| Untracked 
| 246|0x000000008f600000, 0x000000008f600000, 0x000000008f700000|  0%| F|  |TAMS 0x000000008f600000, 0x000000008f600000| Untracked 
| 247|0x000000008f700000, 0x000000008f700000, 0x000000008f800000|  0%| F|  |TAMS 0x000000008f700000, 0x000000008f700000| Untracked 
| 248|0x000000008f800000, 0x000000008f800000, 0x000000008f900000|  0%| F|  |TAMS 0x000000008f800000, 0x000000008f800000| Untracked 
| 249|0x000000008f900000, 0x000000008f900000, 0x000000008fa00000|  0%| F|  |TAMS 0x000000008f900000, 0x000000008f900000| Untracked 
| 250|0x000000008fa00000, 0x000000008fa00000, 0x000000008fb00000|  0%| F|  |TAMS 0x000000008fa00000, 0x000000008fa00000| Untracked 
| 251|0x000000008fb00000, 0x000000008fb00000, 0x000000008fc00000|  0%| F|  |TAMS 0x000000008fb00000, 0x000000008fb00000| Untracked 
| 252|0x000000008fc00000, 0x000000008fc00000, 0x000000008fd00000|  0%| F|  |TAMS 0x000000008fc00000, 0x000000008fc00000| Untracked 
| 253|0x000000008fd00000, 0x000000008fd00000, 0x000000008fe00000|  0%| F|  |TAMS 0x000000008fd00000, 0x000000008fd00000| Untracked 
| 254|0x000000008fe00000, 0x000000008fe00000, 0x000000008ff00000|  0%| F|  |TAMS 0x000000008fe00000, 0x000000008fe00000| Untracked 
| 255|0x000000008ff00000, 0x000000008ff00000, 0x0000000090000000|  0%| F|  |TAMS 0x000000008ff00000, 0x000000008ff00000| Untracked 
| 256|0x0000000090000000, 0x0000000090000000, 0x0000000090100000|  0%| F|  |TAMS 0x0000000090000000, 0x0000000090000000| Untracked 
| 257|0x0000000090100000, 0x0000000090100000, 0x0000000090200000|  0%| F|  |TAMS 0x0000000090100000, 0x0000000090100000| Untracked 
| 258|0x0000000090200000, 0x0000000090200000, 0x0000000090300000|  0%| F|  |TAMS 0x0000000090200000, 0x0000000090200000| Untracked 
| 259|0x0000000090300000, 0x0000000090300000, 0x0000000090400000|  0%| F|  |TAMS 0x0000000090300000, 0x0000000090300000| Untracked 
| 260|0x0000000090400000, 0x0000000090400000, 0x0000000090500000|  0%| F|  |TAMS 0x0000000090400000, 0x0000000090400000| Untracked 
| 261|0x0000000090500000, 0x0000000090500000, 0x0000000090600000|  0%| F|  |TAMS 0x0000000090500000, 0x0000000090500000| Untracked 
| 262|0x0000000090600000, 0x0000000090600000, 0x0000000090700000|  0%| F|  |TAMS 0x0000000090600000, 0x0000000090600000| Untracked 
| 263|0x0000000090700000, 0x0000000090700000, 0x0000000090800000|  0%| F|  |TAMS 0x0000000090700000, 0x0000000090700000| Untracked 
| 264|0x0000000090800000, 0x0000000090800000, 0x0000000090900000|  0%| F|  |TAMS 0x0000000090800000, 0x0000000090800000| Untracked 
| 265|0x0000000090900000, 0x0000000090900000, 0x0000000090a00000|  0%| F|  |TAMS 0x0000000090900000, 0x0000000090900000| Untracked 
| 266|0x0000000090a00000, 0x0000000090a00000, 0x0000000090b00000|  0%| F|  |TAMS 0x0000000090a00000, 0x0000000090a00000| Untracked 
| 267|0x0000000090b00000, 0x0000000090b00000, 0x0000000090c00000|  0%| F|  |TAMS 0x0000000090b00000, 0x0000000090b00000| Untracked 
| 268|0x0000000090c00000, 0x0000000090c00000, 0x0000000090d00000|  0%| F|  |TAMS 0x0000000090c00000, 0x0000000090c00000| Untracked 
| 269|0x0000000090d00000, 0x0000000090d00000, 0x0000000090e00000|  0%| F|  |TAMS 0x0000000090d00000, 0x0000000090d00000| Untracked 
| 270|0x0000000090e00000, 0x0000000090e00000, 0x0000000090f00000|  0%| F|  |TAMS 0x0000000090e00000, 0x0000000090e00000| Untracked 
| 271|0x0000000090f00000, 0x0000000090f00000, 0x0000000091000000|  0%| F|  |TAMS 0x0000000090f00000, 0x0000000090f00000| Untracked 
| 272|0x0000000091000000, 0x0000000091000000, 0x0000000091100000|  0%| F|  |TAMS 0x0000000091000000, 0x0000000091000000| Untracked 
| 273|0x0000000091100000, 0x0000000091100000, 0x0000000091200000|  0%| F|  |TAMS 0x0000000091100000, 0x0000000091100000| Untracked 
| 274|0x0000000091200000, 0x0000000091200000, 0x0000000091300000|  0%| F|  |TAMS 0x0000000091200000, 0x0000000091200000| Untracked 
| 275|0x0000000091300000, 0x0000000091300000, 0x0000000091400000|  0%| F|  |TAMS 0x0000000091300000, 0x0000000091300000| Untracked 
| 276|0x0000000091400000, 0x0000000091400000, 0x0000000091500000|  0%| F|  |TAMS 0x0000000091400000, 0x0000000091400000| Untracked 
| 277|0x0000000091500000, 0x0000000091500000, 0x0000000091600000|  0%| F|  |TAMS 0x0000000091500000, 0x0000000091500000| Untracked 
| 278|0x0000000091600000, 0x0000000091600000, 0x0000000091700000|  0%| F|  |TAMS 0x0000000091600000, 0x0000000091600000| Untracked 
| 279|0x0000000091700000, 0x0000000091700000, 0x0000000091800000|  0%| F|  |TAMS 0x0000000091700000, 0x0000000091700000| Untracked 
| 280|0x0000000091800000, 0x0000000091800000, 0x0000000091900000|  0%| F|  |TAMS 0x0000000091800000, 0x0000000091800000| Untracked 
| 281|0x0000000091900000, 0x0000000091900000, 0x0000000091a00000|  0%| F|  |TAMS 0x0000000091900000, 0x0000000091900000| Untracked 
| 282|0x0000000091a00000, 0x0000000091a00000, 0x0000000091b00000|  0%| F|  |TAMS 0x0000000091a00000, 0x0000000091a00000| Untracked 
| 283|0x0000000091b00000, 0x0000000091b00000, 0x0000000091c00000|  0%| F|  |TAMS 0x0000000091b00000, 0x0000000091b00000| Untracked 
| 284|0x0000000091c00000, 0x0000000091c00000, 0x0000000091d00000|  0%| F|  |TAMS 0x0000000091c00000, 0x0000000091c00000| Untracked 
| 285|0x0000000091d00000, 0x0000000091d00000, 0x0000000091e00000|  0%| F|  |TAMS 0x0000000091d00000, 0x0000000091d00000| Untracked 
| 286|0x0000000091e00000, 0x0000000091e00000, 0x0000000091f00000|  0%| F|  |TAMS 0x0000000091e00000, 0x0000000091e00000| Untracked 
| 287|0x0000000091f00000, 0x0000000091f00000, 0x0000000092000000|  0%| F|  |TAMS 0x0000000091f00000, 0x0000000091f00000| Untracked 
| 288|0x0000000092000000, 0x0000000092000000, 0x0000000092100000|  0%| F|  |TAMS 0x0000000092000000, 0x0000000092000000| Untracked 
| 289|0x0000000092100000, 0x0000000092100000, 0x0000000092200000|  0%| F|  |TAMS 0x0000000092100000, 0x0000000092100000| Untracked 
| 290|0x0000000092200000, 0x0000000092200000, 0x0000000092300000|  0%| F|  |TAMS 0x0000000092200000, 0x0000000092200000| Untracked 
| 291|0x0000000092300000, 0x0000000092300000, 0x0000000092400000|  0%| F|  |TAMS 0x0000000092300000, 0x0000000092300000| Untracked 
| 292|0x0000000092400000, 0x0000000092400000, 0x0000000092500000|  0%| F|  |TAMS 0x0000000092400000, 0x0000000092400000| Untracked 
| 293|0x0000000092500000, 0x0000000092500000, 0x0000000092600000|  0%| F|  |TAMS 0x0000000092500000, 0x0000000092500000| Untracked 
| 294|0x0000000092600000, 0x0000000092600000, 0x0000000092700000|  0%| F|  |TAMS 0x0000000092600000, 0x0000000092600000| Untracked 
| 295|0x0000000092700000, 0x0000000092700000, 0x0000000092800000|  0%| F|  |TAMS 0x0000000092700000, 0x0000000092700000| Untracked 
| 296|0x0000000092800000, 0x0000000092800000, 0x0000000092900000|  0%| F|  |TAMS 0x0000000092800000, 0x0000000092800000| Untracked 
| 297|0x0000000092900000, 0x0000000092900000, 0x0000000092a00000|  0%| F|  |TAMS 0x0000000092900000, 0x0000000092900000| Untracked 
| 298|0x0000000092a00000, 0x0000000092a00000, 0x0000000092b00000|  0%| F|  |TAMS 0x0000000092a00000, 0x0000000092a00000| Untracked 
| 299|0x0000000092b00000, 0x0000000092b00000, 0x0000000092c00000|  0%| F|  |TAMS 0x0000000092b00000, 0x0000000092b00000| Untracked 
| 300|0x0000000092c00000, 0x0000000092c00000, 0x0000000092d00000|  0%| F|  |TAMS 0x0000000092c00000, 0x0000000092c00000| Untracked 
| 301|0x0000000092d00000, 0x0000000092d00000, 0x0000000092e00000|  0%| F|  |TAMS 0x0000000092d00000, 0x0000000092d00000| Untracked 
| 302|0x0000000092e00000, 0x0000000092e00000, 0x0000000092f00000|  0%| F|  |TAMS 0x0000000092e00000, 0x0000000092e00000| Untracked 
| 303|0x0000000092f00000, 0x0000000092f00000, 0x0000000093000000|  0%| F|  |TAMS 0x0000000092f00000, 0x0000000092f00000| Untracked 
| 304|0x0000000093000000, 0x0000000093000000, 0x0000000093100000|  0%| F|  |TAMS 0x0000000093000000, 0x0000000093000000| Untracked 
| 305|0x0000000093100000, 0x0000000093100000, 0x0000000093200000|  0%| F|  |TAMS 0x0000000093100000, 0x0000000093100000| Untracked 
| 306|0x0000000093200000, 0x00000000932ddc18, 0x0000000093300000| 86%| E|  |TAMS 0x0000000093200000, 0x0000000093200000| Complete 
| 307|0x0000000093300000, 0x0000000093400000, 0x0000000093400000|100%| E|CS|TAMS 0x0000000093300000, 0x0000000093300000| Complete 

Card table byte_map: [0x0000018195d10000,0x0000018196110000] _byte_map_base: 0x0000018195910000

Marking Bits (Prev, Next): (CMBitMap*) 0x0000018182e31998, (CMBitMap*) 0x0000018182e319d0
 Prev Bits: [0x0000018196510000, 0x0000018198510000)
 Next Bits: [0x0000018198510000, 0x000001819a510000)

Polling page: 0x0000018180ca0000

Metaspace:

Usage:
  Non-class:    115.27 MB capacity,   112.80 MB ( 98%) used,     1.97 MB (  2%) free+waste,   514.62 KB ( <1%) overhead. 
      Class:     17.88 MB capacity,    16.26 MB ( 91%) used,     1.39 MB (  8%) free+waste,   233.38 KB (  1%) overhead. 
       Both:    133.15 MB capacity,   129.06 MB ( 97%) used,     3.35 MB (  3%) free+waste,   748.00 KB ( <1%) overhead. 

Virtual space:
  Non-class space:      116.00 MB reserved,     115.36 MB (>99%) committed 
      Class space:        1.00 GB reserved,      17.90 MB (  2%) committed 
             Both:        1.11 GB reserved,     133.25 MB ( 12%) committed 

Chunk freelists:
   Non-Class:  20.00 KB
       Class:  0 bytes
        Both:  20.00 KB

MaxMetaspaceSize: 17179869184.00 GB
CompressedClassSpaceSize: 1.00 GB
Initial GC threshold: 20.80 MB
Current GC threshold: 219.59 MB
CDS: off

CodeHeap 'non-profiled nmethods': size=120064Kb used=13584Kb max_used=13584Kb free=106479Kb
 bounds [0x000001818e3d0000, 0x000001818f120000, 0x0000018195910000]
CodeHeap 'profiled nmethods': size=120000Kb used=46071Kb max_used=46071Kb free=73929Kb
 bounds [0x0000018186ea0000, 0x0000018189ba0000, 0x000001818e3d0000]
CodeHeap 'non-nmethods': size=5696Kb used=2491Kb max_used=2542Kb free=3205Kb
 bounds [0x0000018186910000, 0x0000018186b90000, 0x0000018186ea0000]
 total_blobs=21354 nmethods=20324 adapters=940
 compilation: enabled
              stopped_count=0, restarted_count=0
 full_count=0

Compilation events (20 events):
Event: 287.892 Thread 0x000001819d2e5000 21391       2       com.google.common.collect.LinkedListMultimap::values (8 bytes)
Event: 287.892 Thread 0x000001819d2e5000 nmethod 21391 0x0000018189b90b10 code [0x0000018189b90cc0, 0x0000018189b90f38]
Event: 287.893 Thread 0x000001819d2de800 nmethod 21367 0x000001818f108290 code [0x000001818f108500, 0x000001818f10a3d0]
Event: 287.893 Thread 0x000001819d2de800 21363       4       com.android.ide.common.resources.ValueResourceParser2::getResource (73 bytes)
Event: 287.915 Thread 0x000001819d2e5000 21395       3       com.google.gson.stream.JsonReader::fillBuffer (169 bytes)
Event: 287.916 Thread 0x000001819d2e5000 nmethod 21395 0x0000018189b91010 code [0x0000018189b91200, 0x0000018189b917b8]
Event: 287.920 Thread 0x000001819d2e5000 21397       3       com.android.ide.common.resources.ResourceSet::appendToXml (65 bytes)
Event: 287.920 Thread 0x000001819d2e5000 nmethod 21397 0x0000018189b91910 code [0x0000018189b91b00, 0x0000018189b91f18]
Event: 287.940 Thread 0x000001819d2e5000 21398       3       java.lang.StringUTF16::inflate (42 bytes)
Event: 287.940 Thread 0x000001819d2e5000 nmethod 21398 0x0000018189b92090 code [0x0000018189b92260, 0x0000018189b92568]
Event: 287.941 Thread 0x000001819d2de800 nmethod 21363 0x000001818f10ae90 code [0x000001818f10b100, 0x000001818f10cae0]
Event: 287.941 Thread 0x000001819d2de800 21396       4       com.google.gson.stream.JsonReader::nextNonWhitespace (357 bytes)
Event: 287.941 Thread 0x000001819d2e5000 21399       3       com.android.utils.XmlUtils::appendXmlAttributeValue (11 bytes)
Event: 287.941 Thread 0x000001819d2e5000 nmethod 21399 0x0000018189b92790 code [0x0000018189b92960, 0x0000018189b92b88]
Event: 287.943 Thread 0x000001819d2de800 nmethod 21396 0x000001818f10d990 code [0x000001818f10db40, 0x000001818f10dd48]
Event: 287.943 Thread 0x000001819d2de800 21392       4       com.android.ide.common.resources.ResourceMerger::filterAccept (9 bytes)
Event: 287.956 Thread 0x000001819d2e5000 21401 %     3       com.android.utils.XmlUtils::appendXmlAttributeValue @ 6 (153 bytes)
Event: 287.957 Thread 0x000001819d2e5000 nmethod 21401% 0x0000018189b92d10 code [0x0000018189b93000, 0x0000018189b93ec8]
Event: 287.997 Thread 0x000001819d2de800 nmethod 21392 0x000001818f10df90 code [0x000001818f10e1c0, 0x000001818f10eeb0]
Event: 288.000 Thread 0x000001819d2de800 21400       4       com.android.utils.XmlUtils$PositionAwareStringBuilder::append (45 bytes)

GC Heap History (20 events):
Event: 12.474 GC heap before
{Heap before GC invocations=15 (full 0):
 garbage-first heap   total 315392K, used 231936K [0x0000000080000000, 0x0000000100000000)
  region size 1024K, 168 young (172032K), 16 survivors (16384K)
 Metaspace       used 92120K, capacity 94520K, committed 94724K, reserved 1130496K
  class space    used 11887K, capacity 12825K, committed 12952K, reserved 1048576K
}
Event: 12.504 GC heap after
{Heap after GC invocations=16 (full 0):
 garbage-first heap   total 315392K, used 97408K [0x0000000080000000, 0x0000000100000000)
  region size 1024K, 21 young (21504K), 21 survivors (21504K)
 Metaspace       used 92120K, capacity 94520K, committed 94724K, reserved 1130496K
  class space    used 11887K, capacity 12825K, committed 12952K, reserved 1048576K
}
Event: 14.553 GC heap before
{Heap before GC invocations=16 (full 0):
 garbage-first heap   total 315392K, used 253056K [0x0000000080000000, 0x0000000100000000)
  region size 1024K, 157 young (160768K), 21 survivors (21504K)
 Metaspace       used 97728K, capacity 100431K, committed 100740K, reserved 1136640K
  class space    used 12507K, capacity 13535K, committed 13592K, reserved 1048576K
}
Event: 14.578 GC heap after
{Heap after GC invocations=17 (full 0):
 garbage-first heap   total 315392K, used 98304K [0x0000000080000000, 0x0000000100000000)
  region size 1024K, 8 young (8192K), 8 survivors (8192K)
 Metaspace       used 97728K, capacity 100431K, committed 100740K, reserved 1136640K
  class space    used 12507K, capacity 13535K, committed 13592K, reserved 1048576K
}
Event: 18.140 GC heap before
{Heap before GC invocations=17 (full 0):
 garbage-first heap   total 315392K, used 238592K [0x0000000080000000, 0x0000000100000000)
  region size 1024K, 146 young (149504K), 8 survivors (8192K)
 Metaspace       used 103066K, capacity 105794K, committed 105988K, reserved 1140736K
  class space    used 13133K, capacity 14168K, committed 14232K, reserved 1048576K
}
Event: 18.154 GC heap after
{Heap after GC invocations=18 (full 0):
 garbage-first heap   total 315392K, used 105903K [0x0000000080000000, 0x0000000100000000)
  region size 1024K, 15 young (15360K), 15 survivors (15360K)
 Metaspace       used 103066K, capacity 105794K, committed 105988K, reserved 1140736K
  class space    used 13133K, capacity 14168K, committed 14232K, reserved 1048576K
}
Event: 29.395 GC heap before
{Heap before GC invocations=18 (full 0):
 garbage-first heap   total 315392K, used 247215K [0x0000000080000000, 0x0000000100000000)
  region size 1024K, 152 young (155648K), 15 survivors (15360K)
 Metaspace       used 113476K, capacity 116637K, committed 116740K, reserved 1150976K
  class space    used 14535K, capacity 15729K, committed 15768K, reserved 1048576K
}
Event: 29.418 GC heap after
{Heap after GC invocations=19 (full 0):
 garbage-first heap   total 315392K, used 117455K [0x0000000080000000, 0x0000000100000000)
  region size 1024K, 19 young (19456K), 19 survivors (19456K)
 Metaspace       used 113476K, capacity 116637K, committed 116740K, reserved 1150976K
  class space    used 14535K, capacity 15729K, committed 15768K, reserved 1048576K
}
Event: 31.727 GC heap before
{Heap before GC invocations=19 (full 0):
 garbage-first heap   total 315392K, used 269007K [0x0000000080000000, 0x0000000100000000)
  region size 1024K, 140 young (143360K), 19 survivors (19456K)
 Metaspace       used 125832K, capacity 129800K, committed 129924K, reserved 1161216K
  class space    used 16280K, capacity 17848K, committed 17944K, reserved 1048576K
}
Event: 31.745 GC heap after
{Heap after GC invocations=20 (full 0):
 garbage-first heap   total 315392K, used 116131K [0x0000000080000000, 0x0000000100000000)
  region size 1024K, 4 young (4096K), 4 survivors (4096K)
 Metaspace       used 125832K, capacity 129800K, committed 129924K, reserved 1161216K
  class space    used 16280K, capacity 17848K, committed 17944K, reserved 1048576K
}
Event: 86.552 GC heap before
{Heap before GC invocations=21 (full 0):
 garbage-first heap   total 315392K, used 265635K [0x0000000080000000, 0x0000000100000000)
  region size 1024K, 132 young (135168K), 4 survivors (4096K)
 Metaspace       used 130439K, capacity 134573K, committed 134916K, reserved 1165312K
  class space    used 16612K, capacity 18234K, committed 18328K, reserved 1048576K
}
Event: 86.574 GC heap after
{Heap after GC invocations=22 (full 0):
 garbage-first heap   total 315392K, used 123088K [0x0000000080000000, 0x0000000100000000)
  region size 1024K, 11 young (11264K), 11 survivors (11264K)
 Metaspace       used 130439K, capacity 134573K, committed 134916K, reserved 1165312K
  class space    used 16612K, capacity 18234K, committed 18328K, reserved 1048576K
}
Event: 117.666 GC heap before
{Heap before GC invocations=23 (full 0):
 garbage-first heap   total 315392K, used 261328K [0x0000000080000000, 0x0000000100000000)
  region size 1024K, 136 young (139264K), 11 survivors (11264K)
 Metaspace       used 130940K, capacity 134972K, committed 135428K, reserved 1167360K
  class space    used 16587K, capacity 18187K, committed 18328K, reserved 1048576K
}
Event: 117.683 GC heap after
{Heap after GC invocations=24 (full 0):
 garbage-first heap   total 315392K, used 130953K [0x0000000080000000, 0x0000000100000000)
  region size 1024K, 16 young (16384K), 16 survivors (16384K)
 Metaspace       used 130940K, capacity 134972K, committed 135428K, reserved 1167360K
  class space    used 16587K, capacity 18187K, committed 18328K, reserved 1048576K
}
Event: 256.853 GC heap before
{Heap before GC invocations=24 (full 0):
 garbage-first heap   total 315392K, used 277385K [0x0000000080000000, 0x0000000100000000)
  region size 1024K, 134 young (137216K), 16 survivors (16384K)
 Metaspace       used 131399K, capacity 135498K, committed 135684K, reserved 1167360K
  class space    used 16606K, capacity 18223K, committed 18328K, reserved 1048576K
}
Event: 256.858 GC heap after
{Heap after GC invocations=25 (full 0):
 garbage-first heap   total 315392K, used 120355K [0x0000000080000000, 0x0000000100000000)
  region size 1024K, 4 young (4096K), 4 survivors (4096K)
 Metaspace       used 131399K, capacity 135498K, committed 135684K, reserved 1167360K
  class space    used 16606K, capacity 18223K, committed 18328K, reserved 1048576K
}
Event: 259.191 GC heap before
{Heap before GC invocations=25 (full 0):
 garbage-first heap   total 315392K, used 269859K [0x0000000080000000, 0x0000000100000000)
  region size 1024K, 132 young (135168K), 4 survivors (4096K)
 Metaspace       used 131863K, capacity 136033K, committed 136196K, reserved 1167360K
  class space    used 16644K, capacity 18291K, committed 18328K, reserved 1048576K
}
Event: 259.201 GC heap after
{Heap after GC invocations=26 (full 0):
 garbage-first heap   total 315392K, used 127523K [0x0000000080000000, 0x0000000100000000)
  region size 1024K, 11 young (11264K), 11 survivors (11264K)
 Metaspace       used 131863K, capacity 136033K, committed 136196K, reserved 1167360K
  class space    used 16644K, capacity 18291K, committed 18328K, reserved 1048576K
}
Event: 287.960 GC heap before
{Heap before GC invocations=26 (full 0):
 garbage-first heap   total 315392K, used 265763K [0x0000000080000000, 0x0000000100000000)
  region size 1024K, 124 young (126976K), 11 survivors (11264K)
 Metaspace       used 132158K, capacity 136345K, committed 136452K, reserved 1167360K
  class space    used 16651K, capacity 18305K, committed 18328K, reserved 1048576K
}
Event: 287.997 GC heap after
{Heap after GC invocations=27 (full 0):
 garbage-first heap   total 315392K, used 148472K [0x0000000080000000, 0x0000000100000000)
  region size 1024K, 17 young (17408K), 17 survivors (17408K)
 Metaspace       used 132158K, capacity 136345K, committed 136452K, reserved 1167360K
  class space    used 16651K, capacity 18305K, committed 18328K, reserved 1048576K
}

Deoptimization events (20 events):
Event: 287.527 Thread 0x00000181a3384000 DEOPT PACKING pc=0x0000018187d9bf5a sp=0x00000072924f89d0
Event: 287.527 Thread 0x00000181a3384000 DEOPT UNPACKING pc=0x000001818695a95e sp=0x00000072924f7ef0 mode 0
Event: 287.739 Thread 0x00000181a2557000 Uncommon trap: trap_request=0xffffffbe fr.pc=0x000001818f0e4ae8 relative=0x0000000000001aa8
Event: 287.740 Thread 0x00000181a2557000 Uncommon trap: reason=profile_predicate action=maybe_recompile pc=0x000001818f0e4ae8 method=org.gradle.api.internal.artifacts.configurations.Configurations.getNames(Ljava/util/Collection;)Lcom/google/common/collect/ImmutableSet; @ 67 c2
Event: 287.740 Thread 0x00000181a2557000 DEOPT PACKING pc=0x000001818f0e4ae8 sp=0x00000072972fb7d0
Event: 287.740 Thread 0x00000181a2557000 DEOPT UNPACKING pc=0x000001818695a1af sp=0x00000072972fb7b0 mode 2
Event: 287.740 Thread 0x00000181a2557000 Uncommon trap: trap_request=0xffffffbe fr.pc=0x000001818f0e4ae8 relative=0x0000000000001aa8
Event: 287.740 Thread 0x00000181a2557000 Uncommon trap: reason=profile_predicate action=maybe_recompile pc=0x000001818f0e4ae8 method=org.gradle.api.internal.artifacts.configurations.Configurations.getNames(Ljava/util/Collection;)Lcom/google/common/collect/ImmutableSet; @ 67 c2
Event: 287.740 Thread 0x00000181a2557000 DEOPT PACKING pc=0x000001818f0e4ae8 sp=0x00000072972fb7d0
Event: 287.740 Thread 0x00000181a2557000 DEOPT UNPACKING pc=0x000001818695a1af sp=0x00000072972fb7b0 mode 2
Event: 287.740 Thread 0x00000181a2557000 Uncommon trap: trap_request=0xffffffbe fr.pc=0x000001818f0e4ae8 relative=0x0000000000001aa8
Event: 287.740 Thread 0x00000181a2557000 Uncommon trap: reason=profile_predicate action=maybe_recompile pc=0x000001818f0e4ae8 method=org.gradle.api.internal.artifacts.configurations.Configurations.getNames(Ljava/util/Collection;)Lcom/google/common/collect/ImmutableSet; @ 67 c2
Event: 287.740 Thread 0x00000181a2557000 DEOPT PACKING pc=0x000001818f0e4ae8 sp=0x00000072972fb7d0
Event: 287.740 Thread 0x00000181a2557000 DEOPT UNPACKING pc=0x000001818695a1af sp=0x00000072972fb7b0 mode 2
Event: 287.740 Thread 0x00000181a2557000 Uncommon trap: trap_request=0xffffffbe fr.pc=0x000001818f0e4ae8 relative=0x0000000000001aa8
Event: 287.740 Thread 0x00000181a2557000 Uncommon trap: reason=profile_predicate action=maybe_recompile pc=0x000001818f0e4ae8 method=org.gradle.api.internal.artifacts.configurations.Configurations.getNames(Ljava/util/Collection;)Lcom/google/common/collect/ImmutableSet; @ 67 c2
Event: 287.740 Thread 0x00000181a2557000 DEOPT PACKING pc=0x000001818f0e4ae8 sp=0x00000072972fb7d0
Event: 287.740 Thread 0x00000181a2557000 DEOPT UNPACKING pc=0x000001818695a1af sp=0x00000072972fb7b0 mode 2
Event: 287.812 Thread 0x00000181a2557000 DEOPT PACKING pc=0x00000181884daca0 sp=0x00000072972fb020
Event: 287.812 Thread 0x00000181a2557000 DEOPT UNPACKING pc=0x000001818695a95e sp=0x00000072972fa5e8 mode 0

Classes redefined (0 events):
No events

Internal exceptions (20 events):
Event: 256.960 Thread 0x00000181a3384000 Implicit null exception at 0x000001818ef1fefe to 0x000001818ef20010
Event: 257.098 Thread 0x00000181a3384000 Exception <a 'sun/nio/fs/WindowsException'{0x0000000091cf73f0}> (0x0000000091cf73f0) thrown at [src/hotspot/share/prims/jni.cpp, line 617]
Event: 257.107 Thread 0x00000181a3384000 Exception <a 'sun/nio/fs/WindowsException'{0x0000000091b9b290}> (0x0000000091b9b290) thrown at [src/hotspot/share/prims/jni.cpp, line 617]
Event: 257.107 Thread 0x00000181a3384000 Exception <a 'sun/nio/fs/WindowsException'{0x0000000091b9c618}> (0x0000000091b9c618) thrown at [src/hotspot/share/prims/jni.cpp, line 617]
Event: 257.108 Thread 0x00000181a3384000 Exception <a 'sun/nio/fs/WindowsException'{0x0000000091b9d9f0}> (0x0000000091b9d9f0) thrown at [src/hotspot/share/prims/jni.cpp, line 617]
Event: 257.108 Thread 0x00000181a3384000 Exception <a 'sun/nio/fs/WindowsException'{0x0000000091b9edc8}> (0x0000000091b9edc8) thrown at [src/hotspot/share/prims/jni.cpp, line 617]
Event: 257.222 Thread 0x00000181a3384000 Exception <a 'sun/nio/fs/WindowsException'{0x0000000091542688}> (0x0000000091542688) thrown at [src/hotspot/share/prims/jni.cpp, line 617]
Event: 259.164 Thread 0x000001819e681800 Exception <a 'sun/nio/fs/WindowsException'{0x000000008bf9e860}> (0x000000008bf9e860) thrown at [src/hotspot/share/prims/jni.cpp, line 617]
Event: 259.164 Thread 0x000001819e681800 Exception <a 'sun/nio/fs/WindowsException'{0x000000008bf9e950}> (0x000000008bf9e950) thrown at [src/hotspot/share/prims/jni.cpp, line 617]
Event: 259.517 Thread 0x00000181a09f2000 Exception <a 'sun/nio/fs/WindowsException'{0x0000000091b39b50}> (0x0000000091b39b50) thrown at [src/hotspot/share/prims/jni.cpp, line 617]
Event: 259.519 Thread 0x00000181a3384000 Exception <a 'sun/nio/fs/WindowsException'{0x0000000091b0cb68}> (0x0000000091b0cb68) thrown at [src/hotspot/share/prims/jni.cpp, line 617]
Event: 259.519 Thread 0x00000181a3384000 Exception <a 'sun/nio/fs/WindowsException'{0x0000000091b0cbf0}> (0x0000000091b0cbf0) thrown at [src/hotspot/share/prims/jni.cpp, line 617]
Event: 259.519 Thread 0x00000181a3384000 Exception <a 'sun/nio/fs/WindowsException'{0x0000000091b0e560}> (0x0000000091b0e560) thrown at [src/hotspot/share/prims/jni.cpp, line 617]
Event: 287.375 Thread 0x00000181a3384000 Exception <a 'sun/nio/fs/WindowsException'{0x0000000090050e50}> (0x0000000090050e50) thrown at [src/hotspot/share/prims/jni.cpp, line 617]
Event: 287.524 Thread 0x00000181a3384000 Exception <a 'sun/nio/fs/WindowsException'{0x000000008f617ee0}> (0x000000008f617ee0) thrown at [src/hotspot/share/prims/jni.cpp, line 617]
Event: 287.529 Thread 0x00000181a3384000 Exception <a 'sun/nio/fs/WindowsException'{0x000000008f6b5058}> (0x000000008f6b5058) thrown at [src/hotspot/share/prims/jni.cpp, line 617]
Event: 287.530 Thread 0x00000181a3384000 Exception <a 'sun/nio/fs/WindowsException'{0x000000008f6b63e0}> (0x000000008f6b63e0) thrown at [src/hotspot/share/prims/jni.cpp, line 617]
Event: 287.530 Thread 0x00000181a3384000 Exception <a 'sun/nio/fs/WindowsException'{0x000000008f6b77b8}> (0x000000008f6b77b8) thrown at [src/hotspot/share/prims/jni.cpp, line 617]
Event: 287.530 Thread 0x00000181a3384000 Exception <a 'sun/nio/fs/WindowsException'{0x000000008f6b8b90}> (0x000000008f6b8b90) thrown at [src/hotspot/share/prims/jni.cpp, line 617]
Event: 287.597 Thread 0x00000181a3384000 Exception <a 'sun/nio/fs/WindowsException'{0x000000008f031a70}> (0x000000008f031a70) thrown at [src/hotspot/share/prims/jni.cpp, line 617]

Events (20 events):
Event: 287.605 Thread 0x00000181a2557000 Thread added: 0x00000181a2557000
Event: 287.606 Thread 0x00000181a2551800 Thread added: 0x00000181a2551800
Event: 287.606 Thread 0x00000181a2553000 Thread added: 0x00000181a2553000
Event: 287.607 Thread 0x000001819e67a000 Thread added: 0x000001819e67a000
Event: 287.630 Executing VM operation: RevokeBias
Event: 287.630 Executing VM operation: RevokeBias done
Event: 287.630 Executing VM operation: RevokeBias
Event: 287.630 Executing VM operation: RevokeBias done
Event: 287.654 Executing VM operation: RevokeBias
Event: 287.654 Executing VM operation: RevokeBias done
Event: 287.661 Executing VM operation: RevokeBias
Event: 287.661 Executing VM operation: RevokeBias done
Event: 287.662 Executing VM operation: RevokeBias
Event: 287.663 Executing VM operation: RevokeBias done
Event: 287.776 Executing VM operation: RevokeBias
Event: 287.776 Executing VM operation: RevokeBias done
Event: 287.914 Executing VM operation: RevokeBias
Event: 287.914 Executing VM operation: RevokeBias done
Event: 287.960 Executing VM operation: G1CollectForAllocation
Event: 287.997 Executing VM operation: G1CollectForAllocation done


Dynamic libraries:
0x00007ff6523b0000 - 0x00007ff6523ba000 	C:\Program Files\Android\Android Studio\jbr\bin\java.exe
0x00007ff926e10000 - 0x00007ff927008000 	C:\Windows\SYSTEM32\ntdll.dll
0x00007ff925830000 - 0x00007ff9258ef000 	C:\Windows\System32\KERNEL32.DLL
0x00007ff924740000 - 0x00007ff924a12000 	C:\Windows\System32\KERNELBASE.dll
0x00007ff921e00000 - 0x00007ff921e91000 	C:\Windows\SYSTEM32\apphelp.dll
0x00007ff924d20000 - 0x00007ff924e20000 	C:\Windows\System32\ucrtbase.dll
0x00007ff90dbe0000 - 0x00007ff90dbf7000 	C:\Program Files\Android\Android Studio\jbr\bin\jli.dll
0x00007ff90b3a0000 - 0x00007ff90b3bb000 	C:\Program Files\Android\Android Studio\jbr\bin\VCRUNTIME140.dll
0x00007ff925ee0000 - 0x00007ff926081000 	C:\Windows\System32\USER32.dll
0x00007ff924600000 - 0x00007ff924622000 	C:\Windows\System32\win32u.dll
0x00007ff915750000 - 0x00007ff9159ea000 	C:\Windows\WinSxS\amd64_microsoft.windows.common-controls_6595b64144ccf1df_6.0.19041.1110_none_60b5254171f9507e\COMCTL32.dll
0x00007ff926b30000 - 0x00007ff926bce000 	C:\Windows\System32\msvcrt.dll
0x00007ff926c80000 - 0x00007ff926cab000 	C:\Windows\System32\GDI32.dll
0x00007ff924630000 - 0x00007ff92473f000 	C:\Windows\System32\gdi32full.dll
0x00007ff924bd0000 - 0x00007ff924c6d000 	C:\Windows\System32\msvcp_win.dll
0x00007ff9268e0000 - 0x00007ff926912000 	C:\Windows\System32\IMM32.DLL
0x00007ff90aa60000 - 0x00007ff90aa6c000 	C:\Program Files\Android\Android Studio\jbr\bin\vcruntime140_1.dll
0x00007ff901b40000 - 0x00007ff901bcd000 	C:\Program Files\Android\Android Studio\jbr\bin\msvcp140.dll
0x00007ff8d1720000 - 0x00007ff8d22dc000 	C:\Program Files\Android\Android Studio\jbr\bin\server\jvm.dll
0x00007ff926780000 - 0x00007ff92682e000 	C:\Windows\System32\ADVAPI32.dll
0x00007ff926840000 - 0x00007ff9268dc000 	C:\Windows\System32\sechost.dll
0x00007ff925d30000 - 0x00007ff925e55000 	C:\Windows\System32\RPCRT4.dll
0x00007ff9255a0000 - 0x00007ff9255a8000 	C:\Windows\System32\PSAPI.DLL
0x00007ff918620000 - 0x00007ff918647000 	C:\Windows\SYSTEM32\WINMM.dll
0x00007ff91fc70000 - 0x00007ff91fc79000 	C:\Windows\SYSTEM32\WSOCK32.dll
0x00007ff926710000 - 0x00007ff92677b000 	C:\Windows\System32\WS2_32.dll
0x00007ff91e1f0000 - 0x00007ff91e1fa000 	C:\Windows\SYSTEM32\VERSION.dll
0x00007ff9223e0000 - 0x00007ff9223f2000 	C:\Windows\SYSTEM32\kernel.appcore.dll
0x00007ff91e270000 - 0x00007ff91e280000 	C:\Program Files\Android\Android Studio\jbr\bin\verify.dll
0x00007ff914b90000 - 0x00007ff914d74000 	C:\Windows\SYSTEM32\DBGHELP.DLL
0x00007ff914aa0000 - 0x00007ff914ad5000 	C:\Windows\SYSTEM32\dbgcore.DLL
0x00007ff924570000 - 0x00007ff9245f2000 	C:\Windows\System32\bcryptPrimitives.dll
0x00007ff9159f0000 - 0x00007ff915a18000 	C:\Program Files\Android\Android Studio\jbr\bin\java.dll
0x00007ff91e260000 - 0x00007ff91e26a000 	C:\Program Files\Android\Android Studio\jbr\bin\jimage.dll
0x00007ff913640000 - 0x00007ff913658000 	C:\Program Files\Android\Android Studio\jbr\bin\zip.dll
0x00007ff924e50000 - 0x00007ff925594000 	C:\Windows\System32\SHELL32.dll
0x00007ff9225e0000 - 0x00007ff922d72000 	C:\Windows\SYSTEM32\windows.storage.dll
0x00007ff9258f0000 - 0x00007ff925c45000 	C:\Windows\System32\combase.dll
0x00007ff923f60000 - 0x00007ff923f90000 	C:\Windows\SYSTEM32\Wldp.dll
0x00007ff926bd0000 - 0x00007ff926c7d000 	C:\Windows\System32\SHCORE.dll
0x00007ff9255b0000 - 0x00007ff925605000 	C:\Windows\System32\shlwapi.dll
0x00007ff924440000 - 0x00007ff92445f000 	C:\Windows\SYSTEM32\profapi.dll
0x00007ff9111c0000 - 0x00007ff9111d9000 	C:\Program Files\Android\Android Studio\jbr\bin\net.dll
0x00007ff91cf30000 - 0x00007ff91d03c000 	C:\Windows\SYSTEM32\WINHTTP.dll
0x00007ff923cc0000 - 0x00007ff923d2a000 	C:\Windows\system32\mswsock.dll
0x00007ff90bcb0000 - 0x00007ff90bcc3000 	C:\Program Files\Android\Android Studio\jbr\bin\nio.dll
0x00007ff90a940000 - 0x00007ff90a967000 	C:\Users\Albatross\.gradle\native\e1d6ef7f7dcc3fd88c89a11ec53ec762bb8ba0a96d01ffa2cd45eb1d1d8dd5c5\windows-amd64\native-platform.dll
0x00007ff900940000 - 0x00007ff900a84000 	C:\Users\Albatross\.gradle\native\0d407fdbe67a94daf76414ababcb853783967236a71b16ec16e742cd7a986fd3\windows-amd64\native-platform-file-events.dll
0x00007ff911280000 - 0x00007ff91128a000 	C:\Program Files\Android\Android Studio\jbr\bin\management.dll
0x00007ff9106c0000 - 0x00007ff9106cb000 	C:\Program Files\Android\Android Studio\jbr\bin\management_ext.dll
0x00007ff923ec0000 - 0x00007ff923ed8000 	C:\Windows\SYSTEM32\CRYPTSP.dll
0x00007ff923500000 - 0x00007ff923534000 	C:\Windows\system32\rsaenh.dll
0x00007ff924e20000 - 0x00007ff924e47000 	C:\Windows\System32\bcrypt.dll
0x00007ff924400000 - 0x00007ff92442e000 	C:\Windows\SYSTEM32\USERENV.dll
0x00007ff923eb0000 - 0x00007ff923ebc000 	C:\Windows\SYSTEM32\CRYPTBASE.dll
0x00007ff923960000 - 0x00007ff92399b000 	C:\Windows\SYSTEM32\IPHLPAPI.DLL
0x00007ff926830000 - 0x00007ff926838000 	C:\Windows\System32\NSI.dll
0x00007ff91e240000 - 0x00007ff91e257000 	C:\Windows\SYSTEM32\dhcpcsvc6.DLL
0x00007ff91e220000 - 0x00007ff91e23d000 	C:\Windows\SYSTEM32\dhcpcsvc.DLL
0x00007ff9239b0000 - 0x00007ff923a7a000 	C:\Windows\SYSTEM32\DNSAPI.dll
0x00007ff923620000 - 0x00007ff923653000 	C:\Windows\SYSTEM32\ntmarta.dll
0x00007ff904fe0000 - 0x00007ff904ffe000 	C:\Users\Albatross\AppData\Local\Temp\native-platform17583656337907747218dir\native-platform.dll
0x00007ff9074a0000 - 0x00007ff9074a7000 	C:\Program Files\Android\Android Studio\jbr\bin\rmi.dll
0x00007ff90b3f0000 - 0x00007ff90b417000 	C:\Program Files\Android\Android Studio\jbr\bin\sunec.dll

dbghelp: loaded successfully - version: 4.0.5 - missing functions: none
symbol engine: initialized successfully - sym options: 0x614 - pdb path: .;C:\Program Files\Android\Android Studio\jbr\bin;C:\Windows\SYSTEM32;C:\Windows\WinSxS\amd64_microsoft.windows.common-controls_6595b64144ccf1df_6.0.19041.1110_none_60b5254171f9507e;C:\Program Files\Android\Android Studio\jbr\bin\server;C:\Users\Albatross\.gradle\native\e1d6ef7f7dcc3fd88c89a11ec53ec762bb8ba0a96d01ffa2cd45eb1d1d8dd5c5\windows-amd64;C:\Users\Albatross\.gradle\native\0d407fdbe67a94daf76414ababcb853783967236a71b16ec16e742cd7a986fd3\windows-amd64;C:\Users\Albatross\AppData\Local\Temp\native-platform17583656337907747218dir

VM Arguments:
jvm_args: --add-opens=java.base/java.util=ALL-UNNAMED --add-opens=java.base/java.lang=ALL-UNNAMED --add-opens=java.base/java.lang.invoke=ALL-UNNAMED --add-opens=java.base/java.util=ALL-UNNAMED --add-opens=java.prefs/java.util.prefs=ALL-UNNAMED --add-opens=java.prefs/java.util.prefs=ALL-UNNAMED --add-opens=java.base/java.nio.charset=ALL-UNNAMED --add-opens=java.base/java.net=ALL-UNNAMED --add-opens=java.base/java.util.concurrent.atomic=ALL-UNNAMED -Xmx2048m -Dfile.encoding=UTF-8 -Duser.country=RU -Duser.language=ru -Duser.variant 
java_command: org.gradle.launcher.daemon.bootstrap.GradleDaemon 7.5
java_class_path (initial): C:\Users\Albatross\.gradle\wrapper\dists\gradle-7.5-bin\f1w0cc9nuo0eivz97x2xlu9sv\gradle-7.5\lib\gradle-launcher-7.5.jar
Launcher Type: SUN_STANDARD

[Global flags]
     intx CICompilerCount                          = 3                                         {product} {ergonomic}
     uint ConcGCThreads                            = 1                                         {product} {ergonomic}
     uint G1ConcRefinementThreads                  = 4                                         {product} {ergonomic}
   size_t G1HeapRegionSize                         = 1048576                                   {product} {ergonomic}
    uintx GCDrainStackTargetSize                   = 64                                        {product} {ergonomic}
   size_t InitialHeapSize                          = 268435456                                 {product} {ergonomic}
   size_t MarkStackSize                            = 4194304                                   {product} {ergonomic}
   size_t MaxHeapSize                              = 2147483648                                {product} {command line}
   size_t MaxNewSize                               = 1287651328                                {product} {ergonomic}
   size_t MinHeapDeltaBytes                        = 1048576                                   {product} {ergonomic}
    uintx NonNMethodCodeHeapSize                   = 5830732                                {pd product} {ergonomic}
    uintx NonProfiledCodeHeapSize                  = 122913754                              {pd product} {ergonomic}
    uintx ProfiledCodeHeapSize                     = 122913754                              {pd product} {ergonomic}
    uintx ReservedCodeCacheSize                    = 251658240                              {pd product} {ergonomic}
     bool SegmentedCodeCache                       = true                                      {product} {ergonomic}
     bool UseCompressedClassPointers               = true                                 {lp64_product} {ergonomic}
     bool UseCompressedOops                        = true                                 {lp64_product} {ergonomic}
     bool UseG1GC                                  = true                                      {product} {ergonomic}
     bool UseLargePagesIndividualAllocation        = false                                  {pd product} {ergonomic}

Logging:
Log output configuration:
 #0: stdout all=warning uptime,level,tags
 #1: stderr all=off uptime,level,tags

Environment Variables:
PATH=C:\Program Files\Common Files\Oracle\Java\javapath;C:\Program Files (x86)\Intel\iCLS Client\;C:\Program Files\Intel\iCLS Client\;C:\Windows\system32;C:\Windows;C:\Windows\System32\Wbem;C:\Windows\System32\WindowsPowerShell\v1.0\;C:\Windows\System32\OpenSSH\;C:\Program Files\Intel\Intel(R) Management Engine Components\DAL;C:\Program Files\Intel\Intel(R) Management Engine Components\IPT;C:\Program Files (x86)\Intel\Intel(R) Management Engine Components\DAL;C:\Program Files (x86)\Intel\Intel(R) Management Engine Components\IPT;C:\Program Files (x86)\NVIDIA Corporation\PhysX\Common;C:\Program Files (x86)\dotnet\;C:\Program Files\Git\cmd;C:\Users\Albatross\AppData\Local\Microsoft\WindowsApps;
USERNAME=Albatross
OS=Windows_NT
PROCESSOR_IDENTIFIER=Intel64 Family 6 Model 58 Stepping 9, GenuineIntel



---------------  S Y S T E M  ---------------

OS: Windows 10 , 64 bit Build 19041 (10.0.19041.2364)
OS uptime: 4 days 14:31 hours

CPU:total 4 (initial active 4) (4 cores per cpu, 1 threads per core) family 6 model 58 stepping 9 microcode 0x21, cmov, cx8, fxsr, mmx, sse, sse2, sse3, ssse3, sse4.1, sse4.2, popcnt, avx, aes, clmul, erms, tsc, tscinvbit, tscinv

Memory: 4k page, system-wide physical 16345M (5943M free)
TotalPageFile size 18777M (AvailPageFile size 7847M)
current process WorkingSet (physical memory assigned to process): 654M, peak: 678M
current process commit charge ("private bytes"): 682M, peak: 706M

vm_info: OpenJDK 64-Bit Server VM (11.0.15+0-b2043.56-9505619) for windows-amd64 JRE (11.0.15+0-b2043.56-9505619), built on Jan 19 2023 02:48:00 by "builduser" with unknown MS VC++:1929

END.
